[2025-03-27T14:27:00.805+0000] {local_task_job_runner.py:123} INFO - ::group::Pre task execution logs
[2025-03-27T14:27:00.878+0000] {taskinstance.py:2612} INFO - Dependencies all met for dep_context=non-requeueable deps ti=<TaskInstance: get_inaturalist_data_atropelamento.get_all_data manual__2025-03-27T14:26:58.771306+00:00 [queued]>
[2025-03-27T14:27:00.883+0000] {taskinstance.py:2612} INFO - Dependencies all met for dep_context=requeueable deps ti=<TaskInstance: get_inaturalist_data_atropelamento.get_all_data manual__2025-03-27T14:26:58.771306+00:00 [queued]>
[2025-03-27T14:27:00.884+0000] {taskinstance.py:2865} INFO - Starting attempt 1 of 4
[2025-03-27T14:27:00.892+0000] {taskinstance.py:2888} INFO - Executing <Task(_PythonDecoratedOperator): get_all_data> on 2025-03-27 14:26:58.771306+00:00
[2025-03-27T14:27:00.902+0000] {standard_task_runner.py:104} INFO - Running: ['***', 'tasks', 'run', 'get_inaturalist_data_atropelamento', 'get_all_data', 'manual__2025-03-27T14:26:58.771306+00:00', '--job-id', '24', '--raw', '--subdir', 'DAGS_FOLDER/inaturalist_dag.py', '--cfg-path', '/tmp/tmpz24f__2t']
[2025-03-27T14:27:00.905+0000] {standard_task_runner.py:105} INFO - Job 24: Subtask get_all_data
[2025-03-27T14:27:00.904+0000] {warnings.py:112} WARNING - /home/***/.local/lib/python3.12/site-packages/***/task/task_runner/standard_task_runner.py:70: DeprecationWarning: This process (pid=250) is multi-threaded, use of fork() may lead to deadlocks in the child.
  pid = os.fork()

[2025-03-27T14:27:00.905+0000] {standard_task_runner.py:72} INFO - Started process 252 to run task
[2025-03-27T14:27:00.983+0000] {task_command.py:467} INFO - Running <TaskInstance: get_inaturalist_data_atropelamento.get_all_data manual__2025-03-27T14:26:58.771306+00:00 [running]> on host f05f38f172ca
[2025-03-27T14:27:09.946+0000] {taskinstance.py:3131} INFO - Exporting env vars: AIRFLOW_CTX_DAG_OWNER='***' AIRFLOW_CTX_DAG_ID='get_inaturalist_data_atropelamento' AIRFLOW_CTX_TASK_ID='get_all_data' AIRFLOW_CTX_EXECUTION_DATE='2025-03-27T14:26:58.771306+00:00' AIRFLOW_CTX_TRY_NUMBER='1' AIRFLOW_CTX_DAG_RUN_ID='manual__2025-03-27T14:26:58.771306+00:00'
[2025-03-27T14:27:09.988+0000] {taskinstance.py:731} INFO - ::endgroup::
[2025-03-27T14:27:10.006+0000] {inaturalist_dag.py:150} INFO - Getting data from keyword: atropelamento
[2025-03-27T14:27:10.037+0000] {inaturalist_dag.py:41} INFO - Maximum id 264497584 for the request
[2025-03-27T14:27:11.060+0000] {inaturalist_dag.py:58} INFO - Got 0 results
[2025-03-27T14:27:11.086+0000] {inaturalist_dag.py:158} INFO - No more observations found, stopping.
[2025-03-27T14:27:11.129+0000] {crypto.py:82} WARNING - empty cryptography key - values will not be stored encrypted.
[2025-03-27T14:27:11.149+0000] {python.py:240} INFO - Done. Returned value was: []
[2025-03-27T14:27:11.267+0000] {taskinstance.py:340} INFO - ::group::Post task execution logs
[2025-03-27T14:27:11.275+0000] {taskinstance.py:352} INFO - Marking task as SUCCESS. dag_id=get_inaturalist_data_atropelamento, task_id=get_all_data, run_id=manual__2025-03-27T14:26:58.771306+00:00, execution_date=20250327T142658, start_date=20250327T142700, end_date=20250327T142711
[2025-03-27T14:27:11.385+0000] {local_task_job_runner.py:266} INFO - Task exited with return code 0
[2025-03-27T14:27:11.497+0000] {taskinstance.py:3900} INFO - 1 downstream tasks scheduled from follow-on schedule check
[2025-03-27T14:27:11.500+0000] {local_task_job_runner.py:245} INFO - ::endgroup::
