[2025-03-26T00:03:55.000+0000] {local_task_job_runner.py:123} INFO - ::group::Pre task execution logs
[2025-03-26T00:03:55.052+0000] {taskinstance.py:2612} INFO - Dependencies all met for dep_context=non-requeueable deps ti=<TaskInstance: get_inaturalist_data_roadkill.get_all_data scheduled__2025-03-25T23:30:00+00:00 [queued]>
[2025-03-26T00:03:55.116+0000] {taskinstance.py:2612} INFO - Dependencies all met for dep_context=requeueable deps ti=<TaskInstance: get_inaturalist_data_roadkill.get_all_data scheduled__2025-03-25T23:30:00+00:00 [queued]>
[2025-03-26T00:03:55.118+0000] {taskinstance.py:2865} INFO - Starting attempt 2 of 4
[2025-03-26T00:03:55.190+0000] {taskinstance.py:2888} INFO - Executing <Task(_PythonDecoratedOperator): get_all_data> on 2025-03-25 23:30:00+00:00
[2025-03-26T00:03:55.204+0000] {warnings.py:112} WARNING - /home/***/.local/lib/python3.12/site-packages/***/task/task_runner/standard_task_runner.py:70: DeprecationWarning: This process (pid=565) is multi-threaded, use of fork() may lead to deadlocks in the child.
  pid = os.fork()

[2025-03-26T00:03:55.208+0000] {standard_task_runner.py:104} INFO - Running: ['***', 'tasks', 'run', 'get_inaturalist_data_roadkill', 'get_all_data', 'scheduled__2025-03-25T23:30:00+00:00', '--job-id', '156', '--raw', '--subdir', 'DAGS_FOLDER/inaturalist_dag.py', '--cfg-path', '/tmp/tmpc5upnxt4']
[2025-03-26T00:03:55.209+0000] {standard_task_runner.py:72} INFO - Started process 567 to run task
[2025-03-26T00:03:55.213+0000] {standard_task_runner.py:105} INFO - Job 156: Subtask get_all_data
[2025-03-26T00:03:55.451+0000] {task_command.py:467} INFO - Running <TaskInstance: get_inaturalist_data_roadkill.get_all_data scheduled__2025-03-25T23:30:00+00:00 [running]> on host d76bf457b908
[2025-03-26T00:03:55.703+0000] {taskinstance.py:3131} INFO - Exporting env vars: AIRFLOW_CTX_DAG_OWNER='***' AIRFLOW_CTX_DAG_ID='get_inaturalist_data_roadkill' AIRFLOW_CTX_TASK_ID='get_all_data' AIRFLOW_CTX_EXECUTION_DATE='2025-03-25T23:30:00+00:00' AIRFLOW_CTX_TRY_NUMBER='2' AIRFLOW_CTX_DAG_RUN_ID='scheduled__2025-03-25T23:30:00+00:00'
[2025-03-26T00:03:55.720+0000] {taskinstance.py:731} INFO - ::endgroup::
[2025-03-26T00:03:55.735+0000] {inaturalist_dag.py:150} INFO - Getting data from keyword: roadkill
[2025-03-26T00:03:55.782+0000] {inaturalist_dag.py:41} INFO - Maximum id 237708840 for the request
[2025-03-26T00:03:58.008+0000] {inaturalist_dag.py:58} INFO - Got 200 results
[2025-03-26T00:03:58.164+0000] {inaturalist_dag.py:163} INFO - Extracted 200 observations
[2025-03-26T00:03:58.165+0000] {inaturalist_dag.py:41} INFO - Maximum id 240327371 for the request
[2025-03-26T00:04:04.970+0000] {inaturalist_dag.py:58} INFO - Got 200 results
[2025-03-26T00:04:05.006+0000] {inaturalist_dag.py:163} INFO - Extracted 400 observations
[2025-03-26T00:04:05.007+0000] {inaturalist_dag.py:41} INFO - Maximum id 242838806 for the request
[2025-03-26T00:04:12.231+0000] {inaturalist_dag.py:58} INFO - Got 200 results
[2025-03-26T00:04:12.249+0000] {inaturalist_dag.py:163} INFO - Extracted 600 observations
[2025-03-26T00:04:12.251+0000] {inaturalist_dag.py:41} INFO - Maximum id 244605246 for the request
[2025-03-26T00:04:19.533+0000] {inaturalist_dag.py:58} INFO - Got 200 results
[2025-03-26T00:04:19.577+0000] {inaturalist_dag.py:163} INFO - Extracted 800 observations
[2025-03-26T00:04:19.578+0000] {inaturalist_dag.py:41} INFO - Maximum id 246765481 for the request
[2025-03-26T00:04:25.441+0000] {inaturalist_dag.py:58} INFO - Got 200 results
[2025-03-26T00:04:25.507+0000] {inaturalist_dag.py:163} INFO - Extracted 1000 observations
[2025-03-26T00:04:25.509+0000] {inaturalist_dag.py:41} INFO - Maximum id 248765299 for the request
[2025-03-26T00:04:31.680+0000] {inaturalist_dag.py:58} INFO - Got 200 results
[2025-03-26T00:04:31.705+0000] {inaturalist_dag.py:163} INFO - Extracted 1200 observations
[2025-03-26T00:04:31.706+0000] {inaturalist_dag.py:41} INFO - Maximum id 250760330 for the request
[2025-03-26T00:04:38.206+0000] {inaturalist_dag.py:58} INFO - Got 200 results
[2025-03-26T00:04:38.419+0000] {inaturalist_dag.py:163} INFO - Extracted 1400 observations
[2025-03-26T00:04:38.422+0000] {inaturalist_dag.py:41} INFO - Maximum id 252689474 for the request
[2025-03-26T00:04:44.284+0000] {inaturalist_dag.py:58} INFO - Got 200 results
[2025-03-26T00:04:44.382+0000] {inaturalist_dag.py:163} INFO - Extracted 1600 observations
[2025-03-26T00:04:44.384+0000] {inaturalist_dag.py:41} INFO - Maximum id 254415638 for the request
[2025-03-26T00:04:49.718+0000] {inaturalist_dag.py:58} INFO - Got 200 results
[2025-03-26T00:04:49.803+0000] {inaturalist_dag.py:163} INFO - Extracted 1800 observations
[2025-03-26T00:04:49.805+0000] {inaturalist_dag.py:41} INFO - Maximum id 255445998 for the request
[2025-03-26T00:04:53.095+0000] {inaturalist_dag.py:58} INFO - Got 200 results
[2025-03-26T00:04:53.138+0000] {inaturalist_dag.py:163} INFO - Extracted 2000 observations
[2025-03-26T00:04:53.140+0000] {inaturalist_dag.py:41} INFO - Maximum id 255638246 for the request
[2025-03-26T00:04:59.938+0000] {inaturalist_dag.py:58} INFO - Got 200 results
[2025-03-26T00:05:00.066+0000] {inaturalist_dag.py:163} INFO - Extracted 2200 observations
[2025-03-26T00:05:00.071+0000] {inaturalist_dag.py:41} INFO - Maximum id 256419741 for the request
[2025-03-26T00:05:04.978+0000] {inaturalist_dag.py:58} INFO - Got 200 results
[2025-03-26T00:05:05.051+0000] {inaturalist_dag.py:163} INFO - Extracted 2400 observations
[2025-03-26T00:05:05.056+0000] {inaturalist_dag.py:41} INFO - Maximum id 257066696 for the request
[2025-03-26T00:05:09.927+0000] {inaturalist_dag.py:58} INFO - Got 200 results
[2025-03-26T00:05:10.039+0000] {inaturalist_dag.py:163} INFO - Extracted 2600 observations
[2025-03-26T00:05:10.040+0000] {inaturalist_dag.py:41} INFO - Maximum id 257738352 for the request
[2025-03-26T00:05:16.171+0000] {inaturalist_dag.py:58} INFO - Got 200 results
[2025-03-26T00:05:16.243+0000] {inaturalist_dag.py:163} INFO - Extracted 2800 observations
[2025-03-26T00:05:16.246+0000] {inaturalist_dag.py:41} INFO - Maximum id 258485573 for the request
