[2025-03-27T18:27:03.721+0000] {local_task_job_runner.py:123} INFO - ::group::Pre task execution logs
[2025-03-27T18:27:03.865+0000] {taskinstance.py:2612} INFO - Dependencies all met for dep_context=non-requeueable deps ti=<TaskInstance: get_inaturalist_data_atropelada.get_all_data manual__2025-03-27T18:26:55.611656+00:00 [queued]>
[2025-03-27T18:27:03.902+0000] {taskinstance.py:2612} INFO - Dependencies all met for dep_context=requeueable deps ti=<TaskInstance: get_inaturalist_data_atropelada.get_all_data manual__2025-03-27T18:26:55.611656+00:00 [queued]>
[2025-03-27T18:27:03.905+0000] {taskinstance.py:2865} INFO - Starting attempt 1 of 4
[2025-03-27T18:27:04.041+0000] {taskinstance.py:2888} INFO - Executing <Task(_PythonDecoratedOperator): get_all_data> on 2025-03-27 18:26:55.611656+00:00
[2025-03-27T18:27:04.093+0000] {warnings.py:112} WARNING - /home/***/.local/lib/python3.12/site-packages/***/task/task_runner/standard_task_runner.py:70: DeprecationWarning: This process (pid=1100) is multi-threaded, use of fork() may lead to deadlocks in the child.
  pid = os.fork()

[2025-03-27T18:27:04.105+0000] {standard_task_runner.py:72} INFO - Started process 1106 to run task
[2025-03-27T18:27:04.104+0000] {standard_task_runner.py:104} INFO - Running: ['***', 'tasks', 'run', 'get_inaturalist_data_atropelada', 'get_all_data', 'manual__2025-03-27T18:26:55.611656+00:00', '--job-id', '215', '--raw', '--subdir', 'DAGS_FOLDER/inaturalist_dag.py', '--cfg-path', '/tmp/tmpk6bbfyh3']
[2025-03-27T18:27:04.125+0000] {standard_task_runner.py:105} INFO - Job 215: Subtask get_all_data
[2025-03-27T18:27:04.388+0000] {task_command.py:467} INFO - Running <TaskInstance: get_inaturalist_data_atropelada.get_all_data manual__2025-03-27T18:26:55.611656+00:00 [running]> on host 804b404afff8
[2025-03-27T18:27:04.795+0000] {taskinstance.py:3131} INFO - Exporting env vars: AIRFLOW_CTX_DAG_OWNER='***' AIRFLOW_CTX_DAG_ID='get_inaturalist_data_atropelada' AIRFLOW_CTX_TASK_ID='get_all_data' AIRFLOW_CTX_EXECUTION_DATE='2025-03-27T18:26:55.611656+00:00' AIRFLOW_CTX_TRY_NUMBER='1' AIRFLOW_CTX_DAG_RUN_ID='manual__2025-03-27T18:26:55.611656+00:00'
[2025-03-27T18:27:04.810+0000] {taskinstance.py:731} INFO - ::endgroup::
[2025-03-27T18:27:05.159+0000] {inaturalist_dag.py:301} INFO - Maximum id 266353661 for the request
[2025-03-27T18:27:06.383+0000] {inaturalist_dag.py:317} INFO - Got 0 results
[2025-03-27T18:27:06.743+0000] {crypto.py:82} WARNING - empty cryptography key - values will not be stored encrypted.
[2025-03-27T18:27:06.842+0000] {python.py:240} INFO - Done. Returned value was: []
[2025-03-27T18:27:07.673+0000] {taskinstance.py:340} INFO - ::group::Post task execution logs
[2025-03-27T18:27:07.708+0000] {taskinstance.py:352} INFO - Marking task as SUCCESS. dag_id=get_inaturalist_data_atropelada, task_id=get_all_data, run_id=manual__2025-03-27T18:26:55.611656+00:00, execution_date=20250327T182655, start_date=20250327T182703, end_date=20250327T182707
[2025-03-27T18:27:08.196+0000] {local_task_job_runner.py:266} INFO - Task exited with return code 0
[2025-03-27T18:27:08.775+0000] {local_task_job_runner.py:245} INFO - ::endgroup::
[2025-03-27T18:27:09.156+0000] {standard_task_runner.py:217} INFO - Process not found (most likely exited), stop collecting metrics
