[2025-03-27T12:42:56.097+0000] {local_task_job_runner.py:123} INFO - ::group::Pre task execution logs
[2025-03-27T12:42:56.123+0000] {taskinstance.py:2612} INFO - Dependencies all met for dep_context=non-requeueable deps ti=<TaskInstance: get_inaturalist_data_atropelada.get_all_data scheduled__2025-03-27T12:00:00+00:00 [queued]>
[2025-03-27T12:42:56.133+0000] {taskinstance.py:2612} INFO - Dependencies all met for dep_context=requeueable deps ti=<TaskInstance: get_inaturalist_data_atropelada.get_all_data scheduled__2025-03-27T12:00:00+00:00 [queued]>
[2025-03-27T12:42:56.133+0000] {taskinstance.py:2865} INFO - Starting attempt 1 of 4
[2025-03-27T12:42:56.149+0000] {taskinstance.py:2888} INFO - Executing <Task(_PythonDecoratedOperator): get_all_data> on 2025-03-27 12:00:00+00:00
[2025-03-27T12:42:56.155+0000] {warnings.py:112} WARNING - /home/***/.local/lib/python3.12/site-packages/***/task/task_runner/standard_task_runner.py:70: DeprecationWarning: This process (pid=56) is multi-threaded, use of fork() may lead to deadlocks in the child.
  pid = os.fork()

[2025-03-27T12:42:56.158+0000] {standard_task_runner.py:72} INFO - Started process 71 to run task
[2025-03-27T12:42:56.158+0000] {standard_task_runner.py:104} INFO - Running: ['***', 'tasks', 'run', 'get_inaturalist_data_atropelada', 'get_all_data', 'scheduled__2025-03-27T12:00:00+00:00', '--job-id', '52', '--raw', '--subdir', 'DAGS_FOLDER/inaturalist_dag.py', '--cfg-path', '/tmp/tmp32csqkd6']
[2025-03-27T12:42:56.163+0000] {standard_task_runner.py:105} INFO - Job 52: Subtask get_all_data
[2025-03-27T12:42:56.256+0000] {task_command.py:467} INFO - Running <TaskInstance: get_inaturalist_data_atropelada.get_all_data scheduled__2025-03-27T12:00:00+00:00 [running]> on host 2dfc7d159e9f
[2025-03-27T12:42:56.359+0000] {taskinstance.py:3131} INFO - Exporting env vars: AIRFLOW_CTX_DAG_OWNER='***' AIRFLOW_CTX_DAG_ID='get_inaturalist_data_atropelada' AIRFLOW_CTX_TASK_ID='get_all_data' AIRFLOW_CTX_EXECUTION_DATE='2025-03-27T12:00:00+00:00' AIRFLOW_CTX_TRY_NUMBER='1' AIRFLOW_CTX_DAG_RUN_ID='scheduled__2025-03-27T12:00:00+00:00'
[2025-03-27T12:42:56.361+0000] {taskinstance.py:731} INFO - ::endgroup::
[2025-03-27T12:42:56.367+0000] {inaturalist_dag.py:150} INFO - Getting data from keyword: atropelada
[2025-03-27T12:42:56.382+0000] {inaturalist_dag.py:41} INFO - Maximum id 266353661 for the request
[2025-03-27T12:42:57.473+0000] {inaturalist_dag.py:58} INFO - Got 0 results
[2025-03-27T12:42:57.478+0000] {inaturalist_dag.py:158} INFO - No more observations found, stopping.
[2025-03-27T12:42:57.495+0000] {crypto.py:82} WARNING - empty cryptography key - values will not be stored encrypted.
[2025-03-27T12:42:57.504+0000] {python.py:240} INFO - Done. Returned value was: []
[2025-03-27T12:42:57.535+0000] {taskinstance.py:340} INFO - ::group::Post task execution logs
[2025-03-27T12:42:57.536+0000] {taskinstance.py:352} INFO - Marking task as SUCCESS. dag_id=get_inaturalist_data_atropelada, task_id=get_all_data, run_id=scheduled__2025-03-27T12:00:00+00:00, execution_date=20250327T120000, start_date=20250327T124256, end_date=20250327T124257
[2025-03-27T12:42:57.560+0000] {local_task_job_runner.py:266} INFO - Task exited with return code 0
[2025-03-27T12:42:57.591+0000] {taskinstance.py:3900} INFO - 1 downstream tasks scheduled from follow-on schedule check
[2025-03-27T12:42:57.592+0000] {local_task_job_runner.py:245} INFO - ::endgroup::
