[2025-03-26T00:37:52.669+0000] {local_task_job_runner.py:123} INFO - ::group::Pre task execution logs
[2025-03-26T00:37:52.710+0000] {taskinstance.py:2612} INFO - Dependencies all met for dep_context=non-requeueable deps ti=<TaskInstance: get_inaturalist_data_roadkill.get_all_data scheduled__2025-03-26T00:00:00+00:00 [queued]>
[2025-03-26T00:37:52.726+0000] {taskinstance.py:2612} INFO - Dependencies all met for dep_context=requeueable deps ti=<TaskInstance: get_inaturalist_data_roadkill.get_all_data scheduled__2025-03-26T00:00:00+00:00 [queued]>
[2025-03-26T00:37:52.726+0000] {taskinstance.py:2865} INFO - Starting attempt 1 of 4
[2025-03-26T00:37:52.756+0000] {taskinstance.py:2888} INFO - Executing <Task(_PythonDecoratedOperator): get_all_data> on 2025-03-26 00:00:00+00:00
[2025-03-26T00:37:52.793+0000] {warnings.py:112} WARNING - /home/***/.local/lib/python3.12/site-packages/***/task/task_runner/standard_task_runner.py:70: DeprecationWarning: This process (pid=286) is multi-threaded, use of fork() may lead to deadlocks in the child.
  pid = os.fork()

[2025-03-26T00:37:52.796+0000] {standard_task_runner.py:104} INFO - Running: ['***', 'tasks', 'run', 'get_inaturalist_data_roadkill', 'get_all_data', 'scheduled__2025-03-26T00:00:00+00:00', '--job-id', '171', '--raw', '--subdir', 'DAGS_FOLDER/inaturalist_dag.py', '--cfg-path', '/tmp/tmp1ah9rdw2']
[2025-03-26T00:37:52.801+0000] {standard_task_runner.py:105} INFO - Job 171: Subtask get_all_data
[2025-03-26T00:37:52.799+0000] {standard_task_runner.py:72} INFO - Started process 298 to run task
[2025-03-26T00:37:53.002+0000] {task_command.py:467} INFO - Running <TaskInstance: get_inaturalist_data_roadkill.get_all_data scheduled__2025-03-26T00:00:00+00:00 [running]> on host d76bf457b908
[2025-03-26T00:37:53.142+0000] {taskinstance.py:3131} INFO - Exporting env vars: AIRFLOW_CTX_DAG_OWNER='***' AIRFLOW_CTX_DAG_ID='get_inaturalist_data_roadkill' AIRFLOW_CTX_TASK_ID='get_all_data' AIRFLOW_CTX_EXECUTION_DATE='2025-03-26T00:00:00+00:00' AIRFLOW_CTX_TRY_NUMBER='1' AIRFLOW_CTX_DAG_RUN_ID='scheduled__2025-03-26T00:00:00+00:00'
[2025-03-26T00:37:53.146+0000] {taskinstance.py:731} INFO - ::endgroup::
[2025-03-26T00:37:53.160+0000] {inaturalist_dag.py:150} INFO - Getting data from keyword: roadkill
[2025-03-26T00:37:53.182+0000] {inaturalist_dag.py:41} INFO - Maximum id 266966817 for the request
[2025-03-26T00:37:54.281+0000] {inaturalist_dag.py:58} INFO - Got 0 results
[2025-03-26T00:37:54.291+0000] {inaturalist_dag.py:158} INFO - No more observations found, stopping.
[2025-03-26T00:37:54.327+0000] {crypto.py:82} WARNING - empty cryptography key - values will not be stored encrypted.
[2025-03-26T00:37:54.341+0000] {python.py:240} INFO - Done. Returned value was: []
[2025-03-26T00:37:54.394+0000] {taskinstance.py:340} INFO - ::group::Post task execution logs
[2025-03-26T00:37:54.395+0000] {taskinstance.py:352} INFO - Marking task as SUCCESS. dag_id=get_inaturalist_data_roadkill, task_id=get_all_data, run_id=scheduled__2025-03-26T00:00:00+00:00, execution_date=20250326T000000, start_date=20250326T003752, end_date=20250326T003754
[2025-03-26T00:37:54.485+0000] {local_task_job_runner.py:266} INFO - Task exited with return code 0
[2025-03-26T00:37:54.595+0000] {local_task_job_runner.py:245} INFO - ::endgroup::
