[2025-03-27T18:24:46.518+0000] {local_task_job_runner.py:123} INFO - ::group::Pre task execution logs
[2025-03-27T18:24:46.547+0000] {taskinstance.py:2612} INFO - Dependencies all met for dep_context=non-requeueable deps ti=<TaskInstance: get_inaturalist_data_atropelada.get_all_data manual__2025-03-27T18:24:42.131349+00:00 [queued]>
[2025-03-27T18:24:46.561+0000] {taskinstance.py:2612} INFO - Dependencies all met for dep_context=requeueable deps ti=<TaskInstance: get_inaturalist_data_atropelada.get_all_data manual__2025-03-27T18:24:42.131349+00:00 [queued]>
[2025-03-27T18:24:46.561+0000] {taskinstance.py:2865} INFO - Starting attempt 1 of 4
[2025-03-27T18:24:46.600+0000] {taskinstance.py:2888} INFO - Executing <Task(_PythonDecoratedOperator): get_all_data> on 2025-03-27 18:24:42.131349+00:00
[2025-03-27T18:24:46.635+0000] {warnings.py:112} WARNING - /home/***/.local/lib/python3.12/site-packages/***/task/task_runner/standard_task_runner.py:70: DeprecationWarning: This process (pid=1060) is multi-threaded, use of fork() may lead to deadlocks in the child.
  pid = os.fork()

[2025-03-27T18:24:46.637+0000] {standard_task_runner.py:104} INFO - Running: ['***', 'tasks', 'run', 'get_inaturalist_data_atropelada', 'get_all_data', 'manual__2025-03-27T18:24:42.131349+00:00', '--job-id', '211', '--raw', '--subdir', 'DAGS_FOLDER/inaturalist_dag.py', '--cfg-path', '/tmp/tmpth0m3_ve']
[2025-03-27T18:24:46.645+0000] {standard_task_runner.py:105} INFO - Job 211: Subtask get_all_data
[2025-03-27T18:24:46.637+0000] {standard_task_runner.py:72} INFO - Started process 1072 to run task
[2025-03-27T18:24:46.729+0000] {task_command.py:467} INFO - Running <TaskInstance: get_inaturalist_data_atropelada.get_all_data manual__2025-03-27T18:24:42.131349+00:00 [running]> on host 804b404afff8
[2025-03-27T18:24:46.937+0000] {taskinstance.py:3131} INFO - Exporting env vars: AIRFLOW_CTX_DAG_OWNER='***' AIRFLOW_CTX_DAG_ID='get_inaturalist_data_atropelada' AIRFLOW_CTX_TASK_ID='get_all_data' AIRFLOW_CTX_EXECUTION_DATE='2025-03-27T18:24:42.131349+00:00' AIRFLOW_CTX_TRY_NUMBER='1' AIRFLOW_CTX_DAG_RUN_ID='manual__2025-03-27T18:24:42.131349+00:00'
[2025-03-27T18:24:46.940+0000] {taskinstance.py:731} INFO - ::endgroup::
[2025-03-27T18:24:46.968+0000] {inaturalist_dag.py:301} INFO - Maximum id 266353661 for the request
[2025-03-27T18:24:49.924+0000] {inaturalist_dag.py:317} INFO - Got 0 results
[2025-03-27T18:24:50.013+0000] {crypto.py:82} WARNING - empty cryptography key - values will not be stored encrypted.
[2025-03-27T18:24:50.034+0000] {python.py:240} INFO - Done. Returned value was: []
[2025-03-27T18:24:50.132+0000] {taskinstance.py:340} INFO - ::group::Post task execution logs
[2025-03-27T18:24:50.135+0000] {taskinstance.py:352} INFO - Marking task as SUCCESS. dag_id=get_inaturalist_data_atropelada, task_id=get_all_data, run_id=manual__2025-03-27T18:24:42.131349+00:00, execution_date=20250327T182442, start_date=20250327T182446, end_date=20250327T182450
[2025-03-27T18:24:50.239+0000] {local_task_job_runner.py:266} INFO - Task exited with return code 0
[2025-03-27T18:24:50.301+0000] {taskinstance.py:3900} INFO - 1 downstream tasks scheduled from follow-on schedule check
[2025-03-27T18:24:50.304+0000] {local_task_job_runner.py:245} INFO - ::endgroup::
