[2025-03-26T03:33:51.511+0000] {local_task_job_runner.py:123} INFO - ::group::Pre task execution logs
[2025-03-26T03:33:51.579+0000] {taskinstance.py:2612} INFO - Dependencies all met for dep_context=non-requeueable deps ti=<TaskInstance: get_inaturalist_data_atropelamento.get_all_data scheduled__2025-03-26T03:00:00+00:00 [queued]>
[2025-03-26T03:33:51.607+0000] {taskinstance.py:2612} INFO - Dependencies all met for dep_context=requeueable deps ti=<TaskInstance: get_inaturalist_data_atropelamento.get_all_data scheduled__2025-03-26T03:00:00+00:00 [queued]>
[2025-03-26T03:33:51.609+0000] {taskinstance.py:2865} INFO - Starting attempt 1 of 4
[2025-03-26T03:33:51.698+0000] {taskinstance.py:2888} INFO - Executing <Task(_PythonDecoratedOperator): get_all_data> on 2025-03-26 03:00:00+00:00
[2025-03-26T03:33:51.751+0000] {warnings.py:112} WARNING - /home/***/.local/lib/python3.12/site-packages/***/task/task_runner/standard_task_runner.py:70: DeprecationWarning: This process (pid=63) is multi-threaded, use of fork() may lead to deadlocks in the child.
  pid = os.fork()

[2025-03-26T03:33:51.805+0000] {standard_task_runner.py:72} INFO - Started process 75 to run task
[2025-03-26T03:33:51.794+0000] {standard_task_runner.py:104} INFO - Running: ['***', 'tasks', 'run', 'get_inaturalist_data_atropelamento', 'get_all_data', 'scheduled__2025-03-26T03:00:00+00:00', '--job-id', '202', '--raw', '--subdir', 'DAGS_FOLDER/inaturalist_dag.py', '--cfg-path', '/tmp/tmpdozutyzx']
[2025-03-26T03:33:51.829+0000] {standard_task_runner.py:105} INFO - Job 202: Subtask get_all_data
[2025-03-26T03:33:52.529+0000] {task_command.py:467} INFO - Running <TaskInstance: get_inaturalist_data_atropelamento.get_all_data scheduled__2025-03-26T03:00:00+00:00 [running]> on host b3fc939aa2c6
[2025-03-26T03:33:52.879+0000] {taskinstance.py:3131} INFO - Exporting env vars: AIRFLOW_CTX_DAG_OWNER='***' AIRFLOW_CTX_DAG_ID='get_inaturalist_data_atropelamento' AIRFLOW_CTX_TASK_ID='get_all_data' AIRFLOW_CTX_EXECUTION_DATE='2025-03-26T03:00:00+00:00' AIRFLOW_CTX_TRY_NUMBER='1' AIRFLOW_CTX_DAG_RUN_ID='scheduled__2025-03-26T03:00:00+00:00'
[2025-03-26T03:33:52.890+0000] {taskinstance.py:731} INFO - ::endgroup::
[2025-03-26T03:33:52.900+0000] {inaturalist_dag.py:150} INFO - Getting data from keyword: atropelamento
[2025-03-26T03:33:53.018+0000] {inaturalist_dag.py:41} INFO - Maximum id 264497584 for the request
[2025-03-26T03:33:54.688+0000] {inaturalist_dag.py:58} INFO - Got 0 results
[2025-03-26T03:33:54.717+0000] {inaturalist_dag.py:158} INFO - No more observations found, stopping.
[2025-03-26T03:33:54.820+0000] {crypto.py:82} WARNING - empty cryptography key - values will not be stored encrypted.
[2025-03-26T03:33:54.846+0000] {python.py:240} INFO - Done. Returned value was: []
[2025-03-26T03:33:54.991+0000] {taskinstance.py:340} INFO - ::group::Post task execution logs
[2025-03-26T03:33:54.995+0000] {taskinstance.py:352} INFO - Marking task as SUCCESS. dag_id=get_inaturalist_data_atropelamento, task_id=get_all_data, run_id=scheduled__2025-03-26T03:00:00+00:00, execution_date=20250326T030000, start_date=20250326T033351, end_date=20250326T033354
[2025-03-26T03:33:55.106+0000] {local_task_job_runner.py:266} INFO - Task exited with return code 0
[2025-03-26T03:33:55.688+0000] {taskinstance.py:3900} INFO - 1 downstream tasks scheduled from follow-on schedule check
[2025-03-26T03:33:55.722+0000] {local_task_job_runner.py:245} INFO - ::endgroup::
