[2025-03-26T11:36:05.344+0000] {local_task_job_runner.py:123} INFO - ::group::Pre task execution logs
[2025-03-26T11:36:05.370+0000] {taskinstance.py:2612} INFO - Dependencies all met for dep_context=non-requeueable deps ti=<TaskInstance: get_inaturalist_data_roadkill.get_all_data scheduled__2025-03-26T11:00:00+00:00 [queued]>
[2025-03-26T11:36:05.388+0000] {taskinstance.py:2612} INFO - Dependencies all met for dep_context=requeueable deps ti=<TaskInstance: get_inaturalist_data_roadkill.get_all_data scheduled__2025-03-26T11:00:00+00:00 [queued]>
[2025-03-26T11:36:05.389+0000] {taskinstance.py:2865} INFO - Starting attempt 1 of 4
[2025-03-26T11:36:05.414+0000] {taskinstance.py:2888} INFO - Executing <Task(_PythonDecoratedOperator): get_all_data> on 2025-03-26 11:00:00+00:00
[2025-03-26T11:36:05.431+0000] {warnings.py:112} WARNING - /home/***/.local/lib/python3.12/site-packages/***/task/task_runner/standard_task_runner.py:70: DeprecationWarning: This process (pid=59) is multi-threaded, use of fork() may lead to deadlocks in the child.
  pid = os.fork()

[2025-03-26T11:36:05.436+0000] {standard_task_runner.py:72} INFO - Started process 81 to run task
[2025-03-26T11:36:05.432+0000] {standard_task_runner.py:104} INFO - Running: ['***', 'tasks', 'run', 'get_inaturalist_data_roadkill', 'get_all_data', 'scheduled__2025-03-26T11:00:00+00:00', '--job-id', '228', '--raw', '--subdir', 'DAGS_FOLDER/inaturalist_dag.py', '--cfg-path', '/tmp/tmp_ju789r0']
[2025-03-26T11:36:05.441+0000] {standard_task_runner.py:105} INFO - Job 228: Subtask get_all_data
[2025-03-26T11:36:05.582+0000] {task_command.py:467} INFO - Running <TaskInstance: get_inaturalist_data_roadkill.get_all_data scheduled__2025-03-26T11:00:00+00:00 [running]> on host b3fc939aa2c6
[2025-03-26T11:36:05.772+0000] {taskinstance.py:3131} INFO - Exporting env vars: AIRFLOW_CTX_DAG_OWNER='***' AIRFLOW_CTX_DAG_ID='get_inaturalist_data_roadkill' AIRFLOW_CTX_TASK_ID='get_all_data' AIRFLOW_CTX_EXECUTION_DATE='2025-03-26T11:00:00+00:00' AIRFLOW_CTX_TRY_NUMBER='1' AIRFLOW_CTX_DAG_RUN_ID='scheduled__2025-03-26T11:00:00+00:00'
[2025-03-26T11:36:05.776+0000] {taskinstance.py:731} INFO - ::endgroup::
[2025-03-26T11:36:05.782+0000] {inaturalist_dag.py:150} INFO - Getting data from keyword: roadkill
[2025-03-26T11:36:05.805+0000] {inaturalist_dag.py:41} INFO - Maximum id 266995160 for the request
[2025-03-26T11:36:06.663+0000] {inaturalist_dag.py:58} INFO - Got 0 results
[2025-03-26T11:36:06.670+0000] {inaturalist_dag.py:158} INFO - No more observations found, stopping.
[2025-03-26T11:36:06.686+0000] {crypto.py:82} WARNING - empty cryptography key - values will not be stored encrypted.
[2025-03-26T11:36:06.694+0000] {python.py:240} INFO - Done. Returned value was: []
[2025-03-26T11:36:06.767+0000] {taskinstance.py:340} INFO - ::group::Post task execution logs
[2025-03-26T11:36:06.770+0000] {taskinstance.py:352} INFO - Marking task as SUCCESS. dag_id=get_inaturalist_data_roadkill, task_id=get_all_data, run_id=scheduled__2025-03-26T11:00:00+00:00, execution_date=20250326T110000, start_date=20250326T113605, end_date=20250326T113606
[2025-03-26T11:36:06.851+0000] {local_task_job_runner.py:266} INFO - Task exited with return code 0
[2025-03-26T11:36:06.919+0000] {local_task_job_runner.py:245} INFO - ::endgroup::
