[2025-03-27T16:22:03.890+0000] {local_task_job_runner.py:123} INFO - ::group::Pre task execution logs
[2025-03-27T16:22:04.004+0000] {taskinstance.py:2612} INFO - Dependencies all met for dep_context=non-requeueable deps ti=<TaskInstance: get_inaturalist_data_roadkill.get_all_data manual__2025-03-27T16:21:57.805395+00:00 [queued]>
[2025-03-27T16:22:04.036+0000] {taskinstance.py:2612} INFO - Dependencies all met for dep_context=requeueable deps ti=<TaskInstance: get_inaturalist_data_roadkill.get_all_data manual__2025-03-27T16:21:57.805395+00:00 [queued]>
[2025-03-27T16:22:04.036+0000] {taskinstance.py:2865} INFO - Starting attempt 1 of 4
[2025-03-27T16:22:04.083+0000] {taskinstance.py:2888} INFO - Executing <Task(_PythonDecoratedOperator): get_all_data> on 2025-03-27 16:21:57.805395+00:00
[2025-03-27T16:22:04.105+0000] {warnings.py:112} WARNING - /home/***/.local/lib/python3.12/site-packages/***/task/task_runner/standard_task_runner.py:70: DeprecationWarning: This process (pid=516) is multi-threaded, use of fork() may lead to deadlocks in the child.
  pid = os.fork()

[2025-03-27T16:22:04.108+0000] {standard_task_runner.py:72} INFO - Started process 525 to run task
[2025-03-27T16:22:04.109+0000] {standard_task_runner.py:104} INFO - Running: ['***', 'tasks', 'run', 'get_inaturalist_data_roadkill', 'get_all_data', 'manual__2025-03-27T16:21:57.805395+00:00', '--job-id', '135', '--raw', '--subdir', 'DAGS_FOLDER/inaturalist_dag.py', '--cfg-path', '/tmp/tmp9yvclysw']
[2025-03-27T16:22:04.116+0000] {standard_task_runner.py:105} INFO - Job 135: Subtask get_all_data
[2025-03-27T16:22:04.323+0000] {task_command.py:467} INFO - Running <TaskInstance: get_inaturalist_data_roadkill.get_all_data manual__2025-03-27T16:21:57.805395+00:00 [running]> on host 02e640dfbc27
[2025-03-27T16:22:04.818+0000] {taskinstance.py:3131} INFO - Exporting env vars: AIRFLOW_CTX_DAG_OWNER='***' AIRFLOW_CTX_DAG_ID='get_inaturalist_data_roadkill' AIRFLOW_CTX_TASK_ID='get_all_data' AIRFLOW_CTX_EXECUTION_DATE='2025-03-27T16:21:57.805395+00:00' AIRFLOW_CTX_TRY_NUMBER='1' AIRFLOW_CTX_DAG_RUN_ID='manual__2025-03-27T16:21:57.805395+00:00'
[2025-03-27T16:22:04.829+0000] {taskinstance.py:731} INFO - ::endgroup::
[2025-03-27T16:22:04.855+0000] {inaturalist_dag.py:150} INFO - Getting data from keyword: roadkill
[2025-03-27T16:22:04.928+0000] {inaturalist_dag.py:41} INFO - Maximum id 237708840 for the request
[2025-03-27T16:22:12.986+0000] {inaturalist_dag.py:58} INFO - Got 200 results
[2025-03-27T16:22:13.229+0000] {inaturalist_dag.py:163} INFO - Extracted 200 observations
[2025-03-27T16:22:13.233+0000] {inaturalist_dag.py:41} INFO - Maximum id 240327371 for the request
[2025-03-27T16:22:20.384+0000] {inaturalist_dag.py:58} INFO - Got 200 results
[2025-03-27T16:22:20.578+0000] {inaturalist_dag.py:163} INFO - Extracted 400 observations
[2025-03-27T16:22:20.580+0000] {inaturalist_dag.py:41} INFO - Maximum id 242838806 for the request
[2025-03-27T16:22:26.770+0000] {inaturalist_dag.py:58} INFO - Got 200 results
[2025-03-27T16:22:26.848+0000] {inaturalist_dag.py:163} INFO - Extracted 600 observations
[2025-03-27T16:22:26.850+0000] {inaturalist_dag.py:41} INFO - Maximum id 244605246 for the request
[2025-03-27T16:22:34.710+0000] {inaturalist_dag.py:58} INFO - Got 200 results
[2025-03-27T16:22:34.776+0000] {inaturalist_dag.py:163} INFO - Extracted 800 observations
[2025-03-27T16:22:34.778+0000] {inaturalist_dag.py:41} INFO - Maximum id 246765481 for the request
[2025-03-27T16:22:41.982+0000] {inaturalist_dag.py:58} INFO - Got 200 results
[2025-03-27T16:22:42.062+0000] {inaturalist_dag.py:163} INFO - Extracted 1000 observations
[2025-03-27T16:22:42.065+0000] {inaturalist_dag.py:41} INFO - Maximum id 248765299 for the request
[2025-03-27T16:22:50.626+0000] {inaturalist_dag.py:58} INFO - Got 200 results
[2025-03-27T16:22:50.788+0000] {inaturalist_dag.py:163} INFO - Extracted 1200 observations
[2025-03-27T16:22:50.792+0000] {inaturalist_dag.py:41} INFO - Maximum id 250760330 for the request
[2025-03-27T16:22:59.588+0000] {inaturalist_dag.py:58} INFO - Got 200 results
[2025-03-27T16:22:59.918+0000] {inaturalist_dag.py:163} INFO - Extracted 1400 observations
[2025-03-27T16:22:59.920+0000] {inaturalist_dag.py:41} INFO - Maximum id 252689474 for the request
[2025-03-27T16:23:06.259+0000] {inaturalist_dag.py:58} INFO - Got 200 results
[2025-03-27T16:23:06.459+0000] {inaturalist_dag.py:163} INFO - Extracted 1600 observations
[2025-03-27T16:23:06.460+0000] {inaturalist_dag.py:41} INFO - Maximum id 254415638 for the request
[2025-03-27T16:23:12.436+0000] {inaturalist_dag.py:58} INFO - Got 200 results
[2025-03-27T16:23:12.512+0000] {inaturalist_dag.py:163} INFO - Extracted 1800 observations
[2025-03-27T16:23:12.517+0000] {inaturalist_dag.py:41} INFO - Maximum id 255445998 for the request
[2025-03-27T16:23:18.228+0000] {inaturalist_dag.py:58} INFO - Got 200 results
[2025-03-27T16:23:18.293+0000] {inaturalist_dag.py:163} INFO - Extracted 2000 observations
[2025-03-27T16:23:18.294+0000] {inaturalist_dag.py:41} INFO - Maximum id 255638246 for the request
[2025-03-27T16:23:24.279+0000] {inaturalist_dag.py:58} INFO - Got 200 results
[2025-03-27T16:23:24.340+0000] {inaturalist_dag.py:163} INFO - Extracted 2200 observations
[2025-03-27T16:23:24.341+0000] {inaturalist_dag.py:41} INFO - Maximum id 256419741 for the request
[2025-03-27T16:23:29.197+0000] {inaturalist_dag.py:58} INFO - Got 200 results
[2025-03-27T16:23:29.283+0000] {inaturalist_dag.py:163} INFO - Extracted 2400 observations
[2025-03-27T16:23:29.288+0000] {inaturalist_dag.py:41} INFO - Maximum id 257066696 for the request
[2025-03-27T16:23:36.145+0000] {inaturalist_dag.py:58} INFO - Got 200 results
[2025-03-27T16:23:36.509+0000] {inaturalist_dag.py:163} INFO - Extracted 2600 observations
[2025-03-27T16:23:36.511+0000] {inaturalist_dag.py:41} INFO - Maximum id 257738352 for the request
[2025-03-27T16:23:42.727+0000] {inaturalist_dag.py:58} INFO - Got 200 results
[2025-03-27T16:23:42.841+0000] {inaturalist_dag.py:163} INFO - Extracted 2800 observations
[2025-03-27T16:23:42.844+0000] {inaturalist_dag.py:41} INFO - Maximum id 258485573 for the request
[2025-03-27T16:23:50.068+0000] {inaturalist_dag.py:58} INFO - Got 200 results
[2025-03-27T16:23:50.117+0000] {inaturalist_dag.py:163} INFO - Extracted 3000 observations
[2025-03-27T16:23:50.122+0000] {inaturalist_dag.py:41} INFO - Maximum id 260217954 for the request
[2025-03-27T16:23:59.098+0000] {inaturalist_dag.py:58} INFO - Got 200 results
[2025-03-27T16:23:59.241+0000] {inaturalist_dag.py:163} INFO - Extracted 3200 observations
[2025-03-27T16:23:59.247+0000] {inaturalist_dag.py:41} INFO - Maximum id 260969808 for the request
[2025-03-27T16:24:07.369+0000] {inaturalist_dag.py:58} INFO - Got 200 results
[2025-03-27T16:24:07.420+0000] {inaturalist_dag.py:163} INFO - Extracted 3400 observations
[2025-03-27T16:24:07.421+0000] {inaturalist_dag.py:41} INFO - Maximum id 261670435 for the request
[2025-03-27T16:24:17.467+0000] {inaturalist_dag.py:58} INFO - Got 200 results
[2025-03-27T16:24:17.603+0000] {inaturalist_dag.py:163} INFO - Extracted 3600 observations
[2025-03-27T16:24:17.607+0000] {inaturalist_dag.py:41} INFO - Maximum id 262664478 for the request
[2025-03-27T16:24:23.917+0000] {inaturalist_dag.py:58} INFO - Got 200 results
[2025-03-27T16:24:24.112+0000] {inaturalist_dag.py:163} INFO - Extracted 3800 observations
[2025-03-27T16:24:24.114+0000] {inaturalist_dag.py:41} INFO - Maximum id 262773562 for the request
[2025-03-27T16:24:30.931+0000] {inaturalist_dag.py:58} INFO - Got 200 results
[2025-03-27T16:24:31.007+0000] {inaturalist_dag.py:163} INFO - Extracted 4000 observations
[2025-03-27T16:24:31.010+0000] {inaturalist_dag.py:41} INFO - Maximum id 263395080 for the request
[2025-03-27T16:24:40.322+0000] {inaturalist_dag.py:58} INFO - Got 200 results
[2025-03-27T16:24:40.956+0000] {inaturalist_dag.py:163} INFO - Extracted 4200 observations
[2025-03-27T16:24:41.008+0000] {inaturalist_dag.py:41} INFO - Maximum id 263942264 for the request
