[2025-03-27T18:30:19.272+0000] {local_task_job_runner.py:123} INFO - ::group::Pre task execution logs
[2025-03-27T18:30:19.379+0000] {taskinstance.py:2612} INFO - Dependencies all met for dep_context=non-requeueable deps ti=<TaskInstance: get_inaturalist_data_atropelada.get_all_data scheduled__2025-03-27T18:00:00+00:00 [queued]>
[2025-03-27T18:30:19.400+0000] {taskinstance.py:2612} INFO - Dependencies all met for dep_context=requeueable deps ti=<TaskInstance: get_inaturalist_data_atropelada.get_all_data scheduled__2025-03-27T18:00:00+00:00 [queued]>
[2025-03-27T18:30:19.400+0000] {taskinstance.py:2865} INFO - Starting attempt 1 of 4
[2025-03-27T18:30:19.509+0000] {taskinstance.py:2888} INFO - Executing <Task(_PythonDecoratedOperator): get_all_data> on 2025-03-27 18:00:00+00:00
[2025-03-27T18:30:19.571+0000] {warnings.py:112} WARNING - /home/***/.local/lib/python3.12/site-packages/***/task/task_runner/standard_task_runner.py:70: DeprecationWarning: This process (pid=1173) is multi-threaded, use of fork() may lead to deadlocks in the child.
  pid = os.fork()

[2025-03-27T18:30:19.587+0000] {standard_task_runner.py:72} INFO - Started process 1190 to run task
[2025-03-27T18:30:19.585+0000] {standard_task_runner.py:104} INFO - Running: ['***', 'tasks', 'run', 'get_inaturalist_data_atropelada', 'get_all_data', 'scheduled__2025-03-27T18:00:00+00:00', '--job-id', '227', '--raw', '--subdir', 'DAGS_FOLDER/inaturalist_dag.py', '--cfg-path', '/tmp/tmprr24kumw']
[2025-03-27T18:30:19.633+0000] {standard_task_runner.py:105} INFO - Job 227: Subtask get_all_data
[2025-03-27T18:30:20.170+0000] {task_command.py:467} INFO - Running <TaskInstance: get_inaturalist_data_atropelada.get_all_data scheduled__2025-03-27T18:00:00+00:00 [running]> on host 804b404afff8
[2025-03-27T18:30:22.262+0000] {taskinstance.py:3131} INFO - Exporting env vars: AIRFLOW_CTX_DAG_OWNER='***' AIRFLOW_CTX_DAG_ID='get_inaturalist_data_atropelada' AIRFLOW_CTX_TASK_ID='get_all_data' AIRFLOW_CTX_EXECUTION_DATE='2025-03-27T18:00:00+00:00' AIRFLOW_CTX_TRY_NUMBER='1' AIRFLOW_CTX_DAG_RUN_ID='scheduled__2025-03-27T18:00:00+00:00'
[2025-03-27T18:30:22.332+0000] {taskinstance.py:731} INFO - ::endgroup::
[2025-03-27T18:30:45.349+0000] {inaturalist_dag.py:301} INFO - Maximum id 266353661 for the request
[2025-03-27T18:30:50.054+0000] {job.py:229} INFO - Heartbeat recovered after 31.05 seconds
[2025-03-27T18:31:04.934+0000] {inaturalist_dag.py:317} INFO - Got 0 results
[2025-03-27T18:31:26.602+0000] {crypto.py:82} WARNING - empty cryptography key - values will not be stored encrypted.
[2025-03-27T18:31:26.885+0000] {python.py:240} INFO - Done. Returned value was: []
[2025-03-27T18:31:29.041+0000] {taskinstance.py:340} INFO - ::group::Post task execution logs
[2025-03-27T18:31:29.140+0000] {taskinstance.py:352} INFO - Marking task as SUCCESS. dag_id=get_inaturalist_data_atropelada, task_id=get_all_data, run_id=scheduled__2025-03-27T18:00:00+00:00, execution_date=20250327T180000, start_date=20250327T183019, end_date=20250327T183129
[2025-03-27T18:31:29.806+0000] {local_task_job_runner.py:266} INFO - Task exited with return code 0
[2025-03-27T18:31:30.440+0000] {local_task_job_runner.py:245} INFO - ::endgroup::
[2025-03-27T18:31:30.465+0000] {standard_task_runner.py:217} INFO - Process not found (most likely exited), stop collecting metrics
