[2025-03-26T00:00:14.119+0000] {local_task_job_runner.py:123} INFO - ::group::Pre task execution logs
[2025-03-26T00:00:14.194+0000] {taskinstance.py:2612} INFO - Dependencies all met for dep_context=non-requeueable deps ti=<TaskInstance: get_inaturalist_data_atropelada.process_data scheduled__2025-03-25T23:30:00+00:00 [queued]>
[2025-03-26T00:00:14.207+0000] {taskinstance.py:2612} INFO - Dependencies all met for dep_context=requeueable deps ti=<TaskInstance: get_inaturalist_data_atropelada.process_data scheduled__2025-03-25T23:30:00+00:00 [queued]>
[2025-03-26T00:00:14.207+0000] {taskinstance.py:2865} INFO - Starting attempt 1 of 4
[2025-03-26T00:00:14.235+0000] {taskinstance.py:2888} INFO - Executing <Task(_PythonDecoratedOperator): process_data> on 2025-03-25 23:30:00+00:00
[2025-03-26T00:00:14.276+0000] {warnings.py:112} WARNING - /home/***/.local/lib/python3.12/site-packages/***/task/task_runner/standard_task_runner.py:70: DeprecationWarning: This process (pid=543) is multi-threaded, use of fork() may lead to deadlocks in the child.
  pid = os.fork()

[2025-03-26T00:00:14.286+0000] {standard_task_runner.py:72} INFO - Started process 547 to run task
[2025-03-26T00:00:14.283+0000] {standard_task_runner.py:104} INFO - Running: ['***', 'tasks', 'run', 'get_inaturalist_data_atropelada', 'process_data', 'scheduled__2025-03-25T23:30:00+00:00', '--job-id', '154', '--raw', '--subdir', 'DAGS_FOLDER/inaturalist_dag.py', '--cfg-path', '/tmp/tmphv7b7cp6']
[2025-03-26T00:00:14.290+0000] {standard_task_runner.py:105} INFO - Job 154: Subtask process_data
[2025-03-26T00:00:14.439+0000] {task_command.py:467} INFO - Running <TaskInstance: get_inaturalist_data_atropelada.process_data scheduled__2025-03-25T23:30:00+00:00 [running]> on host d76bf457b908
[2025-03-26T00:00:24.595+0000] {job.py:229} INFO - Heartbeat recovered after 11.11 seconds
[2025-03-26T00:00:25.954+0000] {taskinstance.py:3131} INFO - Exporting env vars: AIRFLOW_CTX_DAG_OWNER='***' AIRFLOW_CTX_DAG_ID='get_inaturalist_data_atropelada' AIRFLOW_CTX_TASK_ID='process_data' AIRFLOW_CTX_EXECUTION_DATE='2025-03-25T23:30:00+00:00' AIRFLOW_CTX_TRY_NUMBER='1' AIRFLOW_CTX_DAG_RUN_ID='scheduled__2025-03-25T23:30:00+00:00'
[2025-03-26T00:00:25.998+0000] {taskinstance.py:731} INFO - ::endgroup::
[2025-03-26T00:00:26.023+0000] {taskinstance.py:301} INFO - No observations to process, skipping tasks
[2025-03-26T00:00:26.689+0000] {taskinstance.py:340} INFO - ::group::Post task execution logs
[2025-03-26T00:00:26.719+0000] {taskinstance.py:352} INFO - Marking task as SKIPPED. dag_id=get_inaturalist_data_atropelada, task_id=process_data, run_id=scheduled__2025-03-25T23:30:00+00:00, execution_date=20250325T233000, start_date=20250326T000014, end_date=20250326T000026
[2025-03-26T00:00:27.778+0000] {local_task_job_runner.py:266} INFO - Task exited with return code 0
[2025-03-26T00:00:28.413+0000] {taskinstance.py:3900} INFO - 0 downstream tasks scheduled from follow-on schedule check
[2025-03-26T00:00:28.594+0000] {local_task_job_runner.py:245} INFO - ::endgroup::
