[2025-03-26T21:38:46.761+0000] {local_task_job_runner.py:123} INFO - ::group::Pre task execution logs
[2025-03-26T21:38:46.782+0000] {taskinstance.py:2612} INFO - Dependencies all met for dep_context=non-requeueable deps ti=<TaskInstance: get_inaturalist_data_atropelada.get_all_data scheduled__2025-03-26T21:00:00+00:00 [queued]>
[2025-03-26T21:38:46.791+0000] {taskinstance.py:2612} INFO - Dependencies all met for dep_context=requeueable deps ti=<TaskInstance: get_inaturalist_data_atropelada.get_all_data scheduled__2025-03-26T21:00:00+00:00 [queued]>
[2025-03-26T21:38:46.792+0000] {taskinstance.py:2865} INFO - Starting attempt 1 of 4
[2025-03-26T21:38:46.808+0000] {taskinstance.py:2888} INFO - Executing <Task(_PythonDecoratedOperator): get_all_data> on 2025-03-26 21:00:00+00:00
[2025-03-26T21:38:46.821+0000] {warnings.py:112} WARNING - /home/***/.local/lib/python3.12/site-packages/***/task/task_runner/standard_task_runner.py:70: DeprecationWarning: This process (pid=62) is multi-threaded, use of fork() may lead to deadlocks in the child.
  pid = os.fork()

[2025-03-26T21:38:46.824+0000] {standard_task_runner.py:72} INFO - Started process 68 to run task
[2025-03-26T21:38:46.825+0000] {standard_task_runner.py:104} INFO - Running: ['***', 'tasks', 'run', 'get_inaturalist_data_atropelada', 'get_all_data', 'scheduled__2025-03-26T21:00:00+00:00', '--job-id', '36', '--raw', '--subdir', 'DAGS_FOLDER/inaturalist_dag.py', '--cfg-path', '/tmp/tmpkfhoyzip']
[2025-03-26T21:38:46.828+0000] {standard_task_runner.py:105} INFO - Job 36: Subtask get_all_data
[2025-03-26T21:38:46.930+0000] {task_command.py:467} INFO - Running <TaskInstance: get_inaturalist_data_atropelada.get_all_data scheduled__2025-03-26T21:00:00+00:00 [running]> on host 2dfc7d159e9f
[2025-03-26T21:38:47.022+0000] {taskinstance.py:3131} INFO - Exporting env vars: AIRFLOW_CTX_DAG_OWNER='***' AIRFLOW_CTX_DAG_ID='get_inaturalist_data_atropelada' AIRFLOW_CTX_TASK_ID='get_all_data' AIRFLOW_CTX_EXECUTION_DATE='2025-03-26T21:00:00+00:00' AIRFLOW_CTX_TRY_NUMBER='1' AIRFLOW_CTX_DAG_RUN_ID='scheduled__2025-03-26T21:00:00+00:00'
[2025-03-26T21:38:47.028+0000] {taskinstance.py:731} INFO - ::endgroup::
[2025-03-26T21:38:47.032+0000] {inaturalist_dag.py:150} INFO - Getting data from keyword: atropelada
[2025-03-26T21:38:47.054+0000] {inaturalist_dag.py:41} INFO - Maximum id 266353661 for the request
[2025-03-26T21:38:48.785+0000] {inaturalist_dag.py:58} INFO - Got 0 results
[2025-03-26T21:38:48.798+0000] {inaturalist_dag.py:158} INFO - No more observations found, stopping.
[2025-03-26T21:38:48.829+0000] {crypto.py:82} WARNING - empty cryptography key - values will not be stored encrypted.
[2025-03-26T21:38:48.846+0000] {python.py:240} INFO - Done. Returned value was: []
[2025-03-26T21:38:48.920+0000] {taskinstance.py:340} INFO - ::group::Post task execution logs
[2025-03-26T21:38:48.924+0000] {taskinstance.py:352} INFO - Marking task as SUCCESS. dag_id=get_inaturalist_data_atropelada, task_id=get_all_data, run_id=scheduled__2025-03-26T21:00:00+00:00, execution_date=20250326T210000, start_date=20250326T213846, end_date=20250326T213848
[2025-03-26T21:38:49.020+0000] {local_task_job_runner.py:266} INFO - Task exited with return code 0
[2025-03-26T21:38:49.063+0000] {local_task_job_runner.py:245} INFO - ::endgroup::
