[2025-03-27T18:07:44.380+0000] {local_task_job_runner.py:123} INFO - ::group::Pre task execution logs
[2025-03-27T18:07:44.993+0000] {taskinstance.py:2612} INFO - Dependencies all met for dep_context=non-requeueable deps ti=<TaskInstance: get_inaturalist_data_atropelamento.process_data manual__2025-03-27T18:01:19.420078+00:00 [queued]>
[2025-03-27T18:07:45.181+0000] {taskinstance.py:2612} INFO - Dependencies all met for dep_context=requeueable deps ti=<TaskInstance: get_inaturalist_data_atropelamento.process_data manual__2025-03-27T18:01:19.420078+00:00 [queued]>
[2025-03-27T18:07:45.185+0000] {taskinstance.py:2865} INFO - Starting attempt 1 of 4
[2025-03-27T18:07:45.713+0000] {taskinstance.py:2888} INFO - Executing <Task(_PythonDecoratedOperator): process_data> on 2025-03-27 18:01:19.420078+00:00
[2025-03-27T18:07:46.075+0000] {warnings.py:112} WARNING - /home/***/.local/lib/python3.12/site-packages/***/task/task_runner/standard_task_runner.py:70: DeprecationWarning: This process (pid=880) is multi-threaded, use of fork() may lead to deadlocks in the child.
  pid = os.fork()

[2025-03-27T18:07:46.085+0000] {standard_task_runner.py:72} INFO - Started process 891 to run task
[2025-03-27T18:07:46.178+0000] {standard_task_runner.py:104} INFO - Running: ['***', 'tasks', 'run', 'get_inaturalist_data_atropelamento', 'process_data', 'manual__2025-03-27T18:01:19.420078+00:00', '--job-id', '210', '--raw', '--subdir', 'DAGS_FOLDER/inaturalist_dag.py', '--cfg-path', '/tmp/tmpy6wfyy40']
[2025-03-27T18:07:46.215+0000] {standard_task_runner.py:105} INFO - Job 210: Subtask process_data
[2025-03-27T18:07:47.047+0000] {task_command.py:467} INFO - Running <TaskInstance: get_inaturalist_data_atropelamento.process_data manual__2025-03-27T18:01:19.420078+00:00 [running]> on host 804b404afff8
[2025-03-27T18:07:48.315+0000] {taskinstance.py:3131} INFO - Exporting env vars: AIRFLOW_CTX_DAG_OWNER='***' AIRFLOW_CTX_DAG_ID='get_inaturalist_data_atropelamento' AIRFLOW_CTX_TASK_ID='process_data' AIRFLOW_CTX_EXECUTION_DATE='2025-03-27T18:01:19.420078+00:00' AIRFLOW_CTX_TRY_NUMBER='1' AIRFLOW_CTX_DAG_RUN_ID='manual__2025-03-27T18:01:19.420078+00:00'
[2025-03-27T18:07:48.362+0000] {taskinstance.py:731} INFO - ::endgroup::
[2025-03-27T18:07:48.441+0000] {taskinstance.py:301} INFO - No observations to process, skipping tasks
[2025-03-27T18:07:49.629+0000] {taskinstance.py:340} INFO - ::group::Post task execution logs
[2025-03-27T18:07:49.783+0000] {taskinstance.py:352} INFO - Marking task as SKIPPED. dag_id=get_inaturalist_data_atropelamento, task_id=process_data, run_id=manual__2025-03-27T18:01:19.420078+00:00, execution_date=20250327T180119, start_date=20250327T180745, end_date=20250327T180749
[2025-03-27T18:07:51.000+0000] {local_task_job_runner.py:266} INFO - Task exited with return code 0
[2025-03-27T18:07:51.299+0000] {standard_task_runner.py:217} INFO - Process not found (most likely exited), stop collecting metrics
[2025-03-27T18:07:53.038+0000] {taskinstance.py:3900} INFO - 0 downstream tasks scheduled from follow-on schedule check
[2025-03-27T18:07:53.191+0000] {local_task_job_runner.py:245} INFO - ::endgroup::
