[2025-03-26T18:08:46.231+0000] {local_task_job_runner.py:123} INFO - ::group::Pre task execution logs
[2025-03-26T18:08:46.368+0000] {taskinstance.py:2612} INFO - Dependencies all met for dep_context=non-requeueable deps ti=<TaskInstance: prf_dag.extract_hrefs scheduled__2025-02-01T00:00:00+00:00 [queued]>
[2025-03-26T18:08:46.434+0000] {taskinstance.py:2612} INFO - Dependencies all met for dep_context=requeueable deps ti=<TaskInstance: prf_dag.extract_hrefs scheduled__2025-02-01T00:00:00+00:00 [queued]>
[2025-03-26T18:08:46.436+0000] {taskinstance.py:2865} INFO - Starting attempt 1 of 1
[2025-03-26T18:08:46.683+0000] {taskinstance.py:2888} INFO - Executing <Task(_PythonDecoratedOperator): extract_hrefs> on 2025-02-01 00:00:00+00:00
[2025-03-26T18:08:46.780+0000] {warnings.py:112} WARNING - /home/***/.local/lib/python3.12/site-packages/***/task/task_runner/standard_task_runner.py:70: DeprecationWarning: This process (pid=332) is multi-threaded, use of fork() may lead to deadlocks in the child.
  pid = os.fork()

[2025-03-26T18:08:46.785+0000] {standard_task_runner.py:72} INFO - Started process 338 to run task
[2025-03-26T18:08:46.796+0000] {standard_task_runner.py:104} INFO - Running: ['***', 'tasks', 'run', 'prf_dag', 'extract_hrefs', 'scheduled__2025-02-01T00:00:00+00:00', '--job-id', '5', '--raw', '--subdir', 'DAGS_FOLDER/prf_dag.py', '--cfg-path', '/tmp/tmp3igxd2pv']
[2025-03-26T18:08:46.803+0000] {standard_task_runner.py:105} INFO - Job 5: Subtask extract_hrefs
[2025-03-26T18:08:47.059+0000] {task_command.py:467} INFO - Running <TaskInstance: prf_dag.extract_hrefs scheduled__2025-02-01T00:00:00+00:00 [running]> on host 3a60e3c0d2e4
[2025-03-26T18:08:47.508+0000] {taskinstance.py:3131} INFO - Exporting env vars: AIRFLOW_CTX_DAG_OWNER='***' AIRFLOW_CTX_DAG_ID='prf_dag' AIRFLOW_CTX_TASK_ID='extract_hrefs' AIRFLOW_CTX_EXECUTION_DATE='2025-02-01T00:00:00+00:00' AIRFLOW_CTX_TRY_NUMBER='1' AIRFLOW_CTX_DAG_RUN_ID='scheduled__2025-02-01T00:00:00+00:00'
[2025-03-26T18:08:47.517+0000] {taskinstance.py:731} INFO - ::endgroup::
[2025-03-26T18:08:53.644+0000] {job.py:229} INFO - Heartbeat recovered after 12.23 seconds
[2025-03-26T18:09:05.209+0000] {prf_dag.py:69} INFO - Documento CSV de Acidentes 2025 (Agrupados por ocorrência)
[2025-03-26T18:09:05.213+0000] {prf_dag.py:70} INFO - https://drive.google.com/file/d/1-G3MdmHBt6CprDwcW99xxC4BZ2DU5ryR/view?usp=sharing/download
[2025-03-26T18:09:05.217+0000] {prf_dag.py:69} INFO - Documento CSV de Acidentes 2025 (Agrupados por pessoa)
[2025-03-26T18:09:05.221+0000] {prf_dag.py:70} INFO - https://drive.google.com/file/d/1-Gp9S-ALO0D1nT8S_OKoC8xlW7BY8F82/view?usp=sharing/download
[2025-03-26T18:09:05.232+0000] {prf_dag.py:69} INFO - Documento CSV de Acidentes 2025 (Agrupados por pessoa - Todas as causas e tipos de acidentes)
[2025-03-26T18:09:05.233+0000] {prf_dag.py:70} INFO - https://drive.google.com/file/d/1-PJGRbfSe7PVjU37A3wTCls_NRXyVGRD/view?usp=sharing/download
[2025-03-26T18:09:05.234+0000] {prf_dag.py:69} INFO - Documento CSV de Acidentes 2024 (Agrupados por ocorrência)
[2025-03-26T18:09:05.249+0000] {prf_dag.py:70} INFO - https://drive.google.com/file/d/14lB0vqMFkaZj8HZ44b0njYgxs9nAN8KO/view?usp=sharing/download
[2025-03-26T18:09:05.252+0000] {prf_dag.py:69} INFO - Documento CSV de Acidentes 2024 (Agrupados por pessoa)
[2025-03-26T18:09:05.255+0000] {prf_dag.py:70} INFO - https://drive.google.com/file/d/14lVfqdoE2gxDliaKZu7K9Mx6847maPtl/view?usp=sharing/download
[2025-03-26T18:09:05.259+0000] {prf_dag.py:69} INFO - Documento CSV de Acidentes 2024 (Agrupados por pessoa - Todas as causas e tipos de acidentes)
[2025-03-26T18:09:05.264+0000] {prf_dag.py:70} INFO - https://drive.google.com/file/d/14qBOhrE1gioVtuXgxkCJ9kCA8YtUGXKA/view?usp=sharing/download
[2025-03-26T18:09:05.265+0000] {prf_dag.py:69} INFO - Documento CSV de Acidentes 2023 (Agrupados por ocorrência)
[2025-03-26T18:09:05.265+0000] {prf_dag.py:70} INFO - https://drive.google.com/file/d/1-WO3SfNrwwZ5_l7fRTiwBKRw7mi1-HUq/view?usp=sharing/download
[2025-03-26T18:09:05.266+0000] {prf_dag.py:69} INFO - Documento CSV de Acidentes 2023 (Agrupados por pessoa)
[2025-03-26T18:09:05.274+0000] {prf_dag.py:70} INFO - https://drive.google.com/file/d/1-Yk6TV00CH3PixTkKmkoUJQsNiUc5xLm/view?usp=share_link/download
[2025-03-26T18:09:05.276+0000] {prf_dag.py:69} INFO - Documento CSV de Acidentes 2023 (Agrupados por pessoa - Todas as causas e tipos de acidentes)
[2025-03-26T18:09:05.277+0000] {prf_dag.py:70} INFO - https://drive.google.com/file/d/1-caam_dahYOf2eorq4mez04Om6DD5d_3/view?usp=sharing/download
[2025-03-26T18:09:05.280+0000] {prf_dag.py:69} INFO - Documento CSV de Acidentes 2022 (Agrupados por ocorrência)
[2025-03-26T18:09:05.280+0000] {prf_dag.py:70} INFO - https://drive.google.com/file/d/1PRQjuV5gOn_nn6UNvaJyVURDIfbSAK4-/view?usp=sharing/download
[2025-03-26T18:09:05.284+0000] {prf_dag.py:69} INFO - Documento CSV de Acidentes 2022 (Agrupados por pessoa)
[2025-03-26T18:09:05.289+0000] {prf_dag.py:70} INFO - https://drive.google.com/file/d/1sd8YIqIHapYaxQeaa-6yeWMdVLTl6hgD/view?usp=sharing/download
[2025-03-26T18:09:05.290+0000] {prf_dag.py:69} INFO - Documento CSV de Acidentes 2022 (Agrupados por pessoa - Todas as causas e tipos de acidentes)
[2025-03-26T18:09:05.293+0000] {prf_dag.py:70} INFO - https://drive.google.com/file/d/1wskEgRC3ame7rncSDQ7qWhKsoKw1lohY/view?usp=sharing/download
[2025-03-26T18:09:05.294+0000] {prf_dag.py:69} INFO - Documento CSV de Acidentes 2021 (Agrupados por ocorrência)
[2025-03-26T18:09:05.304+0000] {prf_dag.py:70} INFO - https://drive.google.com/file/d/12xH8LX9aN2gObR766YN3cMcuycwyCJDz/view?usp=sharing/download
[2025-03-26T18:09:05.307+0000] {prf_dag.py:69} INFO - Documento CSV de Acidentes 2021 (Agrupados por pessoa)
[2025-03-26T18:09:05.310+0000] {prf_dag.py:70} INFO - https://drive.google.com/file/d/15W_l07-6taOh8Ycn8uk2Er9PnSj0vq3f/view?usp=drive_link/download
[2025-03-26T18:09:05.316+0000] {prf_dag.py:69} INFO - Documento CSV de Acidentes 2021 (Agrupados por pessoa - Todas as causas e tipos de acidentes)
[2025-03-26T18:09:05.317+0000] {prf_dag.py:70} INFO - https://drive.google.com/file/d/1Gk3U6cMOZIevsDZHLi6J503xoCRS_lnI/view?usp=drive_link/download
[2025-03-26T18:09:05.322+0000] {prf_dag.py:69} INFO - Documento CSV de Acidentes 2020 (Agrupados por ocorrência)
[2025-03-26T18:09:05.327+0000] {prf_dag.py:70} INFO - https://drive.google.com/file/d/1esu6IiH5TVTxFoedv6DBGDd01Gvi8785/view?usp=sharing/download
[2025-03-26T18:09:05.331+0000] {prf_dag.py:69} INFO - Documento CSV de Acidentes 2020 (Agrupados por pessoa)
[2025-03-26T18:09:05.333+0000] {prf_dag.py:70} INFO - https://drive.google.com/file/d/1iQvs2D9a2XO9vIukrjEIIhtjzkNkgD7Z/view?usp=drive_link/download
[2025-03-26T18:09:05.333+0000] {prf_dag.py:69} INFO - Documento CSV de Acidentes 2020 (Agrupados por pessoa - Todas as causas e tipos de acidentes)
[2025-03-26T18:09:05.336+0000] {prf_dag.py:70} INFO - https://drive.google.com/file/d/1yQtVOsAlupPHQVVTmbJo0NR3XMzgHANO/view?usp=sharing/download
[2025-03-26T18:09:05.340+0000] {prf_dag.py:69} INFO - Documento CSV de Acidentes 2019 (Agrupados por ocorrência)
[2025-03-26T18:09:05.342+0000] {prf_dag.py:70} INFO - https://drive.google.com/file/d/1pN3fn2wY34GH6cY-gKfbxRJJBFE0lb_l/view?usp=drive_link/download
[2025-03-26T18:09:05.343+0000] {prf_dag.py:69} INFO - Documento CSV de Acidentes 2019 (Agrupados por pessoa)
[2025-03-26T18:09:05.349+0000] {prf_dag.py:70} INFO - https://drive.google.com/file/d/14r_9zudjjndgcnjRddzD5lvn9MX5VvZZ/view?usp=drive_link/download
[2025-03-26T18:09:05.351+0000] {prf_dag.py:69} INFO - Documento CSV de Acidentes 2019 (Agrupados por pessoa - Todas as causas e tipos de acidentes)
[2025-03-26T18:09:05.352+0000] {prf_dag.py:70} INFO - https://drive.google.com/file/d/1DAJYKVfkTcPhQodSmHp9rsG1Q8XJW-m3/view?usp=drive_link/download
[2025-03-26T18:09:05.355+0000] {prf_dag.py:69} INFO - Documento CSV de Acidentes 2018 (Agrupados por ocorrência)
[2025-03-26T18:09:05.366+0000] {prf_dag.py:70} INFO - https://drive.google.com/file/d/1cM4IgGMIiR-u4gBIH5IEe3DcvBvUzedi/view?usp=drive_link/download
[2025-03-26T18:09:05.367+0000] {prf_dag.py:69} INFO - Documento CSV de Acidentes 2018 (Agrupados por pessoa)
[2025-03-26T18:09:05.369+0000] {prf_dag.py:70} INFO - https://drive.google.com/file/d/1Ja1dN8R_-Dw7sjQVo63UQHicO3jfyzIS/view?usp=drive_link/download
[2025-03-26T18:09:05.386+0000] {prf_dag.py:69} INFO - Documento CSV de Acidentes 2018 (Agrupados por pessoa - Todas as causas e tipos de acidentes)
[2025-03-26T18:09:05.391+0000] {prf_dag.py:70} INFO - https://drive.google.com/file/d/1J-012nSnIafOASNFvIYY_vDKKpM51w5_/view?usp=drive_link/download
[2025-03-26T18:09:05.393+0000] {prf_dag.py:69} INFO - Documento CSV de Acidentes 2017 (Agrupados por ocorrência)
[2025-03-26T18:09:05.398+0000] {prf_dag.py:70} INFO - https://drive.google.com/file/d/1HPLWt5f_l4RIX3tKjI4tUXyZOev52W0N/view?usp=drive_link/download
[2025-03-26T18:09:05.400+0000] {prf_dag.py:69} INFO - Documento CSV de Acidentes 2017 (Agrupados por pessoa)
[2025-03-26T18:09:05.401+0000] {prf_dag.py:70} INFO - https://drive.google.com/file/d/1mw2CerP_ZEZwREy4WYM_Kxd4rjUHQjbk/view?usp=drive_link/download
[2025-03-26T18:09:05.403+0000] {prf_dag.py:69} INFO - Documento CSV de Acidentes 2017 (Agrupados por pessoa - Todas as causas e tipos de acidentes)
[2025-03-26T18:09:05.408+0000] {prf_dag.py:70} INFO - https://drive.google.com/file/d/1Kv5mNgZvxtl0xwqsmDrxcaLY2KELxR-3/view?usp=drive_link/download
[2025-03-26T18:09:05.409+0000] {prf_dag.py:69} INFO - Documento CSV de Acidentes 2016 (Agrupados por ocorrência)
[2025-03-26T18:09:05.410+0000] {prf_dag.py:70} INFO - https://drive.google.com/file/d/16qooQl_ySoW61CrtsBbreBVNPYlEkoYm/view?usp=drive_link/download
[2025-03-26T18:09:05.413+0000] {prf_dag.py:69} INFO - Documento CSV de Acidentes 2016 (Agrupados por pessoa)
[2025-03-26T18:09:05.414+0000] {prf_dag.py:70} INFO - https://drive.google.com/file/d/1zaBGNLk50krRVOxZmB-kfJl6zSOTdmMP/view?usp=drive_link/download
[2025-03-26T18:09:05.416+0000] {prf_dag.py:69} INFO - Documento CSV de Acidentes 2015 (Agrupados por ocorrência)
[2025-03-26T18:09:05.417+0000] {prf_dag.py:70} INFO - https://drive.google.com/file/d/1DyqR5FFcwGsamSag-fGm13feQt0Y-3Da/view?usp=drive_link/download
[2025-03-26T18:09:05.419+0000] {prf_dag.py:69} INFO - Documento CSV de Acidentes 2015 (Agrupados por pessoa)
[2025-03-26T18:09:05.424+0000] {prf_dag.py:70} INFO - https://drive.google.com/file/d/1oisqFB_DD3jAChYxBmiyQVR9WrGOwvQt/view?usp=drive_link/download
[2025-03-26T18:09:05.428+0000] {prf_dag.py:69} INFO - Documento CSV de Acidentes 2014 (Agrupados por ocorrência)
[2025-03-26T18:09:05.431+0000] {prf_dag.py:70} INFO - https://drive.google.com/file/d/1FpF5wTBsRDkEhLm3z2g8XDiXr9SO9Uk8/view?usp=drive_link/download
[2025-03-26T18:09:05.436+0000] {prf_dag.py:69} INFO - Documento CSV de Acidentes 2014 (Agrupados por pessoa)
[2025-03-26T18:09:05.442+0000] {prf_dag.py:70} INFO - https://drive.google.com/file/d/1qmCExfnS3nTYIZhDdJblJnn0jlTLWR3K/view?usp=drive_link/download
[2025-03-26T18:09:05.450+0000] {prf_dag.py:69} INFO - Documento CSV de Acidentes 2013 (Agrupados por ocorrência)
[2025-03-26T18:09:05.455+0000] {prf_dag.py:70} INFO - https://drive.google.com/file/d/1p_7lw9RzkINfscYAZSmc-Z9Ci4ZPJyEr/view?usp=drive_link/download
[2025-03-26T18:09:05.456+0000] {prf_dag.py:69} INFO - Documento CSV de Acidentes 2013 (Agrupados por pessoa)
[2025-03-26T18:09:05.459+0000] {prf_dag.py:70} INFO - https://drive.google.com/file/d/1-zd3x9aTHD5cQH7SWGMDOQ-4-DuxVV1T/view?usp=drive_link/download
[2025-03-26T18:09:05.460+0000] {prf_dag.py:69} INFO - Documento CSV de Acidentes 2012 (Agrupados por ocorrência)
[2025-03-26T18:09:05.477+0000] {prf_dag.py:70} INFO - https://drive.google.com/file/d/18Yz2prqKSLthrMmW-73vrOiDmKTCL6xE/view?usp=drive_link/download
[2025-03-26T18:09:05.478+0000] {prf_dag.py:69} INFO - Documento CSV de Acidentes 2012 (Agrupados por pessoa)
[2025-03-26T18:09:05.479+0000] {prf_dag.py:70} INFO - https://drive.google.com/file/d/1FYqtz2_QMvk0eOMhs9TOQHrmF4uOvv_W/view?usp=drive_link/download
[2025-03-26T18:09:05.484+0000] {prf_dag.py:69} INFO - Documento CSV de Acidentes 2011 (Agrupados por ocorrência)
[2025-03-26T18:09:05.495+0000] {prf_dag.py:70} INFO - https://drive.google.com/file/d/1HHhgLF-kSR6Gde2qOaTXL3T5ieD33hpG/view?usp=drive_link/download
[2025-03-26T18:09:05.500+0000] {prf_dag.py:69} INFO - Documento CSV de Acidentes 2011 (Agrupados por pessoa)
[2025-03-26T18:09:05.503+0000] {prf_dag.py:70} INFO - https://drive.google.com/file/d/1XTcOujBbP_8AEYYrOfjxGxzqHcQYLNy2/view?usp=drive_link/download
[2025-03-26T18:09:05.503+0000] {prf_dag.py:69} INFO - Documento CSV de Acidentes 2010 (Agrupados por ocorrência)
[2025-03-26T18:09:05.504+0000] {prf_dag.py:70} INFO - https://drive.google.com/file/d/1_yU6FRh8M7USjiChQwyF20NtY48GTmEX/view?usp=drive_link/download
[2025-03-26T18:09:05.505+0000] {prf_dag.py:69} INFO - Documento CSV de Acidentes 2010 (Agrupados por pessoa)
[2025-03-26T18:09:05.506+0000] {prf_dag.py:70} INFO - https://drive.google.com/file/d/1Zg9SdeQa72Gu49ZhJosBuM7TkJcEYiaI/view?usp=drive_link/download
[2025-03-26T18:09:05.506+0000] {prf_dag.py:69} INFO - Documento CSV de Acidentes 2009 (Agrupados por ocorrência)
[2025-03-26T18:09:05.512+0000] {prf_dag.py:70} INFO - https://drive.google.com/file/d/1qkVatg0pC_zosuBs0NCSgEXDJvBbnTYC/view?usp=drive_link/download
[2025-03-26T18:09:05.517+0000] {prf_dag.py:69} INFO - Documento CSV de Acidentes 2009 (Agrupados por pessoa)
[2025-03-26T18:09:05.522+0000] {prf_dag.py:70} INFO - https://drive.google.com/file/d/1gysMdwpeT3h4CUOGDkQMvFJzPp1Fn-bg/view?usp=drive_link/download
[2025-03-26T18:09:05.525+0000] {prf_dag.py:69} INFO - Documento CSV de Acidentes 2008 (Agrupados por ocorrência)
[2025-03-26T18:09:05.526+0000] {prf_dag.py:70} INFO - https://drive.google.com/file/d/1_OSeHlyKJw8cIhMS_JzSg1RlYX8k6vSG/view?usp=drive_link/download
[2025-03-26T18:09:05.529+0000] {prf_dag.py:69} INFO - Documento CSV de Acidentes 2008 (Agrupados por pessoa)
[2025-03-26T18:09:05.531+0000] {prf_dag.py:70} INFO - https://drive.google.com/file/d/1gabSVTay5faBo4r9VNksgxhKXuuxu71U/view?usp=drive_link/download
[2025-03-26T18:09:05.532+0000] {prf_dag.py:69} INFO - Documento CSV de Acidentes 2007 (Agrupados por ocorrência)
[2025-03-26T18:09:05.533+0000] {prf_dag.py:70} INFO - https://drive.google.com/file/d/1EFpZF5F6cB0DOHd2Uxnj7X948WE69a8e/view?usp=drive_link/download
[2025-03-26T18:09:05.533+0000] {prf_dag.py:69} INFO - Documento CSV de Acidentes 2007 (Agrupados por pessoa)
[2025-03-26T18:09:05.533+0000] {prf_dag.py:70} INFO - https://drive.google.com/file/d/1v2tz5wJYFlPBb-8ZIf-pchbSO-JT4YZG/view?usp=drive_link/download
[2025-03-26T18:09:05.536+0000] {prf_dag.py:69} INFO - Dicionário de Dados - Acidentes
[2025-03-26T18:09:05.537+0000] {prf_dag.py:70} INFO - https://www.gov.br/prf/pt-br/acesso-a-informacao/dados-abertos/dicionario-acidentes
[2025-03-26T18:09:05.610+0000] {python.py:240} INFO - Done. Returned value was: [('Documento CSV de Acidentes 2025 (Agrupados por ocorrência)', 'https://drive.google.com/file/d/1-G3MdmHBt6CprDwcW99xxC4BZ2DU5ryR/view?usp=sharing/download'), ('Documento CSV de Acidentes 2025 (Agrupados por pessoa)', 'https://drive.google.com/file/d/1-Gp9S-ALO0D1nT8S_OKoC8xlW7BY8F82/view?usp=sharing/download'), ('Documento CSV de Acidentes 2025 (Agrupados por pessoa - Todas as causas e tipos de acidentes)', 'https://drive.google.com/file/d/1-PJGRbfSe7PVjU37A3wTCls_NRXyVGRD/view?usp=sharing/download'), ('Documento CSV de Acidentes 2024 (Agrupados por ocorrência)', 'https://drive.google.com/file/d/14lB0vqMFkaZj8HZ44b0njYgxs9nAN8KO/view?usp=sharing/download'), ('Documento CSV de Acidentes 2024 (Agrupados por pessoa)', 'https://drive.google.com/file/d/14lVfqdoE2gxDliaKZu7K9Mx6847maPtl/view?usp=sharing/download'), ('Documento CSV de Acidentes 2024 (Agrupados por pessoa - Todas as causas e tipos de acidentes)', 'https://drive.google.com/file/d/14qBOhrE1gioVtuXgxkCJ9kCA8YtUGXKA/view?usp=sharing/download'), ('Documento CSV de Acidentes 2023 (Agrupados por ocorrência)', 'https://drive.google.com/file/d/1-WO3SfNrwwZ5_l7fRTiwBKRw7mi1-HUq/view?usp=sharing/download'), ('Documento CSV de Acidentes 2023 (Agrupados por pessoa)', 'https://drive.google.com/file/d/1-Yk6TV00CH3PixTkKmkoUJQsNiUc5xLm/view?usp=share_link/download'), ('Documento CSV de Acidentes 2023 (Agrupados por pessoa - Todas as causas e tipos de acidentes)', 'https://drive.google.com/file/d/1-caam_dahYOf2eorq4mez04Om6DD5d_3/view?usp=sharing/download'), ('Documento CSV de Acidentes 2022\xa0(Agrupados por ocorrência)', 'https://drive.google.com/file/d/1PRQjuV5gOn_nn6UNvaJyVURDIfbSAK4-/view?usp=sharing/download'), ('Documento CSV de Acidentes 2022\xa0(Agrupados por pessoa)', 'https://drive.google.com/file/d/1sd8YIqIHapYaxQeaa-6yeWMdVLTl6hgD/view?usp=sharing/download'), ('Documento CSV de Acidentes 2022\xa0(Agrupados por pessoa - Todas as causas e tipos de acidentes)', 'https://drive.google.com/file/d/1wskEgRC3ame7rncSDQ7qWhKsoKw1lohY/view?usp=sharing/download'), ('Documento CSV de Acidentes 2021 (Agrupados por ocorrência)', 'https://drive.google.com/file/d/12xH8LX9aN2gObR766YN3cMcuycwyCJDz/view?usp=sharing/download'), ('Documento CSV de Acidentes 2021 (Agrupados por pessoa)', 'https://drive.google.com/file/d/15W_l07-6taOh8Ycn8uk2Er9PnSj0vq3f/view?usp=drive_link/download'), ('Documento CSV de Acidentes 2021 (Agrupados por pessoa - Todas as causas e tipos de acidentes)', 'https://drive.google.com/file/d/1Gk3U6cMOZIevsDZHLi6J503xoCRS_lnI/view?usp=drive_link/download'), ('Documento CSV de Acidentes 2020 (Agrupados por ocorrência)', 'https://drive.google.com/file/d/1esu6IiH5TVTxFoedv6DBGDd01Gvi8785/view?usp=sharing/download'), ('Documento CSV de Acidentes 2020 (Agrupados por pessoa)', 'https://drive.google.com/file/d/1iQvs2D9a2XO9vIukrjEIIhtjzkNkgD7Z/view?usp=drive_link/download'), ('Documento CSV de Acidentes 2020 (Agrupados por pessoa - Todas as causas e tipos de acidentes)', 'https://drive.google.com/file/d/1yQtVOsAlupPHQVVTmbJo0NR3XMzgHANO/view?usp=sharing/download'), ('Documento CSV de Acidentes 2019 (Agrupados por ocorrência)', 'https://drive.google.com/file/d/1pN3fn2wY34GH6cY-gKfbxRJJBFE0lb_l/view?usp=drive_link/download'), ('Documento CSV de Acidentes 2019 (Agrupados por pessoa)', 'https://drive.google.com/file/d/14r_9zudjjndgcnjRddzD5lvn9MX5VvZZ/view?usp=drive_link/download'), ('Documento CSV de Acidentes 2019 (Agrupados por pessoa - Todas as causas e tipos de acidentes)', 'https://drive.google.com/file/d/1DAJYKVfkTcPhQodSmHp9rsG1Q8XJW-m3/view?usp=drive_link/download'), ('Documento CSV de Acidentes 2018 (Agrupados por ocorrência)', 'https://drive.google.com/file/d/1cM4IgGMIiR-u4gBIH5IEe3DcvBvUzedi/view?usp=drive_link/download'), ('Documento CSV de Acidentes 2018 (Agrupados por pessoa)', 'https://drive.google.com/file/d/1Ja1dN8R_-Dw7sjQVo63UQHicO3jfyzIS/view?usp=drive_link/download'), ('Documento CSV de Acidentes 2018 (Agrupados por pessoa - Todas as causas e tipos de acidentes)', 'https://drive.google.com/file/d/1J-012nSnIafOASNFvIYY_vDKKpM51w5_/view?usp=drive_link/download'), ('Documento CSV de Acidentes 2017 (Agrupados por ocorrência)', 'https://drive.google.com/file/d/1HPLWt5f_l4RIX3tKjI4tUXyZOev52W0N/view?usp=drive_link/download'), ('Documento CSV de Acidentes 2017 (Agrupados por pessoa)', 'https://drive.google.com/file/d/1mw2CerP_ZEZwREy4WYM_Kxd4rjUHQjbk/view?usp=drive_link/download'), ('Documento CSV de Acidentes 2017 (Agrupados por pessoa - Todas as causas e tipos de acidentes)', 'https://drive.google.com/file/d/1Kv5mNgZvxtl0xwqsmDrxcaLY2KELxR-3/view?usp=drive_link/download'), ('Documento CSV de Acidentes 2016 (Agrupados por ocorrência)', 'https://drive.google.com/file/d/16qooQl_ySoW61CrtsBbreBVNPYlEkoYm/view?usp=drive_link/download'), ('Documento CSV de Acidentes 2016 (Agrupados por pessoa)', 'https://drive.google.com/file/d/1zaBGNLk50krRVOxZmB-kfJl6zSOTdmMP/view?usp=drive_link/download'), ('Documento CSV de Acidentes 2015 (Agrupados por ocorrência)', 'https://drive.google.com/file/d/1DyqR5FFcwGsamSag-fGm13feQt0Y-3Da/view?usp=drive_link/download'), ('Documento CSV de Acidentes 2015 (Agrupados por pessoa)', 'https://drive.google.com/file/d/1oisqFB_DD3jAChYxBmiyQVR9WrGOwvQt/view?usp=drive_link/download'), ('Documento CSV de Acidentes 2014 (Agrupados por ocorrência)', 'https://drive.google.com/file/d/1FpF5wTBsRDkEhLm3z2g8XDiXr9SO9Uk8/view?usp=drive_link/download'), ('Documento CSV de Acidentes 2014 (Agrupados por pessoa)', 'https://drive.google.com/file/d/1qmCExfnS3nTYIZhDdJblJnn0jlTLWR3K/view?usp=drive_link/download'), ('Documento CSV de Acidentes 2013 (Agrupados por ocorrência)', 'https://drive.google.com/file/d/1p_7lw9RzkINfscYAZSmc-Z9Ci4ZPJyEr/view?usp=drive_link/download'), ('Documento CSV de Acidentes 2013 (Agrupados por pessoa)', 'https://drive.google.com/file/d/1-zd3x9aTHD5cQH7SWGMDOQ-4-DuxVV1T/view?usp=drive_link/download'), ('Documento CSV de Acidentes 2012 (Agrupados por ocorrência)', 'https://drive.google.com/file/d/18Yz2prqKSLthrMmW-73vrOiDmKTCL6xE/view?usp=drive_link/download'), ('Documento CSV de Acidentes 2012 (Agrupados por pessoa)', 'https://drive.google.com/file/d/1FYqtz2_QMvk0eOMhs9TOQHrmF4uOvv_W/view?usp=drive_link/download'), ('Documento CSV de Acidentes 2011 (Agrupados por ocorrência)', 'https://drive.google.com/file/d/1HHhgLF-kSR6Gde2qOaTXL3T5ieD33hpG/view?usp=drive_link/download'), ('Documento CSV de Acidentes 2011 (Agrupados por pessoa)', 'https://drive.google.com/file/d/1XTcOujBbP_8AEYYrOfjxGxzqHcQYLNy2/view?usp=drive_link/download'), ('Documento CSV de Acidentes 2010 (Agrupados por ocorrência)', 'https://drive.google.com/file/d/1_yU6FRh8M7USjiChQwyF20NtY48GTmEX/view?usp=drive_link/download'), ('Documento CSV de Acidentes 2010 (Agrupados por pessoa)', 'https://drive.google.com/file/d/1Zg9SdeQa72Gu49ZhJosBuM7TkJcEYiaI/view?usp=drive_link/download'), ('Documento CSV de Acidentes 2009 (Agrupados por ocorrência)', 'https://drive.google.com/file/d/1qkVatg0pC_zosuBs0NCSgEXDJvBbnTYC/view?usp=drive_link/download'), ('Documento CSV de Acidentes 2009 (Agrupados por pessoa)', 'https://drive.google.com/file/d/1gysMdwpeT3h4CUOGDkQMvFJzPp1Fn-bg/view?usp=drive_link/download'), ('Documento CSV de Acidentes 2008 (Agrupados por ocorrência)', 'https://drive.google.com/file/d/1_OSeHlyKJw8cIhMS_JzSg1RlYX8k6vSG/view?usp=drive_link/download'), ('Documento CSV de Acidentes 2008 (Agrupados por pessoa)', 'https://drive.google.com/file/d/1gabSVTay5faBo4r9VNksgxhKXuuxu71U/view?usp=drive_link/download'), ('Documento CSV de Acidentes 2007 (Agrupados por ocorrência)', 'https://drive.google.com/file/d/1EFpZF5F6cB0DOHd2Uxnj7X948WE69a8e/view?usp=drive_link/download'), ('Documento CSV de Acidentes 2007 (Agrupados por pessoa)', 'https://drive.google.com/file/d/1v2tz5wJYFlPBb-8ZIf-pchbSO-JT4YZG/view?usp=drive_link/download')]
[2025-03-26T18:09:06.043+0000] {taskinstance.py:340} INFO - ::group::Post task execution logs
[2025-03-26T18:09:06.086+0000] {taskinstance.py:352} INFO - Marking task as SUCCESS. dag_id=prf_dag, task_id=extract_hrefs, run_id=scheduled__2025-02-01T00:00:00+00:00, execution_date=20250201T000000, start_date=20250326T180846, end_date=20250326T180906
[2025-03-26T18:09:06.349+0000] {local_task_job_runner.py:266} INFO - Task exited with return code 0
[2025-03-26T18:09:06.865+0000] {taskinstance.py:3900} INFO - 1 downstream tasks scheduled from follow-on schedule check
[2025-03-26T18:09:06.888+0000] {local_task_job_runner.py:245} INFO - ::endgroup::
[2025-03-26T18:09:07.154+0000] {standard_task_runner.py:217} INFO - Process not found (most likely exited), stop collecting metrics
