[2025-03-27T17:00:09.978+0000] {local_task_job_runner.py:123} INFO - ::group::Pre task execution logs
[2025-03-27T17:00:10.034+0000] {taskinstance.py:2612} INFO - Dependencies all met for dep_context=non-requeueable deps ti=<TaskInstance: get_inaturalist_data_atropelamento.get_all_data scheduled__2025-03-27T16:30:00+00:00 [queued]>
[2025-03-27T17:00:10.061+0000] {taskinstance.py:2612} INFO - Dependencies all met for dep_context=requeueable deps ti=<TaskInstance: get_inaturalist_data_atropelamento.get_all_data scheduled__2025-03-27T16:30:00+00:00 [queued]>
[2025-03-27T17:00:10.062+0000] {taskinstance.py:2865} INFO - Starting attempt 1 of 4
[2025-03-27T17:00:10.107+0000] {taskinstance.py:2888} INFO - Executing <Task(_PythonDecoratedOperator): get_all_data> on 2025-03-27 16:30:00+00:00
[2025-03-27T17:00:10.150+0000] {warnings.py:112} WARNING - /home/***/.local/lib/python3.12/site-packages/***/task/task_runner/standard_task_runner.py:70: DeprecationWarning: This process (pid=115) is multi-threaded, use of fork() may lead to deadlocks in the child.
  pid = os.fork()

[2025-03-27T17:00:10.160+0000] {standard_task_runner.py:72} INFO - Started process 117 to run task
[2025-03-27T17:00:10.159+0000] {standard_task_runner.py:104} INFO - Running: ['***', 'tasks', 'run', 'get_inaturalist_data_atropelamento', 'get_all_data', 'scheduled__2025-03-27T16:30:00+00:00', '--job-id', '176', '--raw', '--subdir', 'DAGS_FOLDER/inaturalist_dag.py', '--cfg-path', '/tmp/tmpcarx7_u_']
[2025-03-27T17:00:10.163+0000] {standard_task_runner.py:105} INFO - Job 176: Subtask get_all_data
[2025-03-27T17:00:10.343+0000] {task_command.py:467} INFO - Running <TaskInstance: get_inaturalist_data_atropelamento.get_all_data scheduled__2025-03-27T16:30:00+00:00 [running]> on host 804b404afff8
[2025-03-27T17:00:10.684+0000] {taskinstance.py:3131} INFO - Exporting env vars: AIRFLOW_CTX_DAG_OWNER='***' AIRFLOW_CTX_DAG_ID='get_inaturalist_data_atropelamento' AIRFLOW_CTX_TASK_ID='get_all_data' AIRFLOW_CTX_EXECUTION_DATE='2025-03-27T16:30:00+00:00' AIRFLOW_CTX_TRY_NUMBER='1' AIRFLOW_CTX_DAG_RUN_ID='scheduled__2025-03-27T16:30:00+00:00'
[2025-03-27T17:00:10.692+0000] {taskinstance.py:731} INFO - ::endgroup::
[2025-03-27T17:00:10.719+0000] {inaturalist_dag.py:150} INFO - Getting data from keyword: atropelamento
[2025-03-27T17:00:10.806+0000] {inaturalist_dag.py:41} INFO - Maximum id 264497584 for the request
[2025-03-27T17:00:12.769+0000] {inaturalist_dag.py:58} INFO - Got 0 results
[2025-03-27T17:00:12.781+0000] {inaturalist_dag.py:158} INFO - No more observations found, stopping.
[2025-03-27T17:00:12.831+0000] {crypto.py:82} WARNING - empty cryptography key - values will not be stored encrypted.
[2025-03-27T17:00:12.853+0000] {python.py:240} INFO - Done. Returned value was: []
[2025-03-27T17:00:12.931+0000] {taskinstance.py:340} INFO - ::group::Post task execution logs
[2025-03-27T17:00:12.934+0000] {taskinstance.py:352} INFO - Marking task as SUCCESS. dag_id=get_inaturalist_data_atropelamento, task_id=get_all_data, run_id=scheduled__2025-03-27T16:30:00+00:00, execution_date=20250327T163000, start_date=20250327T170010, end_date=20250327T170012
[2025-03-27T17:00:13.064+0000] {local_task_job_runner.py:266} INFO - Task exited with return code 0
[2025-03-27T17:00:13.234+0000] {taskinstance.py:3900} INFO - 1 downstream tasks scheduled from follow-on schedule check
[2025-03-27T17:00:13.241+0000] {local_task_job_runner.py:245} INFO - ::endgroup::
