[2025-03-25T18:30:03.622+0000] {local_task_job_runner.py:123} INFO - ::group::Pre task execution logs
[2025-03-25T18:30:03.640+0000] {taskinstance.py:2612} INFO - Dependencies all met for dep_context=non-requeueable deps ti=<TaskInstance: get_inaturalist_data_atropelada.get_all_data scheduled__2025-03-25T18:00:00+00:00 [queued]>
[2025-03-25T18:30:03.646+0000] {taskinstance.py:2612} INFO - Dependencies all met for dep_context=requeueable deps ti=<TaskInstance: get_inaturalist_data_atropelada.get_all_data scheduled__2025-03-25T18:00:00+00:00 [queued]>
[2025-03-25T18:30:03.646+0000] {taskinstance.py:2865} INFO - Starting attempt 1 of 1
[2025-03-25T18:30:03.656+0000] {taskinstance.py:2888} INFO - Executing <Task(_PythonDecoratedOperator): get_all_data> on 2025-03-25 18:00:00+00:00
[2025-03-25T18:30:03.668+0000] {warnings.py:112} WARNING - /home/***/.local/lib/python3.12/site-packages/***/task/task_runner/standard_task_runner.py:70: DeprecationWarning: This process (pid=216) is multi-threaded, use of fork() may lead to deadlocks in the child.
  pid = os.fork()

[2025-03-25T18:30:03.674+0000] {standard_task_runner.py:72} INFO - Started process 221 to run task
[2025-03-25T18:30:03.673+0000] {standard_task_runner.py:104} INFO - Running: ['***', 'tasks', 'run', 'get_inaturalist_data_atropelada', 'get_all_data', 'scheduled__2025-03-25T18:00:00+00:00', '--job-id', '15', '--raw', '--subdir', 'DAGS_FOLDER/inaturalist_dag.py', '--cfg-path', '/tmp/tmp1r7kbmki']
[2025-03-25T18:30:03.677+0000] {standard_task_runner.py:105} INFO - Job 15: Subtask get_all_data
[2025-03-25T18:30:03.761+0000] {task_command.py:467} INFO - Running <TaskInstance: get_inaturalist_data_atropelada.get_all_data scheduled__2025-03-25T18:00:00+00:00 [running]> on host a0aa46a61eca
[2025-03-25T18:30:03.903+0000] {taskinstance.py:3131} INFO - Exporting env vars: AIRFLOW_CTX_DAG_OWNER='***' AIRFLOW_CTX_DAG_ID='get_inaturalist_data_atropelada' AIRFLOW_CTX_TASK_ID='get_all_data' AIRFLOW_CTX_EXECUTION_DATE='2025-03-25T18:00:00+00:00' AIRFLOW_CTX_TRY_NUMBER='1' AIRFLOW_CTX_DAG_RUN_ID='scheduled__2025-03-25T18:00:00+00:00'
[2025-03-25T18:30:03.979+0000] {taskinstance.py:731} INFO - ::endgroup::
[2025-03-25T18:30:04.126+0000] {inaturalist_dag.py:303} INFO - Maximum id 266353661 for the request
[2025-03-25T18:30:07.253+0000] {inaturalist_dag.py:320} INFO - Got 0 results
[2025-03-25T18:30:07.595+0000] {crypto.py:82} WARNING - empty cryptography key - values will not be stored encrypted.
[2025-03-25T18:30:07.683+0000] {python.py:240} INFO - Done. Returned value was: []
[2025-03-25T18:30:08.280+0000] {taskinstance.py:340} INFO - ::group::Post task execution logs
[2025-03-25T18:30:08.290+0000] {taskinstance.py:352} INFO - Marking task as SUCCESS. dag_id=get_inaturalist_data_atropelada, task_id=get_all_data, run_id=scheduled__2025-03-25T18:00:00+00:00, execution_date=20250325T180000, start_date=20250325T183003, end_date=20250325T183008
[2025-03-25T18:30:08.411+0000] {local_task_job_runner.py:266} INFO - Task exited with return code 0
[2025-03-25T18:30:08.547+0000] {taskinstance.py:3900} INFO - 1 downstream tasks scheduled from follow-on schedule check
[2025-03-25T18:30:08.552+0000] {local_task_job_runner.py:245} INFO - ::endgroup::
