[2025-03-27T18:06:12.205+0000] {local_task_job_runner.py:123} INFO - ::group::Pre task execution logs
[2025-03-27T18:06:12.466+0000] {taskinstance.py:2612} INFO - Dependencies all met for dep_context=non-requeueable deps ti=<TaskInstance: get_inaturalist_data_roadkill.get_all_data scheduled__2025-03-27T17:30:00+00:00 [queued]>
[2025-03-27T18:06:12.685+0000] {taskinstance.py:2612} INFO - Dependencies all met for dep_context=requeueable deps ti=<TaskInstance: get_inaturalist_data_roadkill.get_all_data scheduled__2025-03-27T17:30:00+00:00 [queued]>
[2025-03-27T18:06:12.689+0000] {taskinstance.py:2865} INFO - Starting attempt 2 of 4
[2025-03-27T18:06:12.995+0000] {taskinstance.py:2888} INFO - Executing <Task(_PythonDecoratedOperator): get_all_data> on 2025-03-27 17:30:00+00:00
[2025-03-27T18:06:13.183+0000] {warnings.py:112} WARNING - /home/***/.local/lib/python3.12/site-packages/***/task/task_runner/standard_task_runner.py:70: DeprecationWarning: This process (pid=851) is multi-threaded, use of fork() may lead to deadlocks in the child.
  pid = os.fork()

[2025-03-27T18:06:13.216+0000] {standard_task_runner.py:72} INFO - Started process 864 to run task
[2025-03-27T18:06:13.203+0000] {standard_task_runner.py:104} INFO - Running: ['***', 'tasks', 'run', 'get_inaturalist_data_roadkill', 'get_all_data', 'scheduled__2025-03-27T17:30:00+00:00', '--job-id', '206', '--raw', '--subdir', 'DAGS_FOLDER/inaturalist_dag.py', '--cfg-path', '/tmp/tmpkr8egu9a']
[2025-03-27T18:06:13.241+0000] {standard_task_runner.py:105} INFO - Job 206: Subtask get_all_data
[2025-03-27T18:06:14.507+0000] {task_command.py:467} INFO - Running <TaskInstance: get_inaturalist_data_roadkill.get_all_data scheduled__2025-03-27T17:30:00+00:00 [running]> on host 804b404afff8
[2025-03-27T18:06:16.462+0000] {taskinstance.py:3131} INFO - Exporting env vars: AIRFLOW_CTX_DAG_OWNER='***' AIRFLOW_CTX_DAG_ID='get_inaturalist_data_roadkill' AIRFLOW_CTX_TASK_ID='get_all_data' AIRFLOW_CTX_EXECUTION_DATE='2025-03-27T17:30:00+00:00' AIRFLOW_CTX_TRY_NUMBER='2' AIRFLOW_CTX_DAG_RUN_ID='scheduled__2025-03-27T17:30:00+00:00'
[2025-03-27T18:06:16.522+0000] {taskinstance.py:731} INFO - ::endgroup::
[2025-03-27T18:06:17.211+0000] {inaturalist_dag.py:301} INFO - Maximum id 267209431 for the request
[2025-03-27T18:06:21.170+0000] {inaturalist_dag.py:317} INFO - Got 0 results
[2025-03-27T18:06:33.063+0000] {crypto.py:82} WARNING - empty cryptography key - values will not be stored encrypted.
[2025-03-27T18:06:33.936+0000] {python.py:240} INFO - Done. Returned value was: []
[2025-03-27T18:06:36.308+0000] {job.py:229} INFO - Heartbeat recovered after 16.58 seconds
[2025-03-27T18:06:36.766+0000] {taskinstance.py:340} INFO - ::group::Post task execution logs
[2025-03-27T18:06:36.953+0000] {taskinstance.py:352} INFO - Marking task as SUCCESS. dag_id=get_inaturalist_data_roadkill, task_id=get_all_data, run_id=scheduled__2025-03-27T17:30:00+00:00, execution_date=20250327T173000, start_date=20250327T180612, end_date=20250327T180636
[2025-03-27T18:06:38.315+0000] {local_task_job_runner.py:266} INFO - Task exited with return code 0
[2025-03-27T18:06:38.327+0000] {standard_task_runner.py:217} INFO - Process not found (most likely exited), stop collecting metrics
[2025-03-27T18:06:40.557+0000] {taskinstance.py:3900} INFO - 0 downstream tasks scheduled from follow-on schedule check
[2025-03-27T18:06:40.747+0000] {local_task_job_runner.py:245} INFO - ::endgroup::
