[2025-03-25T18:22:30.178+0000] {local_task_job_runner.py:123} INFO - ::group::Pre task execution logs
[2025-03-25T18:22:30.355+0000] {taskinstance.py:2612} INFO - Dependencies all met for dep_context=non-requeueable deps ti=<TaskInstance: prf_dag.get_data scheduled__2025-02-01T00:00:00+00:00 [queued]>
[2025-03-25T18:22:30.390+0000] {taskinstance.py:2612} INFO - Dependencies all met for dep_context=requeueable deps ti=<TaskInstance: prf_dag.get_data scheduled__2025-02-01T00:00:00+00:00 [queued]>
[2025-03-25T18:22:30.391+0000] {taskinstance.py:2865} INFO - Starting attempt 1 of 4
[2025-03-25T18:22:30.460+0000] {taskinstance.py:2888} INFO - Executing <Task(_PythonDecoratedOperator): get_data> on 2025-02-01 00:00:00+00:00
[2025-03-25T18:22:30.495+0000] {warnings.py:112} WARNING - /home/***/.local/lib/python3.12/site-packages/***/task/task_runner/standard_task_runner.py:70: DeprecationWarning: This process (pid=111) is multi-threaded, use of fork() may lead to deadlocks in the child.
  pid = os.fork()

[2025-03-25T18:22:30.518+0000] {standard_task_runner.py:72} INFO - Started process 113 to run task
[2025-03-25T18:22:30.528+0000] {standard_task_runner.py:104} INFO - Running: ['***', 'tasks', 'run', 'prf_dag', 'get_data', 'scheduled__2025-02-01T00:00:00+00:00', '--job-id', '11', '--raw', '--subdir', 'DAGS_FOLDER/prf_dag.py', '--cfg-path', '/tmp/tmpso9izkt1']
[2025-03-25T18:22:30.534+0000] {standard_task_runner.py:105} INFO - Job 11: Subtask get_data
[2025-03-25T18:22:30.933+0000] {task_command.py:467} INFO - Running <TaskInstance: prf_dag.get_data scheduled__2025-02-01T00:00:00+00:00 [running]> on host a0aa46a61eca
[2025-03-25T18:22:31.414+0000] {taskinstance.py:3131} INFO - Exporting env vars: AIRFLOW_CTX_DAG_OWNER='***' AIRFLOW_CTX_DAG_ID='prf_dag' AIRFLOW_CTX_TASK_ID='get_data' AIRFLOW_CTX_EXECUTION_DATE='2025-02-01T00:00:00+00:00' AIRFLOW_CTX_TRY_NUMBER='1' AIRFLOW_CTX_DAG_RUN_ID='scheduled__2025-02-01T00:00:00+00:00'
[2025-03-25T18:22:31.433+0000] {taskinstance.py:731} INFO - ::endgroup::
[2025-03-25T18:22:35.940+0000] {prf_dag.py:131} INFO - Renamed 'datatran2025.csv' to 'occorência_datatran2025_3.csv'
[2025-03-25T18:22:46.553+0000] {prf_dag.py:131} INFO - Renamed 'acidentes2025.csv' to 'pessoa_acidentes2025_3.csv'
[2025-03-25T18:23:01.031+0000] {prf_dag.py:131} INFO - Renamed 'acidentes2025_todas_causas_tipos.csv' to 'acidentes2025_todas_causas_tipos_3.csv'
[2025-03-25T18:23:15.013+0000] {prf_dag.py:131} INFO - Renamed 'datatran2024.csv' to 'occorência_datatran2024_3.csv'
[2025-03-25T18:23:26.346+0000] {prf_dag.py:131} INFO - Renamed 'acidentes2024.csv' to 'pessoa_acidentes2024_3.csv'
[2025-03-25T18:23:38.097+0000] {prf_dag.py:131} INFO - Renamed 'acidentes2024_todas_causas_tipos.csv' to 'acidentes2024_todas_causas_tipos_3.csv'
[2025-03-25T18:23:48.915+0000] {prf_dag.py:131} INFO - Renamed 'datatran2023.csv' to 'occorência_datatran2023_3.csv'
[2025-03-25T18:24:01.025+0000] {prf_dag.py:131} INFO - Renamed 'acidentes2023.csv' to 'pessoa_acidentes2023_3.csv'
[2025-03-25T18:24:13.509+0000] {prf_dag.py:131} INFO - Renamed 'acidentes2023_todas_causas_tipos.csv' to 'acidentes2023_todas_causas_tipos_3.csv'
[2025-03-25T18:24:24.155+0000] {prf_dag.py:131} INFO - Renamed 'datatran2022.csv' to 'occorência_datatran2022_3.csv'
[2025-03-25T18:24:36.101+0000] {prf_dag.py:131} INFO - Renamed 'acidentes2022.csv' to 'pessoa_acidentes2022_3.csv'
[2025-03-25T18:24:49.751+0000] {prf_dag.py:131} INFO - Renamed 'acidentes2022_todas_causas_tipos.csv' to 'acidentes2022_todas_causas_tipos_3.csv'
[2025-03-25T18:24:57.554+0000] {prf_dag.py:131} INFO - Renamed 'datatran2021.csv' to 'occorência_datatran2021_3.csv'
[2025-03-25T18:25:09.959+0000] {prf_dag.py:131} INFO - Renamed 'acidentes2021.csv' to 'pessoa_acidentes2021_3.csv'
[2025-03-25T18:25:26.374+0000] {prf_dag.py:131} INFO - Renamed 'acidentes2021_todas_causas_tipos.csv' to 'acidentes2021_todas_causas_tipos_3.csv'
[2025-03-25T18:25:37.508+0000] {prf_dag.py:131} INFO - Renamed 'datatran2020.csv' to 'occorência_datatran2020_3.csv'
[2025-03-25T18:25:50.123+0000] {prf_dag.py:131} INFO - Renamed 'acidentes2020.csv' to 'pessoa_acidentes2020_3.csv'
[2025-03-25T18:26:03.682+0000] {prf_dag.py:131} INFO - Renamed 'acidentes2020_todas_causas_tipos.csv' to 'acidentes2020_todas_causas_tipos_3.csv'
[2025-03-25T18:26:10.734+0000] {prf_dag.py:131} INFO - Renamed 'datatran2019.csv' to 'occorência_datatran2019_3.csv'
[2025-03-25T18:26:20.883+0000] {prf_dag.py:131} INFO - Renamed 'acidentes2019.csv' to 'pessoa_acidentes2019_3.csv'
[2025-03-25T18:26:33.050+0000] {prf_dag.py:131} INFO - Renamed 'acidentes2019_todas_causas_tipos.csv' to 'acidentes2019_todas_causas_tipos_3.csv'
[2025-03-25T18:26:42.652+0000] {prf_dag.py:131} INFO - Renamed 'datatran2018.csv' to 'occorência_datatran2018_3.csv'
[2025-03-25T18:26:53.058+0000] {prf_dag.py:131} INFO - Renamed 'acidentes2018.csv' to 'pessoa_acidentes2018_3.csv'
[2025-03-25T18:27:04.757+0000] {prf_dag.py:131} INFO - Renamed 'acidentes2018_todas_causas_tipos.csv' to 'acidentes2018_todas_causas_tipos_3.csv'
[2025-03-25T18:27:14.824+0000] {prf_dag.py:131} INFO - Renamed 'datatran2017.csv' to 'occorência_datatran2017_3.csv'
[2025-03-25T18:27:25.950+0000] {prf_dag.py:131} INFO - Renamed 'acidentes2017.csv' to 'pessoa_acidentes2017_3.csv'
[2025-03-25T18:27:36.284+0000] {prf_dag.py:131} INFO - Renamed 'acidentes2017_todas_causas_tipos.csv' to 'acidentes2017_todas_causas_tipos_3.csv'
[2025-03-25T18:27:48.176+0000] {prf_dag.py:131} INFO - Renamed 'datatran2016.csv' to 'occorência_datatran2016_3.csv'
[2025-03-25T18:28:00.327+0000] {prf_dag.py:131} INFO - Renamed 'acidentes2016_atual.csv' to 'pessoa_acidentes2016_atual_3.csv'
[2025-03-25T18:28:10.457+0000] {prf_dag.py:131} INFO - Renamed 'datatran2015.csv' to 'occorência_datatran2015_3.csv'
[2025-03-25T18:28:24.695+0000] {prf_dag.py:131} INFO - Renamed 'acidentes2015.csv' to 'pessoa_acidentes2015_3.csv'
[2025-03-25T18:28:34.448+0000] {prf_dag.py:131} INFO - Renamed 'datatran2014.csv' to 'occorência_datatran2014_3.csv'
[2025-03-25T18:28:45.177+0000] {prf_dag.py:131} INFO - Renamed 'acidentes2014.csv' to 'pessoa_acidentes2014_3.csv'
[2025-03-25T18:28:54.832+0000] {prf_dag.py:131} INFO - Renamed 'datatran2013.csv' to 'occorência_datatran2013_3.csv'
[2025-03-25T18:29:12.074+0000] {prf_dag.py:131} INFO - Renamed 'acidentes2013.csv' to 'pessoa_acidentes2013_3.csv'
[2025-03-25T18:29:23.106+0000] {prf_dag.py:131} INFO - Renamed 'datatran2012.csv' to 'occorência_datatran2012_3.csv'
[2025-03-25T18:29:37.193+0000] {prf_dag.py:131} INFO - Renamed 'acidentes2012.csv' to 'pessoa_acidentes2012_3.csv'
[2025-03-25T18:29:43.823+0000] {prf_dag.py:131} INFO - Renamed 'datatran2011.csv' to 'occorência_datatran2011_3.csv'
[2025-03-25T18:29:52.826+0000] {prf_dag.py:131} INFO - Renamed 'acidentes2011.csv' to 'pessoa_acidentes2011_3.csv'
[2025-03-25T18:29:59.632+0000] {prf_dag.py:131} INFO - Renamed 'datatran2010.csv' to 'occorência_datatran2010_3.csv'
[2025-03-25T18:30:16.028+0000] {prf_dag.py:131} INFO - Renamed 'acidentes2010.csv' to 'pessoa_acidentes2010_3.csv'
[2025-03-25T18:30:23.541+0000] {prf_dag.py:131} INFO - Renamed 'datatran2009.csv' to 'occorência_datatran2009_3.csv'
[2025-03-25T18:30:38.306+0000] {prf_dag.py:131} INFO - Renamed 'acidentes2009.csv' to 'pessoa_acidentes2009_3.csv'
[2025-03-25T18:30:44.572+0000] {prf_dag.py:131} INFO - Renamed 'datatran2008.csv' to 'occorência_datatran2008_3.csv'
[2025-03-25T18:30:58.871+0000] {prf_dag.py:131} INFO - Renamed 'acidentes2008.csv' to 'pessoa_acidentes2008_3.csv'
[2025-03-25T18:31:04.203+0000] {prf_dag.py:131} INFO - Renamed 'datatran2007.csv' to 'occorência_datatran2007_3.csv'
[2025-03-25T18:31:19.024+0000] {prf_dag.py:131} INFO - Renamed 'acidentes2007.csv' to 'pessoa_acidentes2007_3.csv'
[2025-03-25T18:31:19.034+0000] {python.py:240} INFO - Done. Returned value was: [('occorência_datatran2025_3.csv', '2025'), ('pessoa_acidentes2025_3.csv', '2025'), ('acidentes2025_todas_causas_tipos_3.csv', '2025'), ('occorência_datatran2024_3.csv', '2024'), ('pessoa_acidentes2024_3.csv', '2024'), ('acidentes2024_todas_causas_tipos_3.csv', '2024'), ('occorência_datatran2023_3.csv', '2023'), ('pessoa_acidentes2023_3.csv', '2023'), ('acidentes2023_todas_causas_tipos_3.csv', '2023'), ('occorência_datatran2022_3.csv', '2022'), ('pessoa_acidentes2022_3.csv', '2022'), ('acidentes2022_todas_causas_tipos_3.csv', '2022'), ('occorência_datatran2021_3.csv', '2021'), ('pessoa_acidentes2021_3.csv', '2021'), ('acidentes2021_todas_causas_tipos_3.csv', '2021'), ('occorência_datatran2020_3.csv', '2020'), ('pessoa_acidentes2020_3.csv', '2020'), ('acidentes2020_todas_causas_tipos_3.csv', '2020'), ('occorência_datatran2019_3.csv', '2019'), ('pessoa_acidentes2019_3.csv', '2019'), ('acidentes2019_todas_causas_tipos_3.csv', '2019'), ('occorência_datatran2018_3.csv', '2018'), ('pessoa_acidentes2018_3.csv', '2018'), ('acidentes2018_todas_causas_tipos_3.csv', '2018'), ('occorência_datatran2017_3.csv', '2017'), ('pessoa_acidentes2017_3.csv', '2017'), ('acidentes2017_todas_causas_tipos_3.csv', '2017'), ('occorência_datatran2016_3.csv', '2016'), ('pessoa_acidentes2016_atual_3.csv', '2016'), ('occorência_datatran2015_3.csv', '2015'), ('pessoa_acidentes2015_3.csv', '2015'), ('occorência_datatran2014_3.csv', '2014'), ('pessoa_acidentes2014_3.csv', '2014'), ('occorência_datatran2013_3.csv', '2013'), ('pessoa_acidentes2013_3.csv', '2013'), ('occorência_datatran2012_3.csv', '2012'), ('pessoa_acidentes2012_3.csv', '2012'), ('occorência_datatran2011_3.csv', '2011'), ('pessoa_acidentes2011_3.csv', '2011'), ('occorência_datatran2010_3.csv', '2010'), ('pessoa_acidentes2010_3.csv', '2010'), ('occorência_datatran2009_3.csv', '2009'), ('pessoa_acidentes2009_3.csv', '2009'), ('occorência_datatran2008_3.csv', '2008'), ('pessoa_acidentes2008_3.csv', '2008'), ('occorência_datatran2007_3.csv', '2007'), ('pessoa_acidentes2007_3.csv', '2007')]
[2025-03-25T18:31:19.218+0000] {taskinstance.py:340} INFO - ::group::Post task execution logs
[2025-03-25T18:31:19.221+0000] {taskinstance.py:352} INFO - Marking task as SUCCESS. dag_id=prf_dag, task_id=get_data, run_id=scheduled__2025-02-01T00:00:00+00:00, execution_date=20250201T000000, start_date=20250325T182230, end_date=20250325T183119
[2025-03-25T18:31:19.299+0000] {local_task_job_runner.py:266} INFO - Task exited with return code 0
[2025-03-25T18:31:19.368+0000] {local_task_job_runner.py:245} INFO - ::endgroup::
