[2025-03-25T22:30:18.772+0000] {local_task_job_runner.py:123} INFO - ::group::Pre task execution logs
[2025-03-25T22:30:23.412+0000] {taskinstance.py:2612} INFO - Dependencies all met for dep_context=non-requeueable deps ti=<TaskInstance: get_inaturalist_data_atropelamento.process_data scheduled__2025-03-25T22:00:00+00:00 [queued]>
[2025-03-25T22:30:23.453+0000] {taskinstance.py:2612} INFO - Dependencies all met for dep_context=requeueable deps ti=<TaskInstance: get_inaturalist_data_atropelamento.process_data scheduled__2025-03-25T22:00:00+00:00 [queued]>
[2025-03-25T22:30:23.461+0000] {taskinstance.py:2865} INFO - Starting attempt 1 of 4
[2025-03-25T22:30:23.888+0000] {taskinstance.py:2888} INFO - Executing <Task(_PythonDecoratedOperator): process_data> on 2025-03-25 22:00:00+00:00
[2025-03-25T22:30:24.041+0000] {warnings.py:112} WARNING - /home/***/.local/lib/python3.12/site-packages/***/task/task_runner/standard_task_runner.py:70: DeprecationWarning: This process (pid=1796) is multi-threaded, use of fork() may lead to deadlocks in the child.
  pid = os.fork()

[2025-03-25T22:30:24.091+0000] {standard_task_runner.py:72} INFO - Started process 1800 to run task
[2025-03-25T22:30:24.084+0000] {standard_task_runner.py:104} INFO - Running: ['***', 'tasks', 'run', 'get_inaturalist_data_atropelamento', 'process_data', 'scheduled__2025-03-25T22:00:00+00:00', '--job-id', '121', '--raw', '--subdir', 'DAGS_FOLDER/inaturalist_dag.py', '--cfg-path', '/tmp/tmpjejl_1lf']
[2025-03-25T22:30:24.155+0000] {standard_task_runner.py:105} INFO - Job 121: Subtask process_data
[2025-03-25T22:30:25.466+0000] {task_command.py:467} INFO - Running <TaskInstance: get_inaturalist_data_atropelamento.process_data scheduled__2025-03-25T22:00:00+00:00 [running]> on host 5ed333479984
[2025-03-25T22:30:30.918+0000] {job.py:229} INFO - Heartbeat recovered after 12.47 seconds
[2025-03-25T22:30:30.904+0000] {taskinstance.py:3131} INFO - Exporting env vars: AIRFLOW_CTX_DAG_OWNER='***' AIRFLOW_CTX_DAG_ID='get_inaturalist_data_atropelamento' AIRFLOW_CTX_TASK_ID='process_data' AIRFLOW_CTX_EXECUTION_DATE='2025-03-25T22:00:00+00:00' AIRFLOW_CTX_TRY_NUMBER='1' AIRFLOW_CTX_DAG_RUN_ID='scheduled__2025-03-25T22:00:00+00:00'
[2025-03-25T22:30:31.128+0000] {taskinstance.py:731} INFO - ::endgroup::
[2025-03-25T22:30:31.515+0000] {taskinstance.py:301} INFO - No observations to process, skipping tasks
[2025-03-25T22:31:01.567+0000] {taskinstance.py:340} INFO - ::group::Post task execution logs
[2025-03-25T22:31:07.808+0000] {taskinstance.py:352} INFO - Marking task as SKIPPED. dag_id=get_inaturalist_data_atropelamento, task_id=process_data, run_id=scheduled__2025-03-25T22:00:00+00:00, execution_date=20250325T220000, start_date=20250325T223023, end_date=20250325T223106
[2025-03-25T22:31:19.671+0000] {job.py:229} INFO - Heartbeat recovered after 49.16 seconds
[2025-03-25T22:31:20.496+0000] {local_task_job_runner.py:266} INFO - Task exited with return code 0
[2025-03-25T22:31:21.005+0000] {taskinstance.py:3900} INFO - 0 downstream tasks scheduled from follow-on schedule check
[2025-03-25T22:31:21.059+0000] {local_task_job_runner.py:245} INFO - ::endgroup::
