[2025-03-26T03:33:39.116+0000] {processor.py:186} INFO - Started process (PID=60) to work on /opt/airflow/dags/biological_data_dag.py
[2025-03-26T03:33:39.122+0000] {processor.py:914} INFO - Processing file /opt/airflow/dags/biological_data_dag.py for tasks to queue
[2025-03-26T03:33:39.124+0000] {logging_mixin.py:190} INFO - [2025-03-26T03:33:39.124+0000] {dagbag.py:588} INFO - Filling up the DagBag from /opt/airflow/dags/biological_data_dag.py
[2025-03-26T03:33:44.717+0000] {processor.py:925} INFO - DAG(s) 'biological_data_dag' retrieved from /opt/airflow/dags/biological_data_dag.py
[2025-03-26T03:33:44.772+0000] {logging_mixin.py:190} INFO - [2025-03-26T03:33:44.771+0000] {dag.py:3239} INFO - Sync 1 DAGs
[2025-03-26T03:33:44.815+0000] {logging_mixin.py:190} INFO - [2025-03-26T03:33:44.815+0000] {dag.py:4180} INFO - Setting next_dagrun for biological_data_dag to 2025-02-05 00:00:00+00:00, run_after=2025-03-05 00:00:00+00:00
[2025-03-26T03:33:44.836+0000] {processor.py:208} INFO - Processing /opt/airflow/dags/biological_data_dag.py took 5.739 seconds
[2025-03-26T03:34:16.071+0000] {processor.py:186} INFO - Started process (PID=100) to work on /opt/airflow/dags/biological_data_dag.py
[2025-03-26T03:34:16.073+0000] {processor.py:914} INFO - Processing file /opt/airflow/dags/biological_data_dag.py for tasks to queue
[2025-03-26T03:34:16.092+0000] {logging_mixin.py:190} INFO - [2025-03-26T03:34:16.084+0000] {dagbag.py:588} INFO - Filling up the DagBag from /opt/airflow/dags/biological_data_dag.py
[2025-03-26T03:34:23.993+0000] {processor.py:925} INFO - DAG(s) 'biological_data_dag' retrieved from /opt/airflow/dags/biological_data_dag.py
[2025-03-26T03:34:24.045+0000] {logging_mixin.py:190} INFO - [2025-03-26T03:34:24.044+0000] {dag.py:3239} INFO - Sync 1 DAGs
[2025-03-26T03:34:24.072+0000] {logging_mixin.py:190} INFO - [2025-03-26T03:34:24.072+0000] {dag.py:4180} INFO - Setting next_dagrun for biological_data_dag to 2025-02-05 00:00:00+00:00, run_after=2025-03-05 00:00:00+00:00
[2025-03-26T03:34:24.086+0000] {processor.py:208} INFO - Processing /opt/airflow/dags/biological_data_dag.py took 8.086 seconds
[2025-03-26T03:34:54.310+0000] {processor.py:186} INFO - Started process (PID=112) to work on /opt/airflow/dags/biological_data_dag.py
[2025-03-26T03:34:54.311+0000] {processor.py:914} INFO - Processing file /opt/airflow/dags/biological_data_dag.py for tasks to queue
[2025-03-26T03:34:54.317+0000] {logging_mixin.py:190} INFO - [2025-03-26T03:34:54.317+0000] {dagbag.py:588} INFO - Filling up the DagBag from /opt/airflow/dags/biological_data_dag.py
[2025-03-26T03:34:56.357+0000] {processor.py:925} INFO - DAG(s) 'biological_data_dag' retrieved from /opt/airflow/dags/biological_data_dag.py
[2025-03-26T03:34:56.421+0000] {logging_mixin.py:190} INFO - [2025-03-26T03:34:56.418+0000] {dag.py:3239} INFO - Sync 1 DAGs
[2025-03-26T03:34:56.450+0000] {logging_mixin.py:190} INFO - [2025-03-26T03:34:56.450+0000] {dag.py:4180} INFO - Setting next_dagrun for biological_data_dag to 2025-02-05 00:00:00+00:00, run_after=2025-03-05 00:00:00+00:00
[2025-03-26T03:34:56.465+0000] {processor.py:208} INFO - Processing /opt/airflow/dags/biological_data_dag.py took 2.188 seconds
[2025-03-26T03:36:05.928+0000] {processor.py:186} INFO - Started process (PID=49) to work on /opt/airflow/dags/biological_data_dag.py
[2025-03-26T03:36:05.936+0000] {processor.py:914} INFO - Processing file /opt/airflow/dags/biological_data_dag.py for tasks to queue
[2025-03-26T03:36:05.937+0000] {logging_mixin.py:190} INFO - [2025-03-26T03:36:05.937+0000] {dagbag.py:588} INFO - Filling up the DagBag from /opt/airflow/dags/biological_data_dag.py
[2025-03-26T03:36:09.493+0000] {processor.py:925} INFO - DAG(s) 'biological_data_dag' retrieved from /opt/airflow/dags/biological_data_dag.py
[2025-03-26T03:36:09.521+0000] {logging_mixin.py:190} INFO - [2025-03-26T03:36:09.520+0000] {dag.py:3239} INFO - Sync 1 DAGs
[2025-03-26T03:36:09.559+0000] {logging_mixin.py:190} INFO - [2025-03-26T03:36:09.559+0000] {dag.py:4180} INFO - Setting next_dagrun for biological_data_dag to 2025-02-05 00:00:00+00:00, run_after=2025-03-05 00:00:00+00:00
[2025-03-26T03:36:09.580+0000] {processor.py:208} INFO - Processing /opt/airflow/dags/biological_data_dag.py took 3.675 seconds
[2025-03-26T03:36:40.404+0000] {processor.py:186} INFO - Started process (PID=68) to work on /opt/airflow/dags/biological_data_dag.py
[2025-03-26T03:36:40.405+0000] {processor.py:914} INFO - Processing file /opt/airflow/dags/biological_data_dag.py for tasks to queue
[2025-03-26T03:36:40.406+0000] {logging_mixin.py:190} INFO - [2025-03-26T03:36:40.406+0000] {dagbag.py:588} INFO - Filling up the DagBag from /opt/airflow/dags/biological_data_dag.py
[2025-03-26T03:36:41.354+0000] {processor.py:925} INFO - DAG(s) 'biological_data_dag' retrieved from /opt/airflow/dags/biological_data_dag.py
[2025-03-26T03:36:41.379+0000] {logging_mixin.py:190} INFO - [2025-03-26T03:36:41.379+0000] {dag.py:3239} INFO - Sync 1 DAGs
[2025-03-26T03:36:41.408+0000] {logging_mixin.py:190} INFO - [2025-03-26T03:36:41.407+0000] {dag.py:4180} INFO - Setting next_dagrun for biological_data_dag to 2025-02-05 00:00:00+00:00, run_after=2025-03-05 00:00:00+00:00
[2025-03-26T03:36:41.422+0000] {processor.py:208} INFO - Processing /opt/airflow/dags/biological_data_dag.py took 1.024 seconds
[2025-03-26T03:37:11.747+0000] {processor.py:186} INFO - Started process (PID=81) to work on /opt/airflow/dags/biological_data_dag.py
[2025-03-26T03:37:11.747+0000] {processor.py:914} INFO - Processing file /opt/airflow/dags/biological_data_dag.py for tasks to queue
[2025-03-26T03:37:11.748+0000] {logging_mixin.py:190} INFO - [2025-03-26T03:37:11.748+0000] {dagbag.py:588} INFO - Filling up the DagBag from /opt/airflow/dags/biological_data_dag.py
[2025-03-26T03:37:12.168+0000] {processor.py:925} INFO - DAG(s) 'biological_data_dag' retrieved from /opt/airflow/dags/biological_data_dag.py
[2025-03-26T03:37:12.180+0000] {logging_mixin.py:190} INFO - [2025-03-26T03:37:12.180+0000] {dag.py:3239} INFO - Sync 1 DAGs
[2025-03-26T03:37:12.195+0000] {logging_mixin.py:190} INFO - [2025-03-26T03:37:12.195+0000] {dag.py:4180} INFO - Setting next_dagrun for biological_data_dag to 2025-02-05 00:00:00+00:00, run_after=2025-03-05 00:00:00+00:00
[2025-03-26T03:37:12.203+0000] {processor.py:208} INFO - Processing /opt/airflow/dags/biological_data_dag.py took 0.462 seconds
[2025-03-26T03:44:46.321+0000] {processor.py:186} INFO - Started process (PID=49) to work on /opt/airflow/dags/biological_data_dag.py
[2025-03-26T03:44:46.327+0000] {processor.py:914} INFO - Processing file /opt/airflow/dags/biological_data_dag.py for tasks to queue
[2025-03-26T03:44:46.330+0000] {logging_mixin.py:190} INFO - [2025-03-26T03:44:46.329+0000] {dagbag.py:588} INFO - Filling up the DagBag from /opt/airflow/dags/biological_data_dag.py
[2025-03-26T03:44:48.389+0000] {processor.py:925} INFO - DAG(s) 'biological_data_dag' retrieved from /opt/airflow/dags/biological_data_dag.py
[2025-03-26T03:44:48.402+0000] {logging_mixin.py:190} INFO - [2025-03-26T03:44:48.402+0000] {dag.py:3239} INFO - Sync 1 DAGs
[2025-03-26T03:44:48.435+0000] {logging_mixin.py:190} INFO - [2025-03-26T03:44:48.435+0000] {dag.py:4180} INFO - Setting next_dagrun for biological_data_dag to 2025-02-05 00:00:00+00:00, run_after=2025-03-05 00:00:00+00:00
[2025-03-26T03:44:48.486+0000] {processor.py:208} INFO - Processing /opt/airflow/dags/biological_data_dag.py took 2.180 seconds
[2025-03-26T03:45:18.813+0000] {processor.py:186} INFO - Started process (PID=61) to work on /opt/airflow/dags/biological_data_dag.py
[2025-03-26T03:45:18.821+0000] {processor.py:914} INFO - Processing file /opt/airflow/dags/biological_data_dag.py for tasks to queue
[2025-03-26T03:45:18.841+0000] {logging_mixin.py:190} INFO - [2025-03-26T03:45:18.831+0000] {dagbag.py:588} INFO - Filling up the DagBag from /opt/airflow/dags/biological_data_dag.py
[2025-03-26T03:45:23.297+0000] {processor.py:925} INFO - DAG(s) 'biological_data_dag' retrieved from /opt/airflow/dags/biological_data_dag.py
[2025-03-26T03:45:23.318+0000] {logging_mixin.py:190} INFO - [2025-03-26T03:45:23.317+0000] {dag.py:3239} INFO - Sync 1 DAGs
[2025-03-26T03:45:23.336+0000] {logging_mixin.py:190} INFO - [2025-03-26T03:45:23.336+0000] {dag.py:4180} INFO - Setting next_dagrun for biological_data_dag to 2025-02-05 00:00:00+00:00, run_after=2025-03-05 00:00:00+00:00
[2025-03-26T03:45:23.352+0000] {processor.py:208} INFO - Processing /opt/airflow/dags/biological_data_dag.py took 4.580 seconds
[2025-03-26T03:45:53.759+0000] {processor.py:186} INFO - Started process (PID=80) to work on /opt/airflow/dags/biological_data_dag.py
[2025-03-26T03:45:53.760+0000] {processor.py:914} INFO - Processing file /opt/airflow/dags/biological_data_dag.py for tasks to queue
[2025-03-26T03:45:53.760+0000] {logging_mixin.py:190} INFO - [2025-03-26T03:45:53.760+0000] {dagbag.py:588} INFO - Filling up the DagBag from /opt/airflow/dags/biological_data_dag.py
[2025-03-26T03:45:54.095+0000] {processor.py:925} INFO - DAG(s) 'biological_data_dag' retrieved from /opt/airflow/dags/biological_data_dag.py
[2025-03-26T03:45:54.116+0000] {logging_mixin.py:190} INFO - [2025-03-26T03:45:54.116+0000] {dag.py:3239} INFO - Sync 1 DAGs
[2025-03-26T03:45:54.138+0000] {logging_mixin.py:190} INFO - [2025-03-26T03:45:54.138+0000] {dag.py:4180} INFO - Setting next_dagrun for biological_data_dag to 2025-02-05 00:00:00+00:00, run_after=2025-03-05 00:00:00+00:00
[2025-03-26T03:45:54.147+0000] {processor.py:208} INFO - Processing /opt/airflow/dags/biological_data_dag.py took 0.392 seconds
[2025-03-26T03:46:24.621+0000] {processor.py:186} INFO - Started process (PID=90) to work on /opt/airflow/dags/biological_data_dag.py
[2025-03-26T03:46:24.621+0000] {processor.py:914} INFO - Processing file /opt/airflow/dags/biological_data_dag.py for tasks to queue
[2025-03-26T03:46:24.622+0000] {logging_mixin.py:190} INFO - [2025-03-26T03:46:24.622+0000] {dagbag.py:588} INFO - Filling up the DagBag from /opt/airflow/dags/biological_data_dag.py
[2025-03-26T03:46:25.051+0000] {processor.py:925} INFO - DAG(s) 'biological_data_dag' retrieved from /opt/airflow/dags/biological_data_dag.py
[2025-03-26T03:46:25.059+0000] {logging_mixin.py:190} INFO - [2025-03-26T03:46:25.058+0000] {dag.py:3239} INFO - Sync 1 DAGs
[2025-03-26T03:46:25.071+0000] {logging_mixin.py:190} INFO - [2025-03-26T03:46:25.071+0000] {dag.py:4180} INFO - Setting next_dagrun for biological_data_dag to 2025-02-05 00:00:00+00:00, run_after=2025-03-05 00:00:00+00:00
[2025-03-26T03:46:25.077+0000] {processor.py:208} INFO - Processing /opt/airflow/dags/biological_data_dag.py took 0.468 seconds
[2025-03-26T03:46:56.011+0000] {processor.py:186} INFO - Started process (PID=102) to work on /opt/airflow/dags/biological_data_dag.py
[2025-03-26T03:46:56.012+0000] {processor.py:914} INFO - Processing file /opt/airflow/dags/biological_data_dag.py for tasks to queue
[2025-03-26T03:46:56.015+0000] {logging_mixin.py:190} INFO - [2025-03-26T03:46:56.013+0000] {dagbag.py:588} INFO - Filling up the DagBag from /opt/airflow/dags/biological_data_dag.py
[2025-03-26T03:46:56.834+0000] {processor.py:925} INFO - DAG(s) 'biological_data_dag' retrieved from /opt/airflow/dags/biological_data_dag.py
[2025-03-26T03:46:56.850+0000] {logging_mixin.py:190} INFO - [2025-03-26T03:46:56.849+0000] {dag.py:3239} INFO - Sync 1 DAGs
[2025-03-26T03:46:56.871+0000] {logging_mixin.py:190} INFO - [2025-03-26T03:46:56.871+0000] {dag.py:4180} INFO - Setting next_dagrun for biological_data_dag to 2025-02-05 00:00:00+00:00, run_after=2025-03-05 00:00:00+00:00
[2025-03-26T03:46:56.892+0000] {processor.py:208} INFO - Processing /opt/airflow/dags/biological_data_dag.py took 0.890 seconds
[2025-03-26T03:47:27.754+0000] {processor.py:186} INFO - Started process (PID=114) to work on /opt/airflow/dags/biological_data_dag.py
[2025-03-26T03:47:27.754+0000] {processor.py:914} INFO - Processing file /opt/airflow/dags/biological_data_dag.py for tasks to queue
[2025-03-26T03:47:27.758+0000] {logging_mixin.py:190} INFO - [2025-03-26T03:47:27.758+0000] {dagbag.py:588} INFO - Filling up the DagBag from /opt/airflow/dags/biological_data_dag.py
[2025-03-26T03:47:28.289+0000] {processor.py:925} INFO - DAG(s) 'biological_data_dag' retrieved from /opt/airflow/dags/biological_data_dag.py
[2025-03-26T03:47:28.302+0000] {logging_mixin.py:190} INFO - [2025-03-26T03:47:28.301+0000] {dag.py:3239} INFO - Sync 1 DAGs
[2025-03-26T03:47:28.311+0000] {logging_mixin.py:190} INFO - [2025-03-26T03:47:28.311+0000] {dag.py:4180} INFO - Setting next_dagrun for biological_data_dag to 2025-02-05 00:00:00+00:00, run_after=2025-03-05 00:00:00+00:00
[2025-03-26T03:47:28.328+0000] {processor.py:208} INFO - Processing /opt/airflow/dags/biological_data_dag.py took 0.583 seconds
[2025-03-26T03:47:59.095+0000] {processor.py:186} INFO - Started process (PID=126) to work on /opt/airflow/dags/biological_data_dag.py
[2025-03-26T03:47:59.097+0000] {processor.py:914} INFO - Processing file /opt/airflow/dags/biological_data_dag.py for tasks to queue
[2025-03-26T03:47:59.099+0000] {logging_mixin.py:190} INFO - [2025-03-26T03:47:59.099+0000] {dagbag.py:588} INFO - Filling up the DagBag from /opt/airflow/dags/biological_data_dag.py
[2025-03-26T03:47:59.531+0000] {processor.py:925} INFO - DAG(s) 'biological_data_dag' retrieved from /opt/airflow/dags/biological_data_dag.py
[2025-03-26T03:47:59.541+0000] {logging_mixin.py:190} INFO - [2025-03-26T03:47:59.541+0000] {dag.py:3239} INFO - Sync 1 DAGs
[2025-03-26T03:47:59.554+0000] {logging_mixin.py:190} INFO - [2025-03-26T03:47:59.554+0000] {dag.py:4180} INFO - Setting next_dagrun for biological_data_dag to 2025-02-05 00:00:00+00:00, run_after=2025-03-05 00:00:00+00:00
[2025-03-26T03:47:59.573+0000] {processor.py:208} INFO - Processing /opt/airflow/dags/biological_data_dag.py took 0.486 seconds
[2025-03-26T03:48:30.417+0000] {processor.py:186} INFO - Started process (PID=138) to work on /opt/airflow/dags/biological_data_dag.py
[2025-03-26T03:48:30.417+0000] {processor.py:914} INFO - Processing file /opt/airflow/dags/biological_data_dag.py for tasks to queue
[2025-03-26T03:48:30.419+0000] {logging_mixin.py:190} INFO - [2025-03-26T03:48:30.419+0000] {dagbag.py:588} INFO - Filling up the DagBag from /opt/airflow/dags/biological_data_dag.py
[2025-03-26T03:48:30.831+0000] {processor.py:925} INFO - DAG(s) 'biological_data_dag' retrieved from /opt/airflow/dags/biological_data_dag.py
[2025-03-26T03:48:30.848+0000] {logging_mixin.py:190} INFO - [2025-03-26T03:48:30.848+0000] {dag.py:3239} INFO - Sync 1 DAGs
[2025-03-26T03:48:30.859+0000] {logging_mixin.py:190} INFO - [2025-03-26T03:48:30.859+0000] {dag.py:4180} INFO - Setting next_dagrun for biological_data_dag to 2025-02-05 00:00:00+00:00, run_after=2025-03-05 00:00:00+00:00
[2025-03-26T03:48:30.868+0000] {processor.py:208} INFO - Processing /opt/airflow/dags/biological_data_dag.py took 0.463 seconds
[2025-03-26T03:49:01.470+0000] {processor.py:186} INFO - Started process (PID=150) to work on /opt/airflow/dags/biological_data_dag.py
[2025-03-26T03:49:01.471+0000] {processor.py:914} INFO - Processing file /opt/airflow/dags/biological_data_dag.py for tasks to queue
[2025-03-26T03:49:01.476+0000] {logging_mixin.py:190} INFO - [2025-03-26T03:49:01.472+0000] {dagbag.py:588} INFO - Filling up the DagBag from /opt/airflow/dags/biological_data_dag.py
[2025-03-26T03:49:01.894+0000] {processor.py:925} INFO - DAG(s) 'biological_data_dag' retrieved from /opt/airflow/dags/biological_data_dag.py
[2025-03-26T03:49:01.927+0000] {logging_mixin.py:190} INFO - [2025-03-26T03:49:01.926+0000] {dag.py:3239} INFO - Sync 1 DAGs
[2025-03-26T03:49:01.941+0000] {logging_mixin.py:190} INFO - [2025-03-26T03:49:01.941+0000] {dag.py:4180} INFO - Setting next_dagrun for biological_data_dag to 2025-02-05 00:00:00+00:00, run_after=2025-03-05 00:00:00+00:00
[2025-03-26T03:49:01.950+0000] {processor.py:208} INFO - Processing /opt/airflow/dags/biological_data_dag.py took 0.490 seconds
[2025-03-26T03:49:32.823+0000] {processor.py:186} INFO - Started process (PID=162) to work on /opt/airflow/dags/biological_data_dag.py
[2025-03-26T03:49:32.823+0000] {processor.py:914} INFO - Processing file /opt/airflow/dags/biological_data_dag.py for tasks to queue
[2025-03-26T03:49:32.824+0000] {logging_mixin.py:190} INFO - [2025-03-26T03:49:32.824+0000] {dagbag.py:588} INFO - Filling up the DagBag from /opt/airflow/dags/biological_data_dag.py
[2025-03-26T03:49:33.308+0000] {processor.py:925} INFO - DAG(s) 'biological_data_dag' retrieved from /opt/airflow/dags/biological_data_dag.py
[2025-03-26T03:49:33.319+0000] {logging_mixin.py:190} INFO - [2025-03-26T03:49:33.319+0000] {dag.py:3239} INFO - Sync 1 DAGs
[2025-03-26T03:49:33.337+0000] {logging_mixin.py:190} INFO - [2025-03-26T03:49:33.336+0000] {dag.py:4180} INFO - Setting next_dagrun for biological_data_dag to 2025-02-05 00:00:00+00:00, run_after=2025-03-05 00:00:00+00:00
[2025-03-26T03:49:33.355+0000] {processor.py:208} INFO - Processing /opt/airflow/dags/biological_data_dag.py took 0.536 seconds
[2025-03-26T03:50:03.549+0000] {processor.py:186} INFO - Started process (PID=174) to work on /opt/airflow/dags/biological_data_dag.py
[2025-03-26T03:50:03.552+0000] {processor.py:914} INFO - Processing file /opt/airflow/dags/biological_data_dag.py for tasks to queue
[2025-03-26T03:50:03.554+0000] {logging_mixin.py:190} INFO - [2025-03-26T03:50:03.554+0000] {dagbag.py:588} INFO - Filling up the DagBag from /opt/airflow/dags/biological_data_dag.py
[2025-03-26T03:50:05.299+0000] {processor.py:925} INFO - DAG(s) 'biological_data_dag' retrieved from /opt/airflow/dags/biological_data_dag.py
[2025-03-26T03:50:05.411+0000] {logging_mixin.py:190} INFO - [2025-03-26T03:50:05.406+0000] {dag.py:3239} INFO - Sync 1 DAGs
[2025-03-26T03:50:05.837+0000] {logging_mixin.py:190} INFO - [2025-03-26T03:50:05.819+0000] {dag.py:4180} INFO - Setting next_dagrun for biological_data_dag to 2025-02-05 00:00:00+00:00, run_after=2025-03-05 00:00:00+00:00
[2025-03-26T03:50:05.928+0000] {processor.py:208} INFO - Processing /opt/airflow/dags/biological_data_dag.py took 2.395 seconds
[2025-03-26T03:50:35.976+0000] {processor.py:186} INFO - Started process (PID=187) to work on /opt/airflow/dags/biological_data_dag.py
[2025-03-26T03:50:35.976+0000] {processor.py:914} INFO - Processing file /opt/airflow/dags/biological_data_dag.py for tasks to queue
[2025-03-26T03:50:35.977+0000] {logging_mixin.py:190} INFO - [2025-03-26T03:50:35.977+0000] {dagbag.py:588} INFO - Filling up the DagBag from /opt/airflow/dags/biological_data_dag.py
[2025-03-26T03:50:36.204+0000] {processor.py:925} INFO - DAG(s) 'biological_data_dag' retrieved from /opt/airflow/dags/biological_data_dag.py
[2025-03-26T03:50:36.217+0000] {logging_mixin.py:190} INFO - [2025-03-26T03:50:36.217+0000] {dag.py:3239} INFO - Sync 1 DAGs
[2025-03-26T03:50:36.237+0000] {logging_mixin.py:190} INFO - [2025-03-26T03:50:36.237+0000] {dag.py:4180} INFO - Setting next_dagrun for biological_data_dag to 2025-02-05 00:00:00+00:00, run_after=2025-03-05 00:00:00+00:00
[2025-03-26T03:50:36.246+0000] {processor.py:208} INFO - Processing /opt/airflow/dags/biological_data_dag.py took 0.272 seconds
[2025-03-26T03:51:06.941+0000] {processor.py:186} INFO - Started process (PID=197) to work on /opt/airflow/dags/biological_data_dag.py
[2025-03-26T03:51:06.943+0000] {processor.py:914} INFO - Processing file /opt/airflow/dags/biological_data_dag.py for tasks to queue
[2025-03-26T03:51:06.946+0000] {logging_mixin.py:190} INFO - [2025-03-26T03:51:06.945+0000] {dagbag.py:588} INFO - Filling up the DagBag from /opt/airflow/dags/biological_data_dag.py
[2025-03-26T03:51:07.430+0000] {processor.py:925} INFO - DAG(s) 'biological_data_dag' retrieved from /opt/airflow/dags/biological_data_dag.py
[2025-03-26T03:51:07.440+0000] {logging_mixin.py:190} INFO - [2025-03-26T03:51:07.440+0000] {dag.py:3239} INFO - Sync 1 DAGs
[2025-03-26T03:51:07.456+0000] {logging_mixin.py:190} INFO - [2025-03-26T03:51:07.456+0000] {dag.py:4180} INFO - Setting next_dagrun for biological_data_dag to 2025-02-05 00:00:00+00:00, run_after=2025-03-05 00:00:00+00:00
[2025-03-26T03:51:08.270+0000] {processor.py:208} INFO - Processing /opt/airflow/dags/biological_data_dag.py took 1.340 seconds
[2025-03-26T03:51:39.176+0000] {processor.py:186} INFO - Started process (PID=212) to work on /opt/airflow/dags/biological_data_dag.py
[2025-03-26T03:51:39.176+0000] {processor.py:914} INFO - Processing file /opt/airflow/dags/biological_data_dag.py for tasks to queue
[2025-03-26T03:51:39.178+0000] {logging_mixin.py:190} INFO - [2025-03-26T03:51:39.177+0000] {dagbag.py:588} INFO - Filling up the DagBag from /opt/airflow/dags/biological_data_dag.py
[2025-03-26T03:51:39.663+0000] {processor.py:925} INFO - DAG(s) 'biological_data_dag' retrieved from /opt/airflow/dags/biological_data_dag.py
[2025-03-26T03:51:39.673+0000] {logging_mixin.py:190} INFO - [2025-03-26T03:51:39.673+0000] {dag.py:3239} INFO - Sync 1 DAGs
[2025-03-26T03:51:39.682+0000] {logging_mixin.py:190} INFO - [2025-03-26T03:51:39.682+0000] {dag.py:4180} INFO - Setting next_dagrun for biological_data_dag to 2025-02-05 00:00:00+00:00, run_after=2025-03-05 00:00:00+00:00
[2025-03-26T03:51:39.695+0000] {processor.py:208} INFO - Processing /opt/airflow/dags/biological_data_dag.py took 0.525 seconds
[2025-03-26T03:52:09.845+0000] {processor.py:186} INFO - Started process (PID=224) to work on /opt/airflow/dags/biological_data_dag.py
[2025-03-26T03:52:09.845+0000] {processor.py:914} INFO - Processing file /opt/airflow/dags/biological_data_dag.py for tasks to queue
[2025-03-26T03:52:09.847+0000] {logging_mixin.py:190} INFO - [2025-03-26T03:52:09.846+0000] {dagbag.py:588} INFO - Filling up the DagBag from /opt/airflow/dags/biological_data_dag.py
[2025-03-26T03:52:10.465+0000] {processor.py:925} INFO - DAG(s) 'biological_data_dag' retrieved from /opt/airflow/dags/biological_data_dag.py
[2025-03-26T03:52:10.474+0000] {logging_mixin.py:190} INFO - [2025-03-26T03:52:10.473+0000] {dag.py:3239} INFO - Sync 1 DAGs
[2025-03-26T03:52:10.491+0000] {logging_mixin.py:190} INFO - [2025-03-26T03:52:10.491+0000] {dag.py:4180} INFO - Setting next_dagrun for biological_data_dag to 2025-02-05 00:00:00+00:00, run_after=2025-03-05 00:00:00+00:00
[2025-03-26T03:52:10.499+0000] {processor.py:208} INFO - Processing /opt/airflow/dags/biological_data_dag.py took 0.662 seconds
[2025-03-26T03:53:18.874+0000] {processor.py:186} INFO - Started process (PID=56) to work on /opt/airflow/dags/biological_data_dag.py
[2025-03-26T03:53:18.879+0000] {processor.py:914} INFO - Processing file /opt/airflow/dags/biological_data_dag.py for tasks to queue
[2025-03-26T03:53:18.880+0000] {logging_mixin.py:190} INFO - [2025-03-26T03:53:18.880+0000] {dagbag.py:588} INFO - Filling up the DagBag from /opt/airflow/dags/biological_data_dag.py
[2025-03-26T03:53:21.847+0000] {processor.py:925} INFO - DAG(s) 'biological_data_dag' retrieved from /opt/airflow/dags/biological_data_dag.py
[2025-03-26T03:53:21.877+0000] {logging_mixin.py:190} INFO - [2025-03-26T03:53:21.877+0000] {dag.py:3239} INFO - Sync 1 DAGs
[2025-03-26T03:53:21.898+0000] {logging_mixin.py:190} INFO - [2025-03-26T03:53:21.898+0000] {dag.py:4180} INFO - Setting next_dagrun for biological_data_dag to 2025-02-05 00:00:00+00:00, run_after=2025-03-05 00:00:00+00:00
[2025-03-26T03:53:21.908+0000] {processor.py:208} INFO - Processing /opt/airflow/dags/biological_data_dag.py took 3.133 seconds
[2025-03-26T03:53:52.662+0000] {processor.py:186} INFO - Started process (PID=69) to work on /opt/airflow/dags/biological_data_dag.py
[2025-03-26T03:53:52.663+0000] {processor.py:914} INFO - Processing file /opt/airflow/dags/biological_data_dag.py for tasks to queue
[2025-03-26T03:53:52.668+0000] {logging_mixin.py:190} INFO - [2025-03-26T03:53:52.668+0000] {dagbag.py:588} INFO - Filling up the DagBag from /opt/airflow/dags/biological_data_dag.py
[2025-03-26T03:53:54.266+0000] {processor.py:925} INFO - DAG(s) 'biological_data_dag' retrieved from /opt/airflow/dags/biological_data_dag.py
[2025-03-26T03:53:54.276+0000] {logging_mixin.py:190} INFO - [2025-03-26T03:53:54.276+0000] {dag.py:3239} INFO - Sync 1 DAGs
[2025-03-26T03:53:54.296+0000] {logging_mixin.py:190} INFO - [2025-03-26T03:53:54.296+0000] {dag.py:4180} INFO - Setting next_dagrun for biological_data_dag to 2025-02-05 00:00:00+00:00, run_after=2025-03-05 00:00:00+00:00
[2025-03-26T03:53:54.306+0000] {processor.py:208} INFO - Processing /opt/airflow/dags/biological_data_dag.py took 1.654 seconds
[2025-03-26T03:54:24.720+0000] {processor.py:186} INFO - Started process (PID=88) to work on /opt/airflow/dags/biological_data_dag.py
[2025-03-26T03:54:24.721+0000] {processor.py:914} INFO - Processing file /opt/airflow/dags/biological_data_dag.py for tasks to queue
[2025-03-26T03:54:24.723+0000] {logging_mixin.py:190} INFO - [2025-03-26T03:54:24.722+0000] {dagbag.py:588} INFO - Filling up the DagBag from /opt/airflow/dags/biological_data_dag.py
[2025-03-26T03:54:25.505+0000] {processor.py:925} INFO - DAG(s) 'biological_data_dag' retrieved from /opt/airflow/dags/biological_data_dag.py
[2025-03-26T03:54:25.521+0000] {logging_mixin.py:190} INFO - [2025-03-26T03:54:25.520+0000] {dag.py:3239} INFO - Sync 1 DAGs
[2025-03-26T03:54:25.532+0000] {logging_mixin.py:190} INFO - [2025-03-26T03:54:25.532+0000] {dag.py:4180} INFO - Setting next_dagrun for biological_data_dag to 2025-02-05 00:00:00+00:00, run_after=2025-03-05 00:00:00+00:00
[2025-03-26T03:54:25.539+0000] {processor.py:208} INFO - Processing /opt/airflow/dags/biological_data_dag.py took 0.829 seconds
[2025-03-26T03:54:55.967+0000] {processor.py:186} INFO - Started process (PID=101) to work on /opt/airflow/dags/biological_data_dag.py
[2025-03-26T03:54:55.969+0000] {processor.py:914} INFO - Processing file /opt/airflow/dags/biological_data_dag.py for tasks to queue
[2025-03-26T03:54:55.971+0000] {logging_mixin.py:190} INFO - [2025-03-26T03:54:55.971+0000] {dagbag.py:588} INFO - Filling up the DagBag from /opt/airflow/dags/biological_data_dag.py
[2025-03-26T03:54:56.820+0000] {processor.py:925} INFO - DAG(s) 'biological_data_dag' retrieved from /opt/airflow/dags/biological_data_dag.py
[2025-03-26T03:54:56.890+0000] {logging_mixin.py:190} INFO - [2025-03-26T03:54:56.889+0000] {dag.py:3239} INFO - Sync 1 DAGs
[2025-03-26T03:54:56.910+0000] {logging_mixin.py:190} INFO - [2025-03-26T03:54:56.910+0000] {dag.py:4180} INFO - Setting next_dagrun for biological_data_dag to 2025-02-05 00:00:00+00:00, run_after=2025-03-05 00:00:00+00:00
[2025-03-26T03:54:56.919+0000] {processor.py:208} INFO - Processing /opt/airflow/dags/biological_data_dag.py took 0.957 seconds
[2025-03-26T03:55:27.762+0000] {processor.py:186} INFO - Started process (PID=114) to work on /opt/airflow/dags/biological_data_dag.py
[2025-03-26T03:55:27.763+0000] {processor.py:914} INFO - Processing file /opt/airflow/dags/biological_data_dag.py for tasks to queue
[2025-03-26T03:55:27.765+0000] {logging_mixin.py:190} INFO - [2025-03-26T03:55:27.765+0000] {dagbag.py:588} INFO - Filling up the DagBag from /opt/airflow/dags/biological_data_dag.py
[2025-03-26T03:55:28.204+0000] {processor.py:925} INFO - DAG(s) 'biological_data_dag' retrieved from /opt/airflow/dags/biological_data_dag.py
[2025-03-26T03:55:28.221+0000] {logging_mixin.py:190} INFO - [2025-03-26T03:55:28.220+0000] {dag.py:3239} INFO - Sync 1 DAGs
[2025-03-26T03:55:28.232+0000] {logging_mixin.py:190} INFO - [2025-03-26T03:55:28.232+0000] {dag.py:4180} INFO - Setting next_dagrun for biological_data_dag to 2025-02-05 00:00:00+00:00, run_after=2025-03-05 00:00:00+00:00
[2025-03-26T03:55:28.241+0000] {processor.py:208} INFO - Processing /opt/airflow/dags/biological_data_dag.py took 0.484 seconds
[2025-03-26T03:55:58.845+0000] {processor.py:186} INFO - Started process (PID=127) to work on /opt/airflow/dags/biological_data_dag.py
[2025-03-26T03:55:58.846+0000] {processor.py:914} INFO - Processing file /opt/airflow/dags/biological_data_dag.py for tasks to queue
[2025-03-26T03:55:58.847+0000] {logging_mixin.py:190} INFO - [2025-03-26T03:55:58.847+0000] {dagbag.py:588} INFO - Filling up the DagBag from /opt/airflow/dags/biological_data_dag.py
[2025-03-26T03:55:59.914+0000] {processor.py:925} INFO - DAG(s) 'biological_data_dag' retrieved from /opt/airflow/dags/biological_data_dag.py
[2025-03-26T03:55:59.958+0000] {logging_mixin.py:190} INFO - [2025-03-26T03:55:59.957+0000] {dag.py:3239} INFO - Sync 1 DAGs
[2025-03-26T03:55:59.985+0000] {logging_mixin.py:190} INFO - [2025-03-26T03:55:59.985+0000] {dag.py:4180} INFO - Setting next_dagrun for biological_data_dag to 2025-02-05 00:00:00+00:00, run_after=2025-03-05 00:00:00+00:00
[2025-03-26T03:56:00.016+0000] {processor.py:208} INFO - Processing /opt/airflow/dags/biological_data_dag.py took 1.177 seconds
[2025-03-26T03:56:30.057+0000] {processor.py:186} INFO - Started process (PID=140) to work on /opt/airflow/dags/biological_data_dag.py
[2025-03-26T03:56:30.059+0000] {processor.py:914} INFO - Processing file /opt/airflow/dags/biological_data_dag.py for tasks to queue
[2025-03-26T03:56:30.060+0000] {logging_mixin.py:190} INFO - [2025-03-26T03:56:30.060+0000] {dagbag.py:588} INFO - Filling up the DagBag from /opt/airflow/dags/biological_data_dag.py
[2025-03-26T03:56:30.432+0000] {processor.py:925} INFO - DAG(s) 'biological_data_dag' retrieved from /opt/airflow/dags/biological_data_dag.py
[2025-03-26T03:56:30.440+0000] {logging_mixin.py:190} INFO - [2025-03-26T03:56:30.439+0000] {dag.py:3239} INFO - Sync 1 DAGs
[2025-03-26T03:56:31.279+0000] {logging_mixin.py:190} INFO - [2025-03-26T03:56:31.279+0000] {dag.py:4180} INFO - Setting next_dagrun for biological_data_dag to 2025-02-05 00:00:00+00:00, run_after=2025-03-05 00:00:00+00:00
[2025-03-26T03:56:31.289+0000] {processor.py:208} INFO - Processing /opt/airflow/dags/biological_data_dag.py took 1.239 seconds
[2025-03-26T03:57:02.106+0000] {processor.py:186} INFO - Started process (PID=154) to work on /opt/airflow/dags/biological_data_dag.py
[2025-03-26T03:57:02.107+0000] {processor.py:914} INFO - Processing file /opt/airflow/dags/biological_data_dag.py for tasks to queue
[2025-03-26T03:57:02.107+0000] {logging_mixin.py:190} INFO - [2025-03-26T03:57:02.107+0000] {dagbag.py:588} INFO - Filling up the DagBag from /opt/airflow/dags/biological_data_dag.py
[2025-03-26T03:57:02.605+0000] {processor.py:925} INFO - DAG(s) 'biological_data_dag' retrieved from /opt/airflow/dags/biological_data_dag.py
[2025-03-26T03:57:02.631+0000] {logging_mixin.py:190} INFO - [2025-03-26T03:57:02.630+0000] {dag.py:3239} INFO - Sync 1 DAGs
[2025-03-26T03:57:02.665+0000] {logging_mixin.py:190} INFO - [2025-03-26T03:57:02.665+0000] {dag.py:4180} INFO - Setting next_dagrun for biological_data_dag to 2025-02-05 00:00:00+00:00, run_after=2025-03-05 00:00:00+00:00
[2025-03-26T03:57:02.681+0000] {processor.py:208} INFO - Processing /opt/airflow/dags/biological_data_dag.py took 0.579 seconds
[2025-03-26T11:35:55.794+0000] {processor.py:186} INFO - Started process (PID=44) to work on /opt/airflow/dags/biological_data_dag.py
[2025-03-26T11:35:55.797+0000] {processor.py:914} INFO - Processing file /opt/airflow/dags/biological_data_dag.py for tasks to queue
[2025-03-26T11:35:55.799+0000] {logging_mixin.py:190} INFO - [2025-03-26T11:35:55.799+0000] {dagbag.py:588} INFO - Filling up the DagBag from /opt/airflow/dags/biological_data_dag.py
[2025-03-26T11:35:58.173+0000] {processor.py:925} INFO - DAG(s) 'biological_data_dag' retrieved from /opt/airflow/dags/biological_data_dag.py
[2025-03-26T11:35:58.213+0000] {logging_mixin.py:190} INFO - [2025-03-26T11:35:58.212+0000] {dag.py:3239} INFO - Sync 1 DAGs
[2025-03-26T11:35:58.249+0000] {logging_mixin.py:190} INFO - [2025-03-26T11:35:58.249+0000] {dag.py:4180} INFO - Setting next_dagrun for biological_data_dag to 2025-02-05 00:00:00+00:00, run_after=2025-03-05 00:00:00+00:00
[2025-03-26T11:35:58.276+0000] {processor.py:208} INFO - Processing /opt/airflow/dags/biological_data_dag.py took 2.503 seconds
[2025-03-26T11:36:28.884+0000] {processor.py:186} INFO - Started process (PID=75) to work on /opt/airflow/dags/biological_data_dag.py
[2025-03-26T11:36:28.886+0000] {processor.py:914} INFO - Processing file /opt/airflow/dags/biological_data_dag.py for tasks to queue
[2025-03-26T11:36:28.888+0000] {logging_mixin.py:190} INFO - [2025-03-26T11:36:28.887+0000] {dagbag.py:588} INFO - Filling up the DagBag from /opt/airflow/dags/biological_data_dag.py
[2025-03-26T11:36:30.268+0000] {processor.py:925} INFO - DAG(s) 'biological_data_dag' retrieved from /opt/airflow/dags/biological_data_dag.py
[2025-03-26T11:36:30.288+0000] {logging_mixin.py:190} INFO - [2025-03-26T11:36:30.288+0000] {dag.py:3239} INFO - Sync 1 DAGs
[2025-03-26T11:36:30.320+0000] {logging_mixin.py:190} INFO - [2025-03-26T11:36:30.320+0000] {dag.py:4180} INFO - Setting next_dagrun for biological_data_dag to 2025-02-05 00:00:00+00:00, run_after=2025-03-05 00:00:00+00:00
[2025-03-26T11:36:30.377+0000] {processor.py:208} INFO - Processing /opt/airflow/dags/biological_data_dag.py took 1.501 seconds
[2025-03-26T11:37:01.315+0000] {processor.py:186} INFO - Started process (PID=88) to work on /opt/airflow/dags/biological_data_dag.py
[2025-03-26T11:37:01.318+0000] {processor.py:914} INFO - Processing file /opt/airflow/dags/biological_data_dag.py for tasks to queue
[2025-03-26T11:37:01.323+0000] {logging_mixin.py:190} INFO - [2025-03-26T11:37:01.322+0000] {dagbag.py:588} INFO - Filling up the DagBag from /opt/airflow/dags/biological_data_dag.py
[2025-03-26T11:37:01.676+0000] {processor.py:925} INFO - DAG(s) 'biological_data_dag' retrieved from /opt/airflow/dags/biological_data_dag.py
[2025-03-26T11:37:01.691+0000] {logging_mixin.py:190} INFO - [2025-03-26T11:37:01.690+0000] {dag.py:3239} INFO - Sync 1 DAGs
[2025-03-26T11:37:01.708+0000] {logging_mixin.py:190} INFO - [2025-03-26T11:37:01.708+0000] {dag.py:4180} INFO - Setting next_dagrun for biological_data_dag to 2025-02-05 00:00:00+00:00, run_after=2025-03-05 00:00:00+00:00
[2025-03-26T11:37:01.720+0000] {processor.py:208} INFO - Processing /opt/airflow/dags/biological_data_dag.py took 0.418 seconds
[2025-03-26T11:37:31.780+0000] {processor.py:186} INFO - Started process (PID=108) to work on /opt/airflow/dags/biological_data_dag.py
[2025-03-26T11:37:31.781+0000] {processor.py:914} INFO - Processing file /opt/airflow/dags/biological_data_dag.py for tasks to queue
[2025-03-26T11:37:31.783+0000] {logging_mixin.py:190} INFO - [2025-03-26T11:37:31.782+0000] {dagbag.py:588} INFO - Filling up the DagBag from /opt/airflow/dags/biological_data_dag.py
[2025-03-26T11:37:32.018+0000] {processor.py:925} INFO - DAG(s) 'biological_data_dag' retrieved from /opt/airflow/dags/biological_data_dag.py
[2025-03-26T11:37:32.025+0000] {logging_mixin.py:190} INFO - [2025-03-26T11:37:32.025+0000] {dag.py:3239} INFO - Sync 1 DAGs
[2025-03-26T11:37:32.033+0000] {logging_mixin.py:190} INFO - [2025-03-26T11:37:32.032+0000] {dag.py:4180} INFO - Setting next_dagrun for biological_data_dag to 2025-02-05 00:00:00+00:00, run_after=2025-03-05 00:00:00+00:00
[2025-03-26T11:37:32.038+0000] {processor.py:208} INFO - Processing /opt/airflow/dags/biological_data_dag.py took 0.261 seconds
[2025-03-26T11:38:02.494+0000] {processor.py:186} INFO - Started process (PID=119) to work on /opt/airflow/dags/biological_data_dag.py
[2025-03-26T11:38:02.497+0000] {processor.py:914} INFO - Processing file /opt/airflow/dags/biological_data_dag.py for tasks to queue
[2025-03-26T11:38:02.498+0000] {logging_mixin.py:190} INFO - [2025-03-26T11:38:02.498+0000] {dagbag.py:588} INFO - Filling up the DagBag from /opt/airflow/dags/biological_data_dag.py
[2025-03-26T11:38:02.901+0000] {processor.py:925} INFO - DAG(s) 'biological_data_dag' retrieved from /opt/airflow/dags/biological_data_dag.py
[2025-03-26T11:38:02.913+0000] {logging_mixin.py:190} INFO - [2025-03-26T11:38:02.912+0000] {dag.py:3239} INFO - Sync 1 DAGs
[2025-03-26T11:38:02.926+0000] {logging_mixin.py:190} INFO - [2025-03-26T11:38:02.926+0000] {dag.py:4180} INFO - Setting next_dagrun for biological_data_dag to 2025-02-05 00:00:00+00:00, run_after=2025-03-05 00:00:00+00:00
[2025-03-26T11:38:02.939+0000] {processor.py:208} INFO - Processing /opt/airflow/dags/biological_data_dag.py took 0.452 seconds
[2025-03-26T11:38:33.626+0000] {processor.py:186} INFO - Started process (PID=132) to work on /opt/airflow/dags/biological_data_dag.py
[2025-03-26T11:38:33.628+0000] {processor.py:914} INFO - Processing file /opt/airflow/dags/biological_data_dag.py for tasks to queue
[2025-03-26T11:38:33.630+0000] {logging_mixin.py:190} INFO - [2025-03-26T11:38:33.629+0000] {dagbag.py:588} INFO - Filling up the DagBag from /opt/airflow/dags/biological_data_dag.py
[2025-03-26T11:38:34.105+0000] {processor.py:925} INFO - DAG(s) 'biological_data_dag' retrieved from /opt/airflow/dags/biological_data_dag.py
[2025-03-26T11:38:34.114+0000] {logging_mixin.py:190} INFO - [2025-03-26T11:38:34.114+0000] {dag.py:3239} INFO - Sync 1 DAGs
[2025-03-26T11:38:34.134+0000] {logging_mixin.py:190} INFO - [2025-03-26T11:38:34.134+0000] {dag.py:4180} INFO - Setting next_dagrun for biological_data_dag to 2025-02-05 00:00:00+00:00, run_after=2025-03-05 00:00:00+00:00
[2025-03-26T11:38:34.146+0000] {processor.py:208} INFO - Processing /opt/airflow/dags/biological_data_dag.py took 0.528 seconds
[2025-03-26T11:39:04.766+0000] {processor.py:186} INFO - Started process (PID=145) to work on /opt/airflow/dags/biological_data_dag.py
[2025-03-26T11:39:04.768+0000] {processor.py:914} INFO - Processing file /opt/airflow/dags/biological_data_dag.py for tasks to queue
[2025-03-26T11:39:04.769+0000] {logging_mixin.py:190} INFO - [2025-03-26T11:39:04.768+0000] {dagbag.py:588} INFO - Filling up the DagBag from /opt/airflow/dags/biological_data_dag.py
[2025-03-26T11:39:05.121+0000] {processor.py:925} INFO - DAG(s) 'biological_data_dag' retrieved from /opt/airflow/dags/biological_data_dag.py
[2025-03-26T11:39:05.131+0000] {logging_mixin.py:190} INFO - [2025-03-26T11:39:05.130+0000] {dag.py:3239} INFO - Sync 1 DAGs
[2025-03-26T11:39:05.144+0000] {logging_mixin.py:190} INFO - [2025-03-26T11:39:05.144+0000] {dag.py:4180} INFO - Setting next_dagrun for biological_data_dag to 2025-02-05 00:00:00+00:00, run_after=2025-03-05 00:00:00+00:00
[2025-03-26T11:39:05.149+0000] {processor.py:208} INFO - Processing /opt/airflow/dags/biological_data_dag.py took 0.389 seconds
[2025-03-26T11:39:35.829+0000] {processor.py:186} INFO - Started process (PID=158) to work on /opt/airflow/dags/biological_data_dag.py
[2025-03-26T11:39:35.830+0000] {processor.py:914} INFO - Processing file /opt/airflow/dags/biological_data_dag.py for tasks to queue
[2025-03-26T11:39:35.831+0000] {logging_mixin.py:190} INFO - [2025-03-26T11:39:35.831+0000] {dagbag.py:588} INFO - Filling up the DagBag from /opt/airflow/dags/biological_data_dag.py
[2025-03-26T11:39:36.160+0000] {processor.py:925} INFO - DAG(s) 'biological_data_dag' retrieved from /opt/airflow/dags/biological_data_dag.py
[2025-03-26T11:39:36.173+0000] {logging_mixin.py:190} INFO - [2025-03-26T11:39:36.173+0000] {dag.py:3239} INFO - Sync 1 DAGs
[2025-03-26T11:39:36.183+0000] {logging_mixin.py:190} INFO - [2025-03-26T11:39:36.182+0000] {dag.py:4180} INFO - Setting next_dagrun for biological_data_dag to 2025-02-05 00:00:00+00:00, run_after=2025-03-05 00:00:00+00:00
[2025-03-26T11:39:36.194+0000] {processor.py:208} INFO - Processing /opt/airflow/dags/biological_data_dag.py took 0.369 seconds
[2025-03-26T11:40:06.793+0000] {processor.py:186} INFO - Started process (PID=170) to work on /opt/airflow/dags/biological_data_dag.py
[2025-03-26T11:40:06.794+0000] {processor.py:914} INFO - Processing file /opt/airflow/dags/biological_data_dag.py for tasks to queue
[2025-03-26T11:40:06.797+0000] {logging_mixin.py:190} INFO - [2025-03-26T11:40:06.797+0000] {dagbag.py:588} INFO - Filling up the DagBag from /opt/airflow/dags/biological_data_dag.py
[2025-03-26T11:40:07.141+0000] {processor.py:925} INFO - DAG(s) 'biological_data_dag' retrieved from /opt/airflow/dags/biological_data_dag.py
[2025-03-26T11:40:07.152+0000] {logging_mixin.py:190} INFO - [2025-03-26T11:40:07.152+0000] {dag.py:3239} INFO - Sync 1 DAGs
[2025-03-26T11:40:07.305+0000] {logging_mixin.py:190} INFO - [2025-03-26T11:40:07.304+0000] {dag.py:4180} INFO - Setting next_dagrun for biological_data_dag to 2025-02-05 00:00:00+00:00, run_after=2025-03-05 00:00:00+00:00
[2025-03-26T11:40:07.379+0000] {processor.py:208} INFO - Processing /opt/airflow/dags/biological_data_dag.py took 0.591 seconds
[2025-03-26T11:40:37.848+0000] {processor.py:186} INFO - Started process (PID=183) to work on /opt/airflow/dags/biological_data_dag.py
[2025-03-26T11:40:37.852+0000] {processor.py:914} INFO - Processing file /opt/airflow/dags/biological_data_dag.py for tasks to queue
[2025-03-26T11:40:37.853+0000] {logging_mixin.py:190} INFO - [2025-03-26T11:40:37.853+0000] {dagbag.py:588} INFO - Filling up the DagBag from /opt/airflow/dags/biological_data_dag.py
[2025-03-26T11:40:38.171+0000] {processor.py:925} INFO - DAG(s) 'biological_data_dag' retrieved from /opt/airflow/dags/biological_data_dag.py
[2025-03-26T11:40:38.184+0000] {logging_mixin.py:190} INFO - [2025-03-26T11:40:38.184+0000] {dag.py:3239} INFO - Sync 1 DAGs
[2025-03-26T11:40:38.195+0000] {logging_mixin.py:190} INFO - [2025-03-26T11:40:38.194+0000] {dag.py:4180} INFO - Setting next_dagrun for biological_data_dag to 2025-02-05 00:00:00+00:00, run_after=2025-03-05 00:00:00+00:00
[2025-03-26T11:40:38.200+0000] {processor.py:208} INFO - Processing /opt/airflow/dags/biological_data_dag.py took 0.356 seconds
[2025-03-26T11:41:08.796+0000] {processor.py:186} INFO - Started process (PID=196) to work on /opt/airflow/dags/biological_data_dag.py
[2025-03-26T11:41:08.798+0000] {processor.py:914} INFO - Processing file /opt/airflow/dags/biological_data_dag.py for tasks to queue
[2025-03-26T11:41:08.799+0000] {logging_mixin.py:190} INFO - [2025-03-26T11:41:08.799+0000] {dagbag.py:588} INFO - Filling up the DagBag from /opt/airflow/dags/biological_data_dag.py
[2025-03-26T11:41:09.278+0000] {processor.py:925} INFO - DAG(s) 'biological_data_dag' retrieved from /opt/airflow/dags/biological_data_dag.py
[2025-03-26T11:41:09.288+0000] {logging_mixin.py:190} INFO - [2025-03-26T11:41:09.287+0000] {dag.py:3239} INFO - Sync 1 DAGs
[2025-03-26T11:41:09.297+0000] {logging_mixin.py:190} INFO - [2025-03-26T11:41:09.297+0000] {dag.py:4180} INFO - Setting next_dagrun for biological_data_dag to 2025-02-05 00:00:00+00:00, run_after=2025-03-05 00:00:00+00:00
[2025-03-26T11:41:09.303+0000] {processor.py:208} INFO - Processing /opt/airflow/dags/biological_data_dag.py took 0.513 seconds
[2025-03-26T11:41:39.810+0000] {processor.py:186} INFO - Started process (PID=209) to work on /opt/airflow/dags/biological_data_dag.py
[2025-03-26T11:41:39.812+0000] {processor.py:914} INFO - Processing file /opt/airflow/dags/biological_data_dag.py for tasks to queue
[2025-03-26T11:41:39.812+0000] {logging_mixin.py:190} INFO - [2025-03-26T11:41:39.812+0000] {dagbag.py:588} INFO - Filling up the DagBag from /opt/airflow/dags/biological_data_dag.py
[2025-03-26T11:41:40.257+0000] {processor.py:925} INFO - DAG(s) 'biological_data_dag' retrieved from /opt/airflow/dags/biological_data_dag.py
[2025-03-26T11:41:40.267+0000] {logging_mixin.py:190} INFO - [2025-03-26T11:41:40.267+0000] {dag.py:3239} INFO - Sync 1 DAGs
[2025-03-26T11:41:40.276+0000] {logging_mixin.py:190} INFO - [2025-03-26T11:41:40.276+0000] {dag.py:4180} INFO - Setting next_dagrun for biological_data_dag to 2025-02-05 00:00:00+00:00, run_after=2025-03-05 00:00:00+00:00
[2025-03-26T11:41:40.284+0000] {processor.py:208} INFO - Processing /opt/airflow/dags/biological_data_dag.py took 0.478 seconds
[2025-03-26T11:42:10.721+0000] {processor.py:186} INFO - Started process (PID=222) to work on /opt/airflow/dags/biological_data_dag.py
[2025-03-26T11:42:10.725+0000] {processor.py:914} INFO - Processing file /opt/airflow/dags/biological_data_dag.py for tasks to queue
[2025-03-26T11:42:10.726+0000] {logging_mixin.py:190} INFO - [2025-03-26T11:42:10.726+0000] {dagbag.py:588} INFO - Filling up the DagBag from /opt/airflow/dags/biological_data_dag.py
[2025-03-26T11:42:11.171+0000] {processor.py:925} INFO - DAG(s) 'biological_data_dag' retrieved from /opt/airflow/dags/biological_data_dag.py
[2025-03-26T11:42:11.183+0000] {logging_mixin.py:190} INFO - [2025-03-26T11:42:11.182+0000] {dag.py:3239} INFO - Sync 1 DAGs
[2025-03-26T11:42:11.193+0000] {logging_mixin.py:190} INFO - [2025-03-26T11:42:11.193+0000] {dag.py:4180} INFO - Setting next_dagrun for biological_data_dag to 2025-02-05 00:00:00+00:00, run_after=2025-03-05 00:00:00+00:00
[2025-03-26T11:42:11.209+0000] {processor.py:208} INFO - Processing /opt/airflow/dags/biological_data_dag.py took 0.492 seconds
[2025-03-26T11:42:41.793+0000] {processor.py:186} INFO - Started process (PID=235) to work on /opt/airflow/dags/biological_data_dag.py
[2025-03-26T11:42:41.795+0000] {processor.py:914} INFO - Processing file /opt/airflow/dags/biological_data_dag.py for tasks to queue
[2025-03-26T11:42:41.796+0000] {logging_mixin.py:190} INFO - [2025-03-26T11:42:41.796+0000] {dagbag.py:588} INFO - Filling up the DagBag from /opt/airflow/dags/biological_data_dag.py
[2025-03-26T11:42:42.604+0000] {processor.py:925} INFO - DAG(s) 'biological_data_dag' retrieved from /opt/airflow/dags/biological_data_dag.py
[2025-03-26T11:42:42.615+0000] {logging_mixin.py:190} INFO - [2025-03-26T11:42:42.615+0000] {dag.py:3239} INFO - Sync 1 DAGs
[2025-03-26T11:42:42.627+0000] {logging_mixin.py:190} INFO - [2025-03-26T11:42:42.627+0000] {dag.py:4180} INFO - Setting next_dagrun for biological_data_dag to 2025-02-05 00:00:00+00:00, run_after=2025-03-05 00:00:00+00:00
[2025-03-26T11:42:42.642+0000] {processor.py:208} INFO - Processing /opt/airflow/dags/biological_data_dag.py took 0.862 seconds
[2025-03-26T11:43:13.328+0000] {processor.py:186} INFO - Started process (PID=248) to work on /opt/airflow/dags/biological_data_dag.py
[2025-03-26T11:43:13.331+0000] {processor.py:914} INFO - Processing file /opt/airflow/dags/biological_data_dag.py for tasks to queue
[2025-03-26T11:43:13.333+0000] {logging_mixin.py:190} INFO - [2025-03-26T11:43:13.333+0000] {dagbag.py:588} INFO - Filling up the DagBag from /opt/airflow/dags/biological_data_dag.py
[2025-03-26T11:43:13.950+0000] {processor.py:925} INFO - DAG(s) 'biological_data_dag' retrieved from /opt/airflow/dags/biological_data_dag.py
[2025-03-26T11:43:13.960+0000] {logging_mixin.py:190} INFO - [2025-03-26T11:43:13.960+0000] {dag.py:3239} INFO - Sync 1 DAGs
[2025-03-26T11:43:13.979+0000] {logging_mixin.py:190} INFO - [2025-03-26T11:43:13.979+0000] {dag.py:4180} INFO - Setting next_dagrun for biological_data_dag to 2025-02-05 00:00:00+00:00, run_after=2025-03-05 00:00:00+00:00
[2025-03-26T11:43:13.987+0000] {processor.py:208} INFO - Processing /opt/airflow/dags/biological_data_dag.py took 0.664 seconds
