[2025-03-26T00:00:09.115+0000] {processor.py:186} INFO - Started process (PID=908) to work on /opt/airflow/dags/gbif_dag.py
[2025-03-26T00:00:09.118+0000] {processor.py:914} INFO - Processing file /opt/airflow/dags/gbif_dag.py for tasks to queue
[2025-03-26T00:00:09.119+0000] {logging_mixin.py:190} INFO - [2025-03-26T00:00:09.119+0000] {dagbag.py:588} INFO - Filling up the DagBag from /opt/airflow/dags/gbif_dag.py
[2025-03-26T00:00:09.674+0000] {processor.py:925} INFO - DAG(s) 'get_gbif_data_roadkill', 'get_gbif_data_atropelada', 'get_gbif_data_atropelamento' retrieved from /opt/airflow/dags/gbif_dag.py
[2025-03-26T00:00:09.739+0000] {logging_mixin.py:190} INFO - [2025-03-26T00:00:09.738+0000] {dag.py:3239} INFO - Sync 3 DAGs
[2025-03-26T00:00:09.776+0000] {logging_mixin.py:190} INFO - [2025-03-26T00:00:09.776+0000] {dag.py:4180} INFO - Setting next_dagrun for get_gbif_data_atropelada to 2025-03-25 23:30:00+00:00, run_after=2025-03-26 00:00:00+00:00
[2025-03-26T00:00:09.800+0000] {logging_mixin.py:190} INFO - [2025-03-26T00:00:09.798+0000] {dag.py:4180} INFO - Setting next_dagrun for get_gbif_data_atropelamento to 2025-03-25 23:30:00+00:00, run_after=2025-03-26 00:00:00+00:00
[2025-03-26T00:00:09.808+0000] {logging_mixin.py:190} INFO - [2025-03-26T00:00:09.807+0000] {dag.py:4180} INFO - Setting next_dagrun for get_gbif_data_roadkill to 2025-03-25 23:30:00+00:00, run_after=2025-03-26 00:00:00+00:00
[2025-03-26T00:00:09.838+0000] {processor.py:208} INFO - Processing /opt/airflow/dags/gbif_dag.py took 0.729 seconds
[2025-03-26T00:02:54.809+0000] {processor.py:186} INFO - Started process (PID=922) to work on /opt/airflow/dags/gbif_dag.py
[2025-03-26T00:02:54.812+0000] {processor.py:914} INFO - Processing file /opt/airflow/dags/gbif_dag.py for tasks to queue
[2025-03-26T00:02:54.821+0000] {logging_mixin.py:190} INFO - [2025-03-26T00:02:54.818+0000] {dagbag.py:588} INFO - Filling up the DagBag from /opt/airflow/dags/gbif_dag.py
[2025-03-26T00:02:55.154+0000] {processor.py:925} INFO - DAG(s) 'get_gbif_data_atropelamento', 'get_gbif_data_atropelada', 'get_gbif_data_roadkill' retrieved from /opt/airflow/dags/gbif_dag.py
[2025-03-26T00:02:55.245+0000] {logging_mixin.py:190} INFO - [2025-03-26T00:02:55.245+0000] {dag.py:3239} INFO - Sync 3 DAGs
[2025-03-26T00:02:55.460+0000] {logging_mixin.py:190} INFO - [2025-03-26T00:02:55.460+0000] {dag.py:4180} INFO - Setting next_dagrun for get_gbif_data_atropelada to 2025-03-25 23:30:00+00:00, run_after=2025-03-26 00:00:00+00:00
[2025-03-26T00:02:55.512+0000] {logging_mixin.py:190} INFO - [2025-03-26T00:02:55.512+0000] {dag.py:4180} INFO - Setting next_dagrun for get_gbif_data_atropelamento to 2025-03-25 23:30:00+00:00, run_after=2025-03-26 00:00:00+00:00
[2025-03-26T00:02:55.525+0000] {logging_mixin.py:190} INFO - [2025-03-26T00:02:55.525+0000] {dag.py:4180} INFO - Setting next_dagrun for get_gbif_data_roadkill to 2025-03-25 23:30:00+00:00, run_after=2025-03-26 00:00:00+00:00
[2025-03-26T00:02:55.619+0000] {processor.py:208} INFO - Processing /opt/airflow/dags/gbif_dag.py took 0.821 seconds
[2025-03-26T00:03:25.822+0000] {processor.py:186} INFO - Started process (PID=935) to work on /opt/airflow/dags/gbif_dag.py
[2025-03-26T00:03:25.823+0000] {processor.py:914} INFO - Processing file /opt/airflow/dags/gbif_dag.py for tasks to queue
[2025-03-26T00:03:25.825+0000] {logging_mixin.py:190} INFO - [2025-03-26T00:03:25.824+0000] {dagbag.py:588} INFO - Filling up the DagBag from /opt/airflow/dags/gbif_dag.py
[2025-03-26T00:03:26.117+0000] {processor.py:925} INFO - DAG(s) 'get_gbif_data_atropelamento', 'get_gbif_data_atropelada', 'get_gbif_data_roadkill' retrieved from /opt/airflow/dags/gbif_dag.py
[2025-03-26T00:03:26.171+0000] {logging_mixin.py:190} INFO - [2025-03-26T00:03:26.169+0000] {dag.py:3239} INFO - Sync 3 DAGs
[2025-03-26T00:03:26.275+0000] {logging_mixin.py:190} INFO - [2025-03-26T00:03:26.267+0000] {dag.py:4180} INFO - Setting next_dagrun for get_gbif_data_atropelada to 2025-03-25 23:30:00+00:00, run_after=2025-03-26 00:00:00+00:00
[2025-03-26T00:03:26.321+0000] {logging_mixin.py:190} INFO - [2025-03-26T00:03:26.320+0000] {dag.py:4180} INFO - Setting next_dagrun for get_gbif_data_atropelamento to 2025-03-25 23:30:00+00:00, run_after=2025-03-26 00:00:00+00:00
[2025-03-26T00:03:26.328+0000] {logging_mixin.py:190} INFO - [2025-03-26T00:03:26.327+0000] {dag.py:4180} INFO - Setting next_dagrun for get_gbif_data_roadkill to 2025-03-25 23:30:00+00:00, run_after=2025-03-26 00:00:00+00:00
[2025-03-26T00:03:26.345+0000] {processor.py:208} INFO - Processing /opt/airflow/dags/gbif_dag.py took 0.528 seconds
[2025-03-26T00:03:56.490+0000] {processor.py:186} INFO - Started process (PID=948) to work on /opt/airflow/dags/gbif_dag.py
[2025-03-26T00:03:56.490+0000] {processor.py:914} INFO - Processing file /opt/airflow/dags/gbif_dag.py for tasks to queue
[2025-03-26T00:03:56.491+0000] {logging_mixin.py:190} INFO - [2025-03-26T00:03:56.491+0000] {dagbag.py:588} INFO - Filling up the DagBag from /opt/airflow/dags/gbif_dag.py
[2025-03-26T00:03:56.678+0000] {processor.py:925} INFO - DAG(s) 'get_gbif_data_atropelada', 'get_gbif_data_atropelamento', 'get_gbif_data_roadkill' retrieved from /opt/airflow/dags/gbif_dag.py
[2025-03-26T00:03:56.704+0000] {logging_mixin.py:190} INFO - [2025-03-26T00:03:56.704+0000] {dag.py:3239} INFO - Sync 3 DAGs
[2025-03-26T00:03:56.729+0000] {logging_mixin.py:190} INFO - [2025-03-26T00:03:56.729+0000] {dag.py:4180} INFO - Setting next_dagrun for get_gbif_data_atropelada to 2025-03-25 23:30:00+00:00, run_after=2025-03-26 00:00:00+00:00
[2025-03-26T00:03:56.733+0000] {logging_mixin.py:190} INFO - [2025-03-26T00:03:56.733+0000] {dag.py:4180} INFO - Setting next_dagrun for get_gbif_data_atropelamento to 2025-03-25 23:30:00+00:00, run_after=2025-03-26 00:00:00+00:00
[2025-03-26T00:03:56.735+0000] {logging_mixin.py:190} INFO - [2025-03-26T00:03:56.735+0000] {dag.py:4180} INFO - Setting next_dagrun for get_gbif_data_roadkill to 2025-03-25 23:30:00+00:00, run_after=2025-03-26 00:00:00+00:00
[2025-03-26T00:03:56.752+0000] {processor.py:208} INFO - Processing /opt/airflow/dags/gbif_dag.py took 0.267 seconds
[2025-03-26T00:04:28.051+0000] {processor.py:186} INFO - Started process (PID=960) to work on /opt/airflow/dags/gbif_dag.py
[2025-03-26T00:04:28.051+0000] {processor.py:914} INFO - Processing file /opt/airflow/dags/gbif_dag.py for tasks to queue
[2025-03-26T00:04:28.052+0000] {logging_mixin.py:190} INFO - [2025-03-26T00:04:28.052+0000] {dagbag.py:588} INFO - Filling up the DagBag from /opt/airflow/dags/gbif_dag.py
[2025-03-26T00:04:28.294+0000] {processor.py:925} INFO - DAG(s) 'get_gbif_data_atropelamento', 'get_gbif_data_roadkill', 'get_gbif_data_atropelada' retrieved from /opt/airflow/dags/gbif_dag.py
[2025-03-26T00:04:28.316+0000] {logging_mixin.py:190} INFO - [2025-03-26T00:04:28.316+0000] {dag.py:3239} INFO - Sync 3 DAGs
[2025-03-26T00:04:28.342+0000] {logging_mixin.py:190} INFO - [2025-03-26T00:04:28.342+0000] {dag.py:4180} INFO - Setting next_dagrun for get_gbif_data_atropelada to 2025-03-25 23:30:00+00:00, run_after=2025-03-26 00:00:00+00:00
[2025-03-26T00:04:28.365+0000] {logging_mixin.py:190} INFO - [2025-03-26T00:04:28.365+0000] {dag.py:4180} INFO - Setting next_dagrun for get_gbif_data_atropelamento to 2025-03-25 23:30:00+00:00, run_after=2025-03-26 00:00:00+00:00
[2025-03-26T00:04:28.366+0000] {logging_mixin.py:190} INFO - [2025-03-26T00:04:28.366+0000] {dag.py:4180} INFO - Setting next_dagrun for get_gbif_data_roadkill to 2025-03-25 23:30:00+00:00, run_after=2025-03-26 00:00:00+00:00
[2025-03-26T00:04:28.376+0000] {processor.py:208} INFO - Processing /opt/airflow/dags/gbif_dag.py took 0.330 seconds
[2025-03-26T00:05:01.132+0000] {processor.py:186} INFO - Started process (PID=972) to work on /opt/airflow/dags/gbif_dag.py
[2025-03-26T00:05:01.137+0000] {processor.py:914} INFO - Processing file /opt/airflow/dags/gbif_dag.py for tasks to queue
[2025-03-26T00:05:01.162+0000] {logging_mixin.py:190} INFO - [2025-03-26T00:05:01.158+0000] {dagbag.py:588} INFO - Filling up the DagBag from /opt/airflow/dags/gbif_dag.py
[2025-03-26T00:05:01.447+0000] {processor.py:925} INFO - DAG(s) 'get_gbif_data_atropelada', 'get_gbif_data_roadkill', 'get_gbif_data_atropelamento' retrieved from /opt/airflow/dags/gbif_dag.py
[2025-03-26T00:05:01.506+0000] {logging_mixin.py:190} INFO - [2025-03-26T00:05:01.503+0000] {dag.py:3239} INFO - Sync 3 DAGs
[2025-03-26T00:05:01.562+0000] {logging_mixin.py:190} INFO - [2025-03-26T00:05:01.562+0000] {dag.py:4180} INFO - Setting next_dagrun for get_gbif_data_atropelada to 2025-03-25 23:30:00+00:00, run_after=2025-03-26 00:00:00+00:00
[2025-03-26T00:05:01.570+0000] {logging_mixin.py:190} INFO - [2025-03-26T00:05:01.570+0000] {dag.py:4180} INFO - Setting next_dagrun for get_gbif_data_atropelamento to 2025-03-25 23:30:00+00:00, run_after=2025-03-26 00:00:00+00:00
[2025-03-26T00:05:01.574+0000] {logging_mixin.py:190} INFO - [2025-03-26T00:05:01.574+0000] {dag.py:4180} INFO - Setting next_dagrun for get_gbif_data_roadkill to 2025-03-25 23:30:00+00:00, run_after=2025-03-26 00:00:00+00:00
[2025-03-26T00:05:01.609+0000] {processor.py:208} INFO - Processing /opt/airflow/dags/gbif_dag.py took 0.544 seconds
[2025-03-26T00:10:56.380+0000] {processor.py:186} INFO - Started process (PID=71) to work on /opt/airflow/dags/gbif_dag.py
[2025-03-26T00:10:56.386+0000] {processor.py:914} INFO - Processing file /opt/airflow/dags/gbif_dag.py for tasks to queue
[2025-03-26T00:10:56.455+0000] {logging_mixin.py:190} INFO - [2025-03-26T00:10:56.426+0000] {dagbag.py:588} INFO - Filling up the DagBag from /opt/airflow/dags/gbif_dag.py
[2025-03-26T00:11:01.314+0000] {processor.py:925} INFO - DAG(s) 'get_gbif_data_roadkill', 'get_gbif_data_atropelada', 'get_gbif_data_atropelamento' retrieved from /opt/airflow/dags/gbif_dag.py
[2025-03-26T00:11:01.426+0000] {logging_mixin.py:190} INFO - [2025-03-26T00:11:01.425+0000] {dag.py:3239} INFO - Sync 3 DAGs
[2025-03-26T00:11:01.527+0000] {logging_mixin.py:190} INFO - [2025-03-26T00:11:01.527+0000] {dag.py:4180} INFO - Setting next_dagrun for get_gbif_data_atropelada to 2025-03-25 23:30:00+00:00, run_after=2025-03-26 00:00:00+00:00
[2025-03-26T00:11:01.539+0000] {logging_mixin.py:190} INFO - [2025-03-26T00:11:01.538+0000] {dag.py:4180} INFO - Setting next_dagrun for get_gbif_data_atropelamento to 2025-03-25 23:30:00+00:00, run_after=2025-03-26 00:00:00+00:00
[2025-03-26T00:11:01.560+0000] {logging_mixin.py:190} INFO - [2025-03-26T00:11:01.560+0000] {dag.py:4180} INFO - Setting next_dagrun for get_gbif_data_roadkill to 2025-03-25 23:30:00+00:00, run_after=2025-03-26 00:00:00+00:00
[2025-03-26T00:11:01.736+0000] {processor.py:208} INFO - Processing /opt/airflow/dags/gbif_dag.py took 5.572 seconds
[2025-03-26T00:11:32.259+0000] {processor.py:186} INFO - Started process (PID=85) to work on /opt/airflow/dags/gbif_dag.py
[2025-03-26T00:11:32.261+0000] {processor.py:914} INFO - Processing file /opt/airflow/dags/gbif_dag.py for tasks to queue
[2025-03-26T00:11:32.263+0000] {logging_mixin.py:190} INFO - [2025-03-26T00:11:32.263+0000] {dagbag.py:588} INFO - Filling up the DagBag from /opt/airflow/dags/gbif_dag.py
[2025-03-26T00:11:32.580+0000] {processor.py:925} INFO - DAG(s) 'get_gbif_data_atropelada', 'get_gbif_data_roadkill', 'get_gbif_data_atropelamento' retrieved from /opt/airflow/dags/gbif_dag.py
[2025-03-26T00:11:32.696+0000] {logging_mixin.py:190} INFO - [2025-03-26T00:11:32.695+0000] {dag.py:3239} INFO - Sync 3 DAGs
[2025-03-26T00:11:32.745+0000] {logging_mixin.py:190} INFO - [2025-03-26T00:11:32.745+0000] {dag.py:4180} INFO - Setting next_dagrun for get_gbif_data_atropelada to 2025-03-25 23:30:00+00:00, run_after=2025-03-26 00:00:00+00:00
[2025-03-26T00:11:32.776+0000] {logging_mixin.py:190} INFO - [2025-03-26T00:11:32.773+0000] {dag.py:4180} INFO - Setting next_dagrun for get_gbif_data_atropelamento to 2025-03-25 23:30:00+00:00, run_after=2025-03-26 00:00:00+00:00
[2025-03-26T00:11:32.789+0000] {logging_mixin.py:190} INFO - [2025-03-26T00:11:32.789+0000] {dag.py:4180} INFO - Setting next_dagrun for get_gbif_data_roadkill to 2025-03-25 23:30:00+00:00, run_after=2025-03-26 00:00:00+00:00
[2025-03-26T00:11:32.865+0000] {processor.py:208} INFO - Processing /opt/airflow/dags/gbif_dag.py took 0.611 seconds
[2025-03-26T00:12:03.343+0000] {processor.py:186} INFO - Started process (PID=98) to work on /opt/airflow/dags/gbif_dag.py
[2025-03-26T00:12:03.346+0000] {processor.py:914} INFO - Processing file /opt/airflow/dags/gbif_dag.py for tasks to queue
[2025-03-26T00:12:03.363+0000] {logging_mixin.py:190} INFO - [2025-03-26T00:12:03.357+0000] {dagbag.py:588} INFO - Filling up the DagBag from /opt/airflow/dags/gbif_dag.py
[2025-03-26T00:12:03.757+0000] {processor.py:925} INFO - DAG(s) 'get_gbif_data_roadkill', 'get_gbif_data_atropelada', 'get_gbif_data_atropelamento' retrieved from /opt/airflow/dags/gbif_dag.py
[2025-03-26T00:12:03.812+0000] {logging_mixin.py:190} INFO - [2025-03-26T00:12:03.811+0000] {dag.py:3239} INFO - Sync 3 DAGs
[2025-03-26T00:12:03.889+0000] {logging_mixin.py:190} INFO - [2025-03-26T00:12:03.889+0000] {dag.py:4180} INFO - Setting next_dagrun for get_gbif_data_atropelada to 2025-03-25 23:30:00+00:00, run_after=2025-03-26 00:00:00+00:00
[2025-03-26T00:12:03.895+0000] {logging_mixin.py:190} INFO - [2025-03-26T00:12:03.894+0000] {dag.py:4180} INFO - Setting next_dagrun for get_gbif_data_atropelamento to 2025-03-25 23:30:00+00:00, run_after=2025-03-26 00:00:00+00:00
[2025-03-26T00:12:03.897+0000] {logging_mixin.py:190} INFO - [2025-03-26T00:12:03.897+0000] {dag.py:4180} INFO - Setting next_dagrun for get_gbif_data_roadkill to 2025-03-25 23:30:00+00:00, run_after=2025-03-26 00:00:00+00:00
[2025-03-26T00:12:03.950+0000] {processor.py:208} INFO - Processing /opt/airflow/dags/gbif_dag.py took 0.614 seconds
[2025-03-26T00:12:34.983+0000] {processor.py:186} INFO - Started process (PID=112) to work on /opt/airflow/dags/gbif_dag.py
[2025-03-26T00:12:34.987+0000] {processor.py:914} INFO - Processing file /opt/airflow/dags/gbif_dag.py for tasks to queue
[2025-03-26T00:12:34.992+0000] {logging_mixin.py:190} INFO - [2025-03-26T00:12:34.991+0000] {dagbag.py:588} INFO - Filling up the DagBag from /opt/airflow/dags/gbif_dag.py
[2025-03-26T00:12:35.578+0000] {processor.py:925} INFO - DAG(s) 'get_gbif_data_roadkill', 'get_gbif_data_atropelada', 'get_gbif_data_atropelamento' retrieved from /opt/airflow/dags/gbif_dag.py
[2025-03-26T00:12:35.680+0000] {logging_mixin.py:190} INFO - [2025-03-26T00:12:35.680+0000] {dag.py:3239} INFO - Sync 3 DAGs
[2025-03-26T00:12:35.823+0000] {logging_mixin.py:190} INFO - [2025-03-26T00:12:35.823+0000] {dag.py:4180} INFO - Setting next_dagrun for get_gbif_data_atropelada to 2025-03-25 23:30:00+00:00, run_after=2025-03-26 00:00:00+00:00
[2025-03-26T00:12:35.852+0000] {logging_mixin.py:190} INFO - [2025-03-26T00:12:35.850+0000] {dag.py:4180} INFO - Setting next_dagrun for get_gbif_data_atropelamento to 2025-03-25 23:30:00+00:00, run_after=2025-03-26 00:00:00+00:00
[2025-03-26T00:12:35.860+0000] {logging_mixin.py:190} INFO - [2025-03-26T00:12:35.859+0000] {dag.py:4180} INFO - Setting next_dagrun for get_gbif_data_roadkill to 2025-03-25 23:30:00+00:00, run_after=2025-03-26 00:00:00+00:00
[2025-03-26T00:12:35.942+0000] {processor.py:208} INFO - Processing /opt/airflow/dags/gbif_dag.py took 0.973 seconds
[2025-03-26T00:13:06.172+0000] {processor.py:186} INFO - Started process (PID=124) to work on /opt/airflow/dags/gbif_dag.py
[2025-03-26T00:13:06.174+0000] {processor.py:914} INFO - Processing file /opt/airflow/dags/gbif_dag.py for tasks to queue
[2025-03-26T00:13:06.183+0000] {logging_mixin.py:190} INFO - [2025-03-26T00:13:06.183+0000] {dagbag.py:588} INFO - Filling up the DagBag from /opt/airflow/dags/gbif_dag.py
[2025-03-26T00:13:06.570+0000] {processor.py:925} INFO - DAG(s) 'get_gbif_data_roadkill', 'get_gbif_data_atropelada', 'get_gbif_data_atropelamento' retrieved from /opt/airflow/dags/gbif_dag.py
[2025-03-26T00:13:06.690+0000] {logging_mixin.py:190} INFO - [2025-03-26T00:13:06.690+0000] {dag.py:3239} INFO - Sync 3 DAGs
[2025-03-26T00:13:06.873+0000] {logging_mixin.py:190} INFO - [2025-03-26T00:13:06.869+0000] {dag.py:4180} INFO - Setting next_dagrun for get_gbif_data_atropelada to 2025-03-25 23:30:00+00:00, run_after=2025-03-26 00:00:00+00:00
[2025-03-26T00:13:06.888+0000] {logging_mixin.py:190} INFO - [2025-03-26T00:13:06.887+0000] {dag.py:4180} INFO - Setting next_dagrun for get_gbif_data_atropelamento to 2025-03-25 23:30:00+00:00, run_after=2025-03-26 00:00:00+00:00
[2025-03-26T00:13:06.895+0000] {logging_mixin.py:190} INFO - [2025-03-26T00:13:06.895+0000] {dag.py:4180} INFO - Setting next_dagrun for get_gbif_data_roadkill to 2025-03-25 23:30:00+00:00, run_after=2025-03-26 00:00:00+00:00
[2025-03-26T00:13:06.994+0000] {processor.py:208} INFO - Processing /opt/airflow/dags/gbif_dag.py took 0.829 seconds
[2025-03-26T00:13:38.043+0000] {processor.py:186} INFO - Started process (PID=138) to work on /opt/airflow/dags/gbif_dag.py
[2025-03-26T00:13:38.050+0000] {processor.py:914} INFO - Processing file /opt/airflow/dags/gbif_dag.py for tasks to queue
[2025-03-26T00:13:38.075+0000] {logging_mixin.py:190} INFO - [2025-03-26T00:13:38.067+0000] {dagbag.py:588} INFO - Filling up the DagBag from /opt/airflow/dags/gbif_dag.py
[2025-03-26T00:13:38.852+0000] {processor.py:925} INFO - DAG(s) 'get_gbif_data_roadkill', 'get_gbif_data_atropelamento', 'get_gbif_data_atropelada' retrieved from /opt/airflow/dags/gbif_dag.py
[2025-03-26T00:13:38.955+0000] {logging_mixin.py:190} INFO - [2025-03-26T00:13:38.954+0000] {dag.py:3239} INFO - Sync 3 DAGs
[2025-03-26T00:13:39.091+0000] {logging_mixin.py:190} INFO - [2025-03-26T00:13:39.090+0000] {dag.py:4180} INFO - Setting next_dagrun for get_gbif_data_atropelada to 2025-03-25 23:30:00+00:00, run_after=2025-03-26 00:00:00+00:00
[2025-03-26T00:13:39.125+0000] {logging_mixin.py:190} INFO - [2025-03-26T00:13:39.125+0000] {dag.py:4180} INFO - Setting next_dagrun for get_gbif_data_atropelamento to 2025-03-25 23:30:00+00:00, run_after=2025-03-26 00:00:00+00:00
[2025-03-26T00:13:39.133+0000] {logging_mixin.py:190} INFO - [2025-03-26T00:13:39.132+0000] {dag.py:4180} INFO - Setting next_dagrun for get_gbif_data_roadkill to 2025-03-25 23:30:00+00:00, run_after=2025-03-26 00:00:00+00:00
[2025-03-26T00:13:39.239+0000] {processor.py:208} INFO - Processing /opt/airflow/dags/gbif_dag.py took 1.213 seconds
[2025-03-26T00:14:10.096+0000] {processor.py:186} INFO - Started process (PID=152) to work on /opt/airflow/dags/gbif_dag.py
[2025-03-26T00:14:10.098+0000] {processor.py:914} INFO - Processing file /opt/airflow/dags/gbif_dag.py for tasks to queue
[2025-03-26T00:14:10.105+0000] {logging_mixin.py:190} INFO - [2025-03-26T00:14:10.103+0000] {dagbag.py:588} INFO - Filling up the DagBag from /opt/airflow/dags/gbif_dag.py
[2025-03-26T00:14:10.532+0000] {processor.py:925} INFO - DAG(s) 'get_gbif_data_atropelamento', 'get_gbif_data_roadkill', 'get_gbif_data_atropelada' retrieved from /opt/airflow/dags/gbif_dag.py
[2025-03-26T00:14:10.633+0000] {logging_mixin.py:190} INFO - [2025-03-26T00:14:10.633+0000] {dag.py:3239} INFO - Sync 3 DAGs
[2025-03-26T00:14:10.744+0000] {logging_mixin.py:190} INFO - [2025-03-26T00:14:10.743+0000] {dag.py:4180} INFO - Setting next_dagrun for get_gbif_data_atropelada to 2025-03-25 23:30:00+00:00, run_after=2025-03-26 00:00:00+00:00
[2025-03-26T00:14:10.786+0000] {logging_mixin.py:190} INFO - [2025-03-26T00:14:10.781+0000] {dag.py:4180} INFO - Setting next_dagrun for get_gbif_data_atropelamento to 2025-03-25 23:30:00+00:00, run_after=2025-03-26 00:00:00+00:00
[2025-03-26T00:14:10.798+0000] {logging_mixin.py:190} INFO - [2025-03-26T00:14:10.798+0000] {dag.py:4180} INFO - Setting next_dagrun for get_gbif_data_roadkill to 2025-03-25 23:30:00+00:00, run_after=2025-03-26 00:00:00+00:00
[2025-03-26T00:14:10.883+0000] {processor.py:208} INFO - Processing /opt/airflow/dags/gbif_dag.py took 0.794 seconds
[2025-03-26T00:14:41.235+0000] {processor.py:186} INFO - Started process (PID=165) to work on /opt/airflow/dags/gbif_dag.py
[2025-03-26T00:14:41.238+0000] {processor.py:914} INFO - Processing file /opt/airflow/dags/gbif_dag.py for tasks to queue
[2025-03-26T00:14:41.254+0000] {logging_mixin.py:190} INFO - [2025-03-26T00:14:41.250+0000] {dagbag.py:588} INFO - Filling up the DagBag from /opt/airflow/dags/gbif_dag.py
[2025-03-26T00:14:41.699+0000] {processor.py:925} INFO - DAG(s) 'get_gbif_data_roadkill', 'get_gbif_data_atropelamento', 'get_gbif_data_atropelada' retrieved from /opt/airflow/dags/gbif_dag.py
[2025-03-26T00:14:41.791+0000] {logging_mixin.py:190} INFO - [2025-03-26T00:14:41.791+0000] {dag.py:3239} INFO - Sync 3 DAGs
[2025-03-26T00:14:41.903+0000] {logging_mixin.py:190} INFO - [2025-03-26T00:14:41.901+0000] {dag.py:4180} INFO - Setting next_dagrun for get_gbif_data_atropelada to 2025-03-25 23:30:00+00:00, run_after=2025-03-26 00:00:00+00:00
[2025-03-26T00:14:41.926+0000] {logging_mixin.py:190} INFO - [2025-03-26T00:14:41.921+0000] {dag.py:4180} INFO - Setting next_dagrun for get_gbif_data_atropelamento to 2025-03-25 23:30:00+00:00, run_after=2025-03-26 00:00:00+00:00
[2025-03-26T00:14:41.936+0000] {logging_mixin.py:190} INFO - [2025-03-26T00:14:41.936+0000] {dag.py:4180} INFO - Setting next_dagrun for get_gbif_data_roadkill to 2025-03-25 23:30:00+00:00, run_after=2025-03-26 00:00:00+00:00
[2025-03-26T00:14:42.040+0000] {processor.py:208} INFO - Processing /opt/airflow/dags/gbif_dag.py took 0.815 seconds
[2025-03-26T00:15:12.442+0000] {processor.py:186} INFO - Started process (PID=179) to work on /opt/airflow/dags/gbif_dag.py
[2025-03-26T00:15:12.448+0000] {processor.py:914} INFO - Processing file /opt/airflow/dags/gbif_dag.py for tasks to queue
[2025-03-26T00:15:12.467+0000] {logging_mixin.py:190} INFO - [2025-03-26T00:15:12.466+0000] {dagbag.py:588} INFO - Filling up the DagBag from /opt/airflow/dags/gbif_dag.py
[2025-03-26T00:15:13.072+0000] {processor.py:925} INFO - DAG(s) 'get_gbif_data_atropelamento', 'get_gbif_data_roadkill', 'get_gbif_data_atropelada' retrieved from /opt/airflow/dags/gbif_dag.py
[2025-03-26T00:15:13.196+0000] {logging_mixin.py:190} INFO - [2025-03-26T00:15:13.194+0000] {dag.py:3239} INFO - Sync 3 DAGs
[2025-03-26T00:15:13.595+0000] {logging_mixin.py:190} INFO - [2025-03-26T00:15:13.594+0000] {dag.py:4180} INFO - Setting next_dagrun for get_gbif_data_atropelada to 2025-03-25 23:30:00+00:00, run_after=2025-03-26 00:00:00+00:00
[2025-03-26T00:15:13.623+0000] {logging_mixin.py:190} INFO - [2025-03-26T00:15:13.622+0000] {dag.py:4180} INFO - Setting next_dagrun for get_gbif_data_atropelamento to 2025-03-25 23:30:00+00:00, run_after=2025-03-26 00:00:00+00:00
[2025-03-26T00:15:13.633+0000] {logging_mixin.py:190} INFO - [2025-03-26T00:15:13.629+0000] {dag.py:4180} INFO - Setting next_dagrun for get_gbif_data_roadkill to 2025-03-25 23:30:00+00:00, run_after=2025-03-26 00:00:00+00:00
[2025-03-26T00:15:13.834+0000] {processor.py:208} INFO - Processing /opt/airflow/dags/gbif_dag.py took 1.409 seconds
[2025-03-26T00:15:44.665+0000] {processor.py:186} INFO - Started process (PID=193) to work on /opt/airflow/dags/gbif_dag.py
[2025-03-26T00:15:44.666+0000] {processor.py:914} INFO - Processing file /opt/airflow/dags/gbif_dag.py for tasks to queue
[2025-03-26T00:15:44.684+0000] {logging_mixin.py:190} INFO - [2025-03-26T00:15:44.669+0000] {dagbag.py:588} INFO - Filling up the DagBag from /opt/airflow/dags/gbif_dag.py
[2025-03-26T00:15:45.643+0000] {processor.py:925} INFO - DAG(s) 'get_gbif_data_atropelada', 'get_gbif_data_roadkill', 'get_gbif_data_atropelamento' retrieved from /opt/airflow/dags/gbif_dag.py
[2025-03-26T00:15:45.833+0000] {logging_mixin.py:190} INFO - [2025-03-26T00:15:45.832+0000] {dag.py:3239} INFO - Sync 3 DAGs
[2025-03-26T00:15:45.944+0000] {logging_mixin.py:190} INFO - [2025-03-26T00:15:45.943+0000] {dag.py:4180} INFO - Setting next_dagrun for get_gbif_data_atropelada to 2025-03-25 23:30:00+00:00, run_after=2025-03-26 00:00:00+00:00
[2025-03-26T00:15:45.966+0000] {logging_mixin.py:190} INFO - [2025-03-26T00:15:45.966+0000] {dag.py:4180} INFO - Setting next_dagrun for get_gbif_data_atropelamento to 2025-03-25 23:30:00+00:00, run_after=2025-03-26 00:00:00+00:00
[2025-03-26T00:15:45.974+0000] {logging_mixin.py:190} INFO - [2025-03-26T00:15:45.973+0000] {dag.py:4180} INFO - Setting next_dagrun for get_gbif_data_roadkill to 2025-03-25 23:30:00+00:00, run_after=2025-03-26 00:00:00+00:00
[2025-03-26T00:15:46.137+0000] {processor.py:208} INFO - Processing /opt/airflow/dags/gbif_dag.py took 1.518 seconds
[2025-03-26T00:16:16.389+0000] {processor.py:186} INFO - Started process (PID=207) to work on /opt/airflow/dags/gbif_dag.py
[2025-03-26T00:16:16.390+0000] {processor.py:914} INFO - Processing file /opt/airflow/dags/gbif_dag.py for tasks to queue
[2025-03-26T00:16:16.393+0000] {logging_mixin.py:190} INFO - [2025-03-26T00:16:16.392+0000] {dagbag.py:588} INFO - Filling up the DagBag from /opt/airflow/dags/gbif_dag.py
[2025-03-26T00:16:16.774+0000] {processor.py:925} INFO - DAG(s) 'get_gbif_data_atropelamento', 'get_gbif_data_roadkill', 'get_gbif_data_atropelada' retrieved from /opt/airflow/dags/gbif_dag.py
[2025-03-26T00:16:16.916+0000] {logging_mixin.py:190} INFO - [2025-03-26T00:16:16.915+0000] {dag.py:3239} INFO - Sync 3 DAGs
[2025-03-26T00:16:16.991+0000] {logging_mixin.py:190} INFO - [2025-03-26T00:16:16.991+0000] {dag.py:4180} INFO - Setting next_dagrun for get_gbif_data_atropelada to 2025-03-25 23:30:00+00:00, run_after=2025-03-26 00:00:00+00:00
[2025-03-26T00:16:17.004+0000] {logging_mixin.py:190} INFO - [2025-03-26T00:16:17.003+0000] {dag.py:4180} INFO - Setting next_dagrun for get_gbif_data_atropelamento to 2025-03-25 23:30:00+00:00, run_after=2025-03-26 00:00:00+00:00
[2025-03-26T00:16:17.009+0000] {logging_mixin.py:190} INFO - [2025-03-26T00:16:17.009+0000] {dag.py:4180} INFO - Setting next_dagrun for get_gbif_data_roadkill to 2025-03-25 23:30:00+00:00, run_after=2025-03-26 00:00:00+00:00
[2025-03-26T00:16:17.077+0000] {processor.py:208} INFO - Processing /opt/airflow/dags/gbif_dag.py took 0.698 seconds
[2025-03-26T00:16:47.503+0000] {processor.py:186} INFO - Started process (PID=221) to work on /opt/airflow/dags/gbif_dag.py
[2025-03-26T00:16:47.506+0000] {processor.py:914} INFO - Processing file /opt/airflow/dags/gbif_dag.py for tasks to queue
[2025-03-26T00:16:47.517+0000] {logging_mixin.py:190} INFO - [2025-03-26T00:16:47.515+0000] {dagbag.py:588} INFO - Filling up the DagBag from /opt/airflow/dags/gbif_dag.py
[2025-03-26T00:16:47.981+0000] {processor.py:925} INFO - DAG(s) 'get_gbif_data_atropelada', 'get_gbif_data_roadkill', 'get_gbif_data_atropelamento' retrieved from /opt/airflow/dags/gbif_dag.py
[2025-03-26T00:16:48.125+0000] {logging_mixin.py:190} INFO - [2025-03-26T00:16:48.125+0000] {dag.py:3239} INFO - Sync 3 DAGs
[2025-03-26T00:16:48.264+0000] {logging_mixin.py:190} INFO - [2025-03-26T00:16:48.263+0000] {dag.py:4180} INFO - Setting next_dagrun for get_gbif_data_atropelada to 2025-03-25 23:30:00+00:00, run_after=2025-03-26 00:00:00+00:00
[2025-03-26T00:16:48.282+0000] {logging_mixin.py:190} INFO - [2025-03-26T00:16:48.281+0000] {dag.py:4180} INFO - Setting next_dagrun for get_gbif_data_atropelamento to 2025-03-25 23:30:00+00:00, run_after=2025-03-26 00:00:00+00:00
[2025-03-26T00:16:48.288+0000] {logging_mixin.py:190} INFO - [2025-03-26T00:16:48.288+0000] {dag.py:4180} INFO - Setting next_dagrun for get_gbif_data_roadkill to 2025-03-25 23:30:00+00:00, run_after=2025-03-26 00:00:00+00:00
[2025-03-26T00:16:48.335+0000] {processor.py:208} INFO - Processing /opt/airflow/dags/gbif_dag.py took 0.839 seconds
[2025-03-26T00:17:18.943+0000] {processor.py:186} INFO - Started process (PID=236) to work on /opt/airflow/dags/gbif_dag.py
[2025-03-26T00:17:18.945+0000] {processor.py:914} INFO - Processing file /opt/airflow/dags/gbif_dag.py for tasks to queue
[2025-03-26T00:17:18.959+0000] {logging_mixin.py:190} INFO - [2025-03-26T00:17:18.956+0000] {dagbag.py:588} INFO - Filling up the DagBag from /opt/airflow/dags/gbif_dag.py
[2025-03-26T00:17:19.484+0000] {processor.py:925} INFO - DAG(s) 'get_gbif_data_atropelamento', 'get_gbif_data_atropelada', 'get_gbif_data_roadkill' retrieved from /opt/airflow/dags/gbif_dag.py
[2025-03-26T00:17:19.604+0000] {logging_mixin.py:190} INFO - [2025-03-26T00:17:19.599+0000] {dag.py:3239} INFO - Sync 3 DAGs
[2025-03-26T00:17:19.772+0000] {logging_mixin.py:190} INFO - [2025-03-26T00:17:19.770+0000] {dag.py:4180} INFO - Setting next_dagrun for get_gbif_data_atropelada to 2025-03-25 23:30:00+00:00, run_after=2025-03-26 00:00:00+00:00
[2025-03-26T00:17:19.796+0000] {logging_mixin.py:190} INFO - [2025-03-26T00:17:19.796+0000] {dag.py:4180} INFO - Setting next_dagrun for get_gbif_data_atropelamento to 2025-03-25 23:30:00+00:00, run_after=2025-03-26 00:00:00+00:00
[2025-03-26T00:17:19.809+0000] {logging_mixin.py:190} INFO - [2025-03-26T00:17:19.809+0000] {dag.py:4180} INFO - Setting next_dagrun for get_gbif_data_roadkill to 2025-03-25 23:30:00+00:00, run_after=2025-03-26 00:00:00+00:00
[2025-03-26T00:17:19.948+0000] {processor.py:208} INFO - Processing /opt/airflow/dags/gbif_dag.py took 1.014 seconds
[2025-03-26T00:17:50.788+0000] {processor.py:186} INFO - Started process (PID=256) to work on /opt/airflow/dags/gbif_dag.py
[2025-03-26T00:17:50.794+0000] {processor.py:914} INFO - Processing file /opt/airflow/dags/gbif_dag.py for tasks to queue
[2025-03-26T00:17:50.816+0000] {logging_mixin.py:190} INFO - [2025-03-26T00:17:50.809+0000] {dagbag.py:588} INFO - Filling up the DagBag from /opt/airflow/dags/gbif_dag.py
[2025-03-26T00:17:51.614+0000] {processor.py:925} INFO - DAG(s) 'get_gbif_data_atropelada', 'get_gbif_data_atropelamento', 'get_gbif_data_roadkill' retrieved from /opt/airflow/dags/gbif_dag.py
[2025-03-26T00:17:51.779+0000] {logging_mixin.py:190} INFO - [2025-03-26T00:17:51.778+0000] {dag.py:3239} INFO - Sync 3 DAGs
[2025-03-26T00:17:51.961+0000] {logging_mixin.py:190} INFO - [2025-03-26T00:17:51.960+0000] {dag.py:4180} INFO - Setting next_dagrun for get_gbif_data_atropelada to 2025-03-25 23:30:00+00:00, run_after=2025-03-26 00:00:00+00:00
[2025-03-26T00:17:52.008+0000] {logging_mixin.py:190} INFO - [2025-03-26T00:17:52.007+0000] {dag.py:4180} INFO - Setting next_dagrun for get_gbif_data_atropelamento to 2025-03-25 23:30:00+00:00, run_after=2025-03-26 00:00:00+00:00
[2025-03-26T00:17:52.027+0000] {logging_mixin.py:190} INFO - [2025-03-26T00:17:52.023+0000] {dag.py:4180} INFO - Setting next_dagrun for get_gbif_data_roadkill to 2025-03-25 23:30:00+00:00, run_after=2025-03-26 00:00:00+00:00
[2025-03-26T00:17:52.200+0000] {processor.py:208} INFO - Processing /opt/airflow/dags/gbif_dag.py took 1.433 seconds
[2025-03-26T00:18:22.430+0000] {processor.py:186} INFO - Started process (PID=270) to work on /opt/airflow/dags/gbif_dag.py
[2025-03-26T00:18:22.431+0000] {processor.py:914} INFO - Processing file /opt/airflow/dags/gbif_dag.py for tasks to queue
[2025-03-26T00:18:22.437+0000] {logging_mixin.py:190} INFO - [2025-03-26T00:18:22.434+0000] {dagbag.py:588} INFO - Filling up the DagBag from /opt/airflow/dags/gbif_dag.py
[2025-03-26T00:18:22.795+0000] {processor.py:925} INFO - DAG(s) 'get_gbif_data_roadkill', 'get_gbif_data_atropelada', 'get_gbif_data_atropelamento' retrieved from /opt/airflow/dags/gbif_dag.py
[2025-03-26T00:18:22.911+0000] {logging_mixin.py:190} INFO - [2025-03-26T00:18:22.905+0000] {dag.py:3239} INFO - Sync 3 DAGs
[2025-03-26T00:18:22.984+0000] {logging_mixin.py:190} INFO - [2025-03-26T00:18:22.984+0000] {dag.py:4180} INFO - Setting next_dagrun for get_gbif_data_atropelada to 2025-03-25 23:30:00+00:00, run_after=2025-03-26 00:00:00+00:00
[2025-03-26T00:18:23.023+0000] {logging_mixin.py:190} INFO - [2025-03-26T00:18:23.022+0000] {dag.py:4180} INFO - Setting next_dagrun for get_gbif_data_atropelamento to 2025-03-25 23:30:00+00:00, run_after=2025-03-26 00:00:00+00:00
[2025-03-26T00:18:23.035+0000] {logging_mixin.py:190} INFO - [2025-03-26T00:18:23.034+0000] {dag.py:4180} INFO - Setting next_dagrun for get_gbif_data_roadkill to 2025-03-25 23:30:00+00:00, run_after=2025-03-26 00:00:00+00:00
[2025-03-26T00:18:23.072+0000] {processor.py:208} INFO - Processing /opt/airflow/dags/gbif_dag.py took 0.651 seconds
[2025-03-26T00:18:53.808+0000] {processor.py:186} INFO - Started process (PID=284) to work on /opt/airflow/dags/gbif_dag.py
[2025-03-26T00:18:53.810+0000] {processor.py:914} INFO - Processing file /opt/airflow/dags/gbif_dag.py for tasks to queue
[2025-03-26T00:18:53.823+0000] {logging_mixin.py:190} INFO - [2025-03-26T00:18:53.816+0000] {dagbag.py:588} INFO - Filling up the DagBag from /opt/airflow/dags/gbif_dag.py
[2025-03-26T00:18:54.253+0000] {processor.py:925} INFO - DAG(s) 'get_gbif_data_atropelada', 'get_gbif_data_roadkill', 'get_gbif_data_atropelamento' retrieved from /opt/airflow/dags/gbif_dag.py
[2025-03-26T00:18:54.379+0000] {logging_mixin.py:190} INFO - [2025-03-26T00:18:54.379+0000] {dag.py:3239} INFO - Sync 3 DAGs
[2025-03-26T00:18:54.487+0000] {logging_mixin.py:190} INFO - [2025-03-26T00:18:54.485+0000] {dag.py:4180} INFO - Setting next_dagrun for get_gbif_data_atropelada to 2025-03-25 23:30:00+00:00, run_after=2025-03-26 00:00:00+00:00
[2025-03-26T00:18:54.506+0000] {logging_mixin.py:190} INFO - [2025-03-26T00:18:54.505+0000] {dag.py:4180} INFO - Setting next_dagrun for get_gbif_data_atropelamento to 2025-03-25 23:30:00+00:00, run_after=2025-03-26 00:00:00+00:00
[2025-03-26T00:18:54.510+0000] {logging_mixin.py:190} INFO - [2025-03-26T00:18:54.510+0000] {dag.py:4180} INFO - Setting next_dagrun for get_gbif_data_roadkill to 2025-03-25 23:30:00+00:00, run_after=2025-03-26 00:00:00+00:00
[2025-03-26T00:18:54.573+0000] {processor.py:208} INFO - Processing /opt/airflow/dags/gbif_dag.py took 0.802 seconds
[2025-03-26T00:19:25.102+0000] {processor.py:186} INFO - Started process (PID=298) to work on /opt/airflow/dags/gbif_dag.py
[2025-03-26T00:19:25.103+0000] {processor.py:914} INFO - Processing file /opt/airflow/dags/gbif_dag.py for tasks to queue
[2025-03-26T00:19:25.117+0000] {logging_mixin.py:190} INFO - [2025-03-26T00:19:25.109+0000] {dagbag.py:588} INFO - Filling up the DagBag from /opt/airflow/dags/gbif_dag.py
[2025-03-26T00:19:25.596+0000] {processor.py:925} INFO - DAG(s) 'get_gbif_data_atropelamento', 'get_gbif_data_atropelada', 'get_gbif_data_roadkill' retrieved from /opt/airflow/dags/gbif_dag.py
[2025-03-26T00:19:25.716+0000] {logging_mixin.py:190} INFO - [2025-03-26T00:19:25.715+0000] {dag.py:3239} INFO - Sync 3 DAGs
[2025-03-26T00:19:25.846+0000] {logging_mixin.py:190} INFO - [2025-03-26T00:19:25.845+0000] {dag.py:4180} INFO - Setting next_dagrun for get_gbif_data_atropelada to 2025-03-25 23:30:00+00:00, run_after=2025-03-26 00:00:00+00:00
[2025-03-26T00:19:25.875+0000] {logging_mixin.py:190} INFO - [2025-03-26T00:19:25.873+0000] {dag.py:4180} INFO - Setting next_dagrun for get_gbif_data_atropelamento to 2025-03-25 23:30:00+00:00, run_after=2025-03-26 00:00:00+00:00
[2025-03-26T00:19:25.881+0000] {logging_mixin.py:190} INFO - [2025-03-26T00:19:25.881+0000] {dag.py:4180} INFO - Setting next_dagrun for get_gbif_data_roadkill to 2025-03-25 23:30:00+00:00, run_after=2025-03-26 00:00:00+00:00
[2025-03-26T00:19:25.936+0000] {processor.py:208} INFO - Processing /opt/airflow/dags/gbif_dag.py took 0.856 seconds
[2025-03-26T00:19:56.133+0000] {processor.py:186} INFO - Started process (PID=312) to work on /opt/airflow/dags/gbif_dag.py
[2025-03-26T00:19:56.135+0000] {processor.py:914} INFO - Processing file /opt/airflow/dags/gbif_dag.py for tasks to queue
[2025-03-26T00:19:56.142+0000] {logging_mixin.py:190} INFO - [2025-03-26T00:19:56.140+0000] {dagbag.py:588} INFO - Filling up the DagBag from /opt/airflow/dags/gbif_dag.py
[2025-03-26T00:19:56.612+0000] {processor.py:925} INFO - DAG(s) 'get_gbif_data_atropelamento', 'get_gbif_data_roadkill', 'get_gbif_data_atropelada' retrieved from /opt/airflow/dags/gbif_dag.py
[2025-03-26T00:19:56.701+0000] {logging_mixin.py:190} INFO - [2025-03-26T00:19:56.700+0000] {dag.py:3239} INFO - Sync 3 DAGs
[2025-03-26T00:19:56.772+0000] {logging_mixin.py:190} INFO - [2025-03-26T00:19:56.772+0000] {dag.py:4180} INFO - Setting next_dagrun for get_gbif_data_atropelada to 2025-03-25 23:30:00+00:00, run_after=2025-03-26 00:00:00+00:00
[2025-03-26T00:19:56.787+0000] {logging_mixin.py:190} INFO - [2025-03-26T00:19:56.786+0000] {dag.py:4180} INFO - Setting next_dagrun for get_gbif_data_atropelamento to 2025-03-25 23:30:00+00:00, run_after=2025-03-26 00:00:00+00:00
[2025-03-26T00:19:56.794+0000] {logging_mixin.py:190} INFO - [2025-03-26T00:19:56.794+0000] {dag.py:4180} INFO - Setting next_dagrun for get_gbif_data_roadkill to 2025-03-25 23:30:00+00:00, run_after=2025-03-26 00:00:00+00:00
[2025-03-26T00:19:56.847+0000] {processor.py:208} INFO - Processing /opt/airflow/dags/gbif_dag.py took 0.730 seconds
[2025-03-26T00:20:27.187+0000] {processor.py:186} INFO - Started process (PID=326) to work on /opt/airflow/dags/gbif_dag.py
[2025-03-26T00:20:27.188+0000] {processor.py:914} INFO - Processing file /opt/airflow/dags/gbif_dag.py for tasks to queue
[2025-03-26T00:20:27.193+0000] {logging_mixin.py:190} INFO - [2025-03-26T00:20:27.192+0000] {dagbag.py:588} INFO - Filling up the DagBag from /opt/airflow/dags/gbif_dag.py
[2025-03-26T00:20:27.628+0000] {processor.py:925} INFO - DAG(s) 'get_gbif_data_atropelada', 'get_gbif_data_atropelamento', 'get_gbif_data_roadkill' retrieved from /opt/airflow/dags/gbif_dag.py
[2025-03-26T00:20:27.778+0000] {logging_mixin.py:190} INFO - [2025-03-26T00:20:27.777+0000] {dag.py:3239} INFO - Sync 3 DAGs
[2025-03-26T00:20:27.884+0000] {logging_mixin.py:190} INFO - [2025-03-26T00:20:27.884+0000] {dag.py:4180} INFO - Setting next_dagrun for get_gbif_data_atropelada to 2025-03-25 23:30:00+00:00, run_after=2025-03-26 00:00:00+00:00
[2025-03-26T00:20:27.908+0000] {logging_mixin.py:190} INFO - [2025-03-26T00:20:27.908+0000] {dag.py:4180} INFO - Setting next_dagrun for get_gbif_data_atropelamento to 2025-03-25 23:30:00+00:00, run_after=2025-03-26 00:00:00+00:00
[2025-03-26T00:20:27.914+0000] {logging_mixin.py:190} INFO - [2025-03-26T00:20:27.914+0000] {dag.py:4180} INFO - Setting next_dagrun for get_gbif_data_roadkill to 2025-03-25 23:30:00+00:00, run_after=2025-03-26 00:00:00+00:00
[2025-03-26T00:20:27.966+0000] {processor.py:208} INFO - Processing /opt/airflow/dags/gbif_dag.py took 0.795 seconds
[2025-03-26T00:20:58.181+0000] {processor.py:186} INFO - Started process (PID=340) to work on /opt/airflow/dags/gbif_dag.py
[2025-03-26T00:20:58.183+0000] {processor.py:914} INFO - Processing file /opt/airflow/dags/gbif_dag.py for tasks to queue
[2025-03-26T00:20:58.194+0000] {logging_mixin.py:190} INFO - [2025-03-26T00:20:58.190+0000] {dagbag.py:588} INFO - Filling up the DagBag from /opt/airflow/dags/gbif_dag.py
[2025-03-26T00:20:58.713+0000] {processor.py:925} INFO - DAG(s) 'get_gbif_data_roadkill', 'get_gbif_data_atropelada', 'get_gbif_data_atropelamento' retrieved from /opt/airflow/dags/gbif_dag.py
[2025-03-26T00:20:58.844+0000] {logging_mixin.py:190} INFO - [2025-03-26T00:20:58.843+0000] {dag.py:3239} INFO - Sync 3 DAGs
[2025-03-26T00:20:58.922+0000] {logging_mixin.py:190} INFO - [2025-03-26T00:20:58.922+0000] {dag.py:4180} INFO - Setting next_dagrun for get_gbif_data_atropelada to 2025-03-25 23:30:00+00:00, run_after=2025-03-26 00:00:00+00:00
[2025-03-26T00:20:58.948+0000] {logging_mixin.py:190} INFO - [2025-03-26T00:20:58.947+0000] {dag.py:4180} INFO - Setting next_dagrun for get_gbif_data_atropelamento to 2025-03-25 23:30:00+00:00, run_after=2025-03-26 00:00:00+00:00
[2025-03-26T00:20:58.957+0000] {logging_mixin.py:190} INFO - [2025-03-26T00:20:58.955+0000] {dag.py:4180} INFO - Setting next_dagrun for get_gbif_data_roadkill to 2025-03-25 23:30:00+00:00, run_after=2025-03-26 00:00:00+00:00
[2025-03-26T00:20:59.002+0000] {processor.py:208} INFO - Processing /opt/airflow/dags/gbif_dag.py took 0.832 seconds
[2025-03-26T00:21:29.947+0000] {processor.py:186} INFO - Started process (PID=353) to work on /opt/airflow/dags/gbif_dag.py
[2025-03-26T00:21:29.957+0000] {processor.py:914} INFO - Processing file /opt/airflow/dags/gbif_dag.py for tasks to queue
[2025-03-26T00:21:29.966+0000] {logging_mixin.py:190} INFO - [2025-03-26T00:21:29.965+0000] {dagbag.py:588} INFO - Filling up the DagBag from /opt/airflow/dags/gbif_dag.py
[2025-03-26T00:21:30.421+0000] {processor.py:925} INFO - DAG(s) 'get_gbif_data_atropelada', 'get_gbif_data_roadkill', 'get_gbif_data_atropelamento' retrieved from /opt/airflow/dags/gbif_dag.py
[2025-03-26T00:21:30.481+0000] {logging_mixin.py:190} INFO - [2025-03-26T00:21:30.481+0000] {dag.py:3239} INFO - Sync 3 DAGs
[2025-03-26T00:21:30.546+0000] {logging_mixin.py:190} INFO - [2025-03-26T00:21:30.545+0000] {dag.py:4180} INFO - Setting next_dagrun for get_gbif_data_atropelada to 2025-03-25 23:30:00+00:00, run_after=2025-03-26 00:00:00+00:00
[2025-03-26T00:21:30.574+0000] {logging_mixin.py:190} INFO - [2025-03-26T00:21:30.573+0000] {dag.py:4180} INFO - Setting next_dagrun for get_gbif_data_atropelamento to 2025-03-25 23:30:00+00:00, run_after=2025-03-26 00:00:00+00:00
[2025-03-26T00:21:30.580+0000] {logging_mixin.py:190} INFO - [2025-03-26T00:21:30.579+0000] {dag.py:4180} INFO - Setting next_dagrun for get_gbif_data_roadkill to 2025-03-25 23:30:00+00:00, run_after=2025-03-26 00:00:00+00:00
[2025-03-26T00:21:30.617+0000] {processor.py:208} INFO - Processing /opt/airflow/dags/gbif_dag.py took 0.686 seconds
[2025-03-26T00:22:00.851+0000] {processor.py:186} INFO - Started process (PID=367) to work on /opt/airflow/dags/gbif_dag.py
[2025-03-26T00:22:00.853+0000] {processor.py:914} INFO - Processing file /opt/airflow/dags/gbif_dag.py for tasks to queue
[2025-03-26T00:22:00.902+0000] {logging_mixin.py:190} INFO - [2025-03-26T00:22:00.879+0000] {dagbag.py:588} INFO - Filling up the DagBag from /opt/airflow/dags/gbif_dag.py
[2025-03-26T00:22:01.419+0000] {processor.py:925} INFO - DAG(s) 'get_gbif_data_roadkill', 'get_gbif_data_atropelada', 'get_gbif_data_atropelamento' retrieved from /opt/airflow/dags/gbif_dag.py
[2025-03-26T00:22:01.485+0000] {logging_mixin.py:190} INFO - [2025-03-26T00:22:01.484+0000] {dag.py:3239} INFO - Sync 3 DAGs
[2025-03-26T00:22:01.595+0000] {logging_mixin.py:190} INFO - [2025-03-26T00:22:01.594+0000] {dag.py:4180} INFO - Setting next_dagrun for get_gbif_data_atropelada to 2025-03-25 23:30:00+00:00, run_after=2025-03-26 00:00:00+00:00
[2025-03-26T00:22:01.628+0000] {logging_mixin.py:190} INFO - [2025-03-26T00:22:01.627+0000] {dag.py:4180} INFO - Setting next_dagrun for get_gbif_data_atropelamento to 2025-03-25 23:30:00+00:00, run_after=2025-03-26 00:00:00+00:00
[2025-03-26T00:22:01.647+0000] {logging_mixin.py:190} INFO - [2025-03-26T00:22:01.646+0000] {dag.py:4180} INFO - Setting next_dagrun for get_gbif_data_roadkill to 2025-03-25 23:30:00+00:00, run_after=2025-03-26 00:00:00+00:00
[2025-03-26T00:22:01.694+0000] {processor.py:208} INFO - Processing /opt/airflow/dags/gbif_dag.py took 0.855 seconds
[2025-03-26T00:22:32.214+0000] {processor.py:186} INFO - Started process (PID=381) to work on /opt/airflow/dags/gbif_dag.py
[2025-03-26T00:22:32.217+0000] {processor.py:914} INFO - Processing file /opt/airflow/dags/gbif_dag.py for tasks to queue
[2025-03-26T00:22:32.233+0000] {logging_mixin.py:190} INFO - [2025-03-26T00:22:32.230+0000] {dagbag.py:588} INFO - Filling up the DagBag from /opt/airflow/dags/gbif_dag.py
[2025-03-26T00:22:32.662+0000] {processor.py:925} INFO - DAG(s) 'get_gbif_data_roadkill', 'get_gbif_data_atropelada', 'get_gbif_data_atropelamento' retrieved from /opt/airflow/dags/gbif_dag.py
[2025-03-26T00:22:32.752+0000] {logging_mixin.py:190} INFO - [2025-03-26T00:22:32.751+0000] {dag.py:3239} INFO - Sync 3 DAGs
[2025-03-26T00:22:32.826+0000] {logging_mixin.py:190} INFO - [2025-03-26T00:22:32.825+0000] {dag.py:4180} INFO - Setting next_dagrun for get_gbif_data_atropelada to 2025-03-25 23:30:00+00:00, run_after=2025-03-26 00:00:00+00:00
[2025-03-26T00:22:32.837+0000] {logging_mixin.py:190} INFO - [2025-03-26T00:22:32.837+0000] {dag.py:4180} INFO - Setting next_dagrun for get_gbif_data_atropelamento to 2025-03-25 23:30:00+00:00, run_after=2025-03-26 00:00:00+00:00
[2025-03-26T00:22:32.850+0000] {logging_mixin.py:190} INFO - [2025-03-26T00:22:32.849+0000] {dag.py:4180} INFO - Setting next_dagrun for get_gbif_data_roadkill to 2025-03-25 23:30:00+00:00, run_after=2025-03-26 00:00:00+00:00
[2025-03-26T00:22:32.888+0000] {processor.py:208} INFO - Processing /opt/airflow/dags/gbif_dag.py took 0.685 seconds
[2025-03-26T00:23:03.190+0000] {processor.py:186} INFO - Started process (PID=395) to work on /opt/airflow/dags/gbif_dag.py
[2025-03-26T00:23:03.191+0000] {processor.py:914} INFO - Processing file /opt/airflow/dags/gbif_dag.py for tasks to queue
[2025-03-26T00:23:03.199+0000] {logging_mixin.py:190} INFO - [2025-03-26T00:23:03.196+0000] {dagbag.py:588} INFO - Filling up the DagBag from /opt/airflow/dags/gbif_dag.py
[2025-03-26T00:23:03.632+0000] {processor.py:925} INFO - DAG(s) 'get_gbif_data_atropelada', 'get_gbif_data_atropelamento', 'get_gbif_data_roadkill' retrieved from /opt/airflow/dags/gbif_dag.py
[2025-03-26T00:23:03.690+0000] {logging_mixin.py:190} INFO - [2025-03-26T00:23:03.689+0000] {dag.py:3239} INFO - Sync 3 DAGs
[2025-03-26T00:23:03.808+0000] {logging_mixin.py:190} INFO - [2025-03-26T00:23:03.807+0000] {dag.py:4180} INFO - Setting next_dagrun for get_gbif_data_atropelada to 2025-03-25 23:30:00+00:00, run_after=2025-03-26 00:00:00+00:00
[2025-03-26T00:23:03.843+0000] {logging_mixin.py:190} INFO - [2025-03-26T00:23:03.842+0000] {dag.py:4180} INFO - Setting next_dagrun for get_gbif_data_atropelamento to 2025-03-25 23:30:00+00:00, run_after=2025-03-26 00:00:00+00:00
[2025-03-26T00:23:03.859+0000] {logging_mixin.py:190} INFO - [2025-03-26T00:23:03.859+0000] {dag.py:4180} INFO - Setting next_dagrun for get_gbif_data_roadkill to 2025-03-25 23:30:00+00:00, run_after=2025-03-26 00:00:00+00:00
[2025-03-26T00:23:03.962+0000] {processor.py:208} INFO - Processing /opt/airflow/dags/gbif_dag.py took 0.827 seconds
[2025-03-26T00:23:34.812+0000] {processor.py:186} INFO - Started process (PID=408) to work on /opt/airflow/dags/gbif_dag.py
[2025-03-26T00:23:34.814+0000] {processor.py:914} INFO - Processing file /opt/airflow/dags/gbif_dag.py for tasks to queue
[2025-03-26T00:23:34.826+0000] {logging_mixin.py:190} INFO - [2025-03-26T00:23:34.823+0000] {dagbag.py:588} INFO - Filling up the DagBag from /opt/airflow/dags/gbif_dag.py
[2025-03-26T00:23:35.250+0000] {processor.py:925} INFO - DAG(s) 'get_gbif_data_atropelamento', 'get_gbif_data_atropelada', 'get_gbif_data_roadkill' retrieved from /opt/airflow/dags/gbif_dag.py
[2025-03-26T00:23:35.311+0000] {logging_mixin.py:190} INFO - [2025-03-26T00:23:35.311+0000] {dag.py:3239} INFO - Sync 3 DAGs
[2025-03-26T00:23:35.396+0000] {logging_mixin.py:190} INFO - [2025-03-26T00:23:35.396+0000] {dag.py:4180} INFO - Setting next_dagrun for get_gbif_data_atropelada to 2025-03-25 23:30:00+00:00, run_after=2025-03-26 00:00:00+00:00
[2025-03-26T00:23:35.419+0000] {logging_mixin.py:190} INFO - [2025-03-26T00:23:35.418+0000] {dag.py:4180} INFO - Setting next_dagrun for get_gbif_data_atropelamento to 2025-03-25 23:30:00+00:00, run_after=2025-03-26 00:00:00+00:00
[2025-03-26T00:23:35.426+0000] {logging_mixin.py:190} INFO - [2025-03-26T00:23:35.426+0000] {dag.py:4180} INFO - Setting next_dagrun for get_gbif_data_roadkill to 2025-03-25 23:30:00+00:00, run_after=2025-03-26 00:00:00+00:00
[2025-03-26T00:23:35.491+0000] {processor.py:208} INFO - Processing /opt/airflow/dags/gbif_dag.py took 0.728 seconds
[2025-03-26T00:24:06.368+0000] {processor.py:186} INFO - Started process (PID=422) to work on /opt/airflow/dags/gbif_dag.py
[2025-03-26T00:24:06.371+0000] {processor.py:914} INFO - Processing file /opt/airflow/dags/gbif_dag.py for tasks to queue
[2025-03-26T00:24:06.378+0000] {logging_mixin.py:190} INFO - [2025-03-26T00:24:06.376+0000] {dagbag.py:588} INFO - Filling up the DagBag from /opt/airflow/dags/gbif_dag.py
[2025-03-26T00:24:06.808+0000] {processor.py:925} INFO - DAG(s) 'get_gbif_data_atropelada', 'get_gbif_data_atropelamento', 'get_gbif_data_roadkill' retrieved from /opt/airflow/dags/gbif_dag.py
[2025-03-26T00:24:06.908+0000] {logging_mixin.py:190} INFO - [2025-03-26T00:24:06.907+0000] {dag.py:3239} INFO - Sync 3 DAGs
[2025-03-26T00:24:07.016+0000] {logging_mixin.py:190} INFO - [2025-03-26T00:24:07.016+0000] {dag.py:4180} INFO - Setting next_dagrun for get_gbif_data_atropelada to 2025-03-25 23:30:00+00:00, run_after=2025-03-26 00:00:00+00:00
[2025-03-26T00:24:07.032+0000] {logging_mixin.py:190} INFO - [2025-03-26T00:24:07.031+0000] {dag.py:4180} INFO - Setting next_dagrun for get_gbif_data_atropelamento to 2025-03-25 23:30:00+00:00, run_after=2025-03-26 00:00:00+00:00
[2025-03-26T00:24:07.043+0000] {logging_mixin.py:190} INFO - [2025-03-26T00:24:07.042+0000] {dag.py:4180} INFO - Setting next_dagrun for get_gbif_data_roadkill to 2025-03-25 23:30:00+00:00, run_after=2025-03-26 00:00:00+00:00
[2025-03-26T00:24:07.102+0000] {processor.py:208} INFO - Processing /opt/airflow/dags/gbif_dag.py took 0.741 seconds
[2025-03-26T00:24:37.646+0000] {processor.py:186} INFO - Started process (PID=436) to work on /opt/airflow/dags/gbif_dag.py
[2025-03-26T00:24:37.649+0000] {processor.py:914} INFO - Processing file /opt/airflow/dags/gbif_dag.py for tasks to queue
[2025-03-26T00:24:37.657+0000] {logging_mixin.py:190} INFO - [2025-03-26T00:24:37.654+0000] {dagbag.py:588} INFO - Filling up the DagBag from /opt/airflow/dags/gbif_dag.py
[2025-03-26T00:24:38.210+0000] {processor.py:925} INFO - DAG(s) 'get_gbif_data_atropelamento', 'get_gbif_data_atropelada', 'get_gbif_data_roadkill' retrieved from /opt/airflow/dags/gbif_dag.py
[2025-03-26T00:24:38.356+0000] {logging_mixin.py:190} INFO - [2025-03-26T00:24:38.355+0000] {dag.py:3239} INFO - Sync 3 DAGs
[2025-03-26T00:24:38.474+0000] {logging_mixin.py:190} INFO - [2025-03-26T00:24:38.473+0000] {dag.py:4180} INFO - Setting next_dagrun for get_gbif_data_atropelada to 2025-03-25 23:30:00+00:00, run_after=2025-03-26 00:00:00+00:00
[2025-03-26T00:24:38.483+0000] {logging_mixin.py:190} INFO - [2025-03-26T00:24:38.483+0000] {dag.py:4180} INFO - Setting next_dagrun for get_gbif_data_atropelamento to 2025-03-25 23:30:00+00:00, run_after=2025-03-26 00:00:00+00:00
[2025-03-26T00:24:38.496+0000] {logging_mixin.py:190} INFO - [2025-03-26T00:24:38.495+0000] {dag.py:4180} INFO - Setting next_dagrun for get_gbif_data_roadkill to 2025-03-25 23:30:00+00:00, run_after=2025-03-26 00:00:00+00:00
[2025-03-26T00:24:38.565+0000] {processor.py:208} INFO - Processing /opt/airflow/dags/gbif_dag.py took 0.930 seconds
[2025-03-26T00:25:09.392+0000] {processor.py:186} INFO - Started process (PID=450) to work on /opt/airflow/dags/gbif_dag.py
[2025-03-26T00:25:09.399+0000] {processor.py:914} INFO - Processing file /opt/airflow/dags/gbif_dag.py for tasks to queue
[2025-03-26T00:25:09.412+0000] {logging_mixin.py:190} INFO - [2025-03-26T00:25:09.408+0000] {dagbag.py:588} INFO - Filling up the DagBag from /opt/airflow/dags/gbif_dag.py
[2025-03-26T00:25:10.060+0000] {processor.py:925} INFO - DAG(s) 'get_gbif_data_roadkill', 'get_gbif_data_atropelamento', 'get_gbif_data_atropelada' retrieved from /opt/airflow/dags/gbif_dag.py
[2025-03-26T00:25:10.162+0000] {logging_mixin.py:190} INFO - [2025-03-26T00:25:10.160+0000] {dag.py:3239} INFO - Sync 3 DAGs
[2025-03-26T00:25:10.232+0000] {logging_mixin.py:190} INFO - [2025-03-26T00:25:10.230+0000] {dag.py:4180} INFO - Setting next_dagrun for get_gbif_data_atropelada to 2025-03-25 23:30:00+00:00, run_after=2025-03-26 00:00:00+00:00
[2025-03-26T00:25:10.242+0000] {logging_mixin.py:190} INFO - [2025-03-26T00:25:10.241+0000] {dag.py:4180} INFO - Setting next_dagrun for get_gbif_data_atropelamento to 2025-03-25 23:30:00+00:00, run_after=2025-03-26 00:00:00+00:00
[2025-03-26T00:25:10.252+0000] {logging_mixin.py:190} INFO - [2025-03-26T00:25:10.252+0000] {dag.py:4180} INFO - Setting next_dagrun for get_gbif_data_roadkill to 2025-03-25 23:30:00+00:00, run_after=2025-03-26 00:00:00+00:00
[2025-03-26T00:25:10.334+0000] {processor.py:208} INFO - Processing /opt/airflow/dags/gbif_dag.py took 0.956 seconds
[2025-03-26T00:25:41.413+0000] {processor.py:186} INFO - Started process (PID=464) to work on /opt/airflow/dags/gbif_dag.py
[2025-03-26T00:25:41.416+0000] {processor.py:914} INFO - Processing file /opt/airflow/dags/gbif_dag.py for tasks to queue
[2025-03-26T00:25:41.425+0000] {logging_mixin.py:190} INFO - [2025-03-26T00:25:41.420+0000] {dagbag.py:588} INFO - Filling up the DagBag from /opt/airflow/dags/gbif_dag.py
[2025-03-26T00:25:41.893+0000] {processor.py:925} INFO - DAG(s) 'get_gbif_data_atropelamento', 'get_gbif_data_atropelada', 'get_gbif_data_roadkill' retrieved from /opt/airflow/dags/gbif_dag.py
[2025-03-26T00:25:41.968+0000] {logging_mixin.py:190} INFO - [2025-03-26T00:25:41.966+0000] {dag.py:3239} INFO - Sync 3 DAGs
[2025-03-26T00:25:42.035+0000] {logging_mixin.py:190} INFO - [2025-03-26T00:25:42.034+0000] {dag.py:4180} INFO - Setting next_dagrun for get_gbif_data_atropelada to 2025-03-25 23:30:00+00:00, run_after=2025-03-26 00:00:00+00:00
[2025-03-26T00:25:42.059+0000] {logging_mixin.py:190} INFO - [2025-03-26T00:25:42.058+0000] {dag.py:4180} INFO - Setting next_dagrun for get_gbif_data_atropelamento to 2025-03-25 23:30:00+00:00, run_after=2025-03-26 00:00:00+00:00
[2025-03-26T00:25:42.065+0000] {logging_mixin.py:190} INFO - [2025-03-26T00:25:42.064+0000] {dag.py:4180} INFO - Setting next_dagrun for get_gbif_data_roadkill to 2025-03-25 23:30:00+00:00, run_after=2025-03-26 00:00:00+00:00
[2025-03-26T00:25:42.096+0000] {processor.py:208} INFO - Processing /opt/airflow/dags/gbif_dag.py took 0.690 seconds
[2025-03-26T00:37:35.077+0000] {processor.py:186} INFO - Started process (PID=477) to work on /opt/airflow/dags/gbif_dag.py
[2025-03-26T00:37:35.093+0000] {processor.py:914} INFO - Processing file /opt/airflow/dags/gbif_dag.py for tasks to queue
[2025-03-26T00:37:35.099+0000] {logging_mixin.py:190} INFO - [2025-03-26T00:37:35.097+0000] {dagbag.py:588} INFO - Filling up the DagBag from /opt/airflow/dags/gbif_dag.py
[2025-03-26T00:37:36.094+0000] {processor.py:925} INFO - DAG(s) 'get_gbif_data_roadkill', 'get_gbif_data_atropelamento', 'get_gbif_data_atropelada' retrieved from /opt/airflow/dags/gbif_dag.py
[2025-03-26T00:37:36.230+0000] {logging_mixin.py:190} INFO - [2025-03-26T00:37:36.229+0000] {dag.py:3239} INFO - Sync 3 DAGs
[2025-03-26T00:37:36.425+0000] {logging_mixin.py:190} INFO - [2025-03-26T00:37:36.424+0000] {dag.py:4180} INFO - Setting next_dagrun for get_gbif_data_atropelada to 2025-03-26 00:00:00+00:00, run_after=2025-03-26 00:30:00+00:00
[2025-03-26T00:37:36.479+0000] {logging_mixin.py:190} INFO - [2025-03-26T00:37:36.479+0000] {dag.py:4180} INFO - Setting next_dagrun for get_gbif_data_atropelamento to 2025-03-26 00:00:00+00:00, run_after=2025-03-26 00:30:00+00:00
[2025-03-26T00:37:36.488+0000] {logging_mixin.py:190} INFO - [2025-03-26T00:37:36.487+0000] {dag.py:4180} INFO - Setting next_dagrun for get_gbif_data_roadkill to 2025-03-26 00:00:00+00:00, run_after=2025-03-26 00:30:00+00:00
[2025-03-26T00:37:36.632+0000] {processor.py:208} INFO - Processing /opt/airflow/dags/gbif_dag.py took 1.576 seconds
[2025-03-26T00:38:07.171+0000] {processor.py:186} INFO - Started process (PID=506) to work on /opt/airflow/dags/gbif_dag.py
[2025-03-26T00:38:07.174+0000] {processor.py:914} INFO - Processing file /opt/airflow/dags/gbif_dag.py for tasks to queue
[2025-03-26T00:38:07.184+0000] {logging_mixin.py:190} INFO - [2025-03-26T00:38:07.182+0000] {dagbag.py:588} INFO - Filling up the DagBag from /opt/airflow/dags/gbif_dag.py
[2025-03-26T00:38:07.489+0000] {processor.py:925} INFO - DAG(s) 'get_gbif_data_atropelada', 'get_gbif_data_atropelamento', 'get_gbif_data_roadkill' retrieved from /opt/airflow/dags/gbif_dag.py
[2025-03-26T00:38:07.571+0000] {logging_mixin.py:190} INFO - [2025-03-26T00:38:07.570+0000] {dag.py:3239} INFO - Sync 3 DAGs
[2025-03-26T00:38:07.624+0000] {logging_mixin.py:190} INFO - [2025-03-26T00:38:07.624+0000] {dag.py:4180} INFO - Setting next_dagrun for get_gbif_data_atropelada to 2025-03-26 00:00:00+00:00, run_after=2025-03-26 00:30:00+00:00
[2025-03-26T00:38:07.636+0000] {logging_mixin.py:190} INFO - [2025-03-26T00:38:07.635+0000] {dag.py:4180} INFO - Setting next_dagrun for get_gbif_data_atropelamento to 2025-03-26 00:00:00+00:00, run_after=2025-03-26 00:30:00+00:00
[2025-03-26T00:38:07.642+0000] {logging_mixin.py:190} INFO - [2025-03-26T00:38:07.641+0000] {dag.py:4180} INFO - Setting next_dagrun for get_gbif_data_roadkill to 2025-03-26 00:00:00+00:00, run_after=2025-03-26 00:30:00+00:00
[2025-03-26T00:38:07.664+0000] {processor.py:208} INFO - Processing /opt/airflow/dags/gbif_dag.py took 0.505 seconds
[2025-03-26T00:38:39.495+0000] {processor.py:186} INFO - Started process (PID=520) to work on /opt/airflow/dags/gbif_dag.py
[2025-03-26T00:38:39.497+0000] {processor.py:914} INFO - Processing file /opt/airflow/dags/gbif_dag.py for tasks to queue
[2025-03-26T00:38:39.501+0000] {logging_mixin.py:190} INFO - [2025-03-26T00:38:39.499+0000] {dagbag.py:588} INFO - Filling up the DagBag from /opt/airflow/dags/gbif_dag.py
[2025-03-26T00:38:39.941+0000] {processor.py:925} INFO - DAG(s) 'get_gbif_data_atropelada', 'get_gbif_data_roadkill', 'get_gbif_data_atropelamento' retrieved from /opt/airflow/dags/gbif_dag.py
[2025-03-26T00:38:40.019+0000] {logging_mixin.py:190} INFO - [2025-03-26T00:38:40.018+0000] {dag.py:3239} INFO - Sync 3 DAGs
[2025-03-26T00:38:40.062+0000] {logging_mixin.py:190} INFO - [2025-03-26T00:38:40.062+0000] {dag.py:4180} INFO - Setting next_dagrun for get_gbif_data_atropelada to 2025-03-26 00:00:00+00:00, run_after=2025-03-26 00:30:00+00:00
[2025-03-26T00:38:40.067+0000] {logging_mixin.py:190} INFO - [2025-03-26T00:38:40.067+0000] {dag.py:4180} INFO - Setting next_dagrun for get_gbif_data_atropelamento to 2025-03-26 00:00:00+00:00, run_after=2025-03-26 00:30:00+00:00
[2025-03-26T00:38:40.074+0000] {logging_mixin.py:190} INFO - [2025-03-26T00:38:40.073+0000] {dag.py:4180} INFO - Setting next_dagrun for get_gbif_data_roadkill to 2025-03-26 00:00:00+00:00, run_after=2025-03-26 00:30:00+00:00
[2025-03-26T00:38:40.111+0000] {processor.py:208} INFO - Processing /opt/airflow/dags/gbif_dag.py took 0.627 seconds
[2025-03-26T00:39:10.906+0000] {processor.py:186} INFO - Started process (PID=534) to work on /opt/airflow/dags/gbif_dag.py
[2025-03-26T00:39:10.907+0000] {processor.py:914} INFO - Processing file /opt/airflow/dags/gbif_dag.py for tasks to queue
[2025-03-26T00:39:10.908+0000] {logging_mixin.py:190} INFO - [2025-03-26T00:39:10.908+0000] {dagbag.py:588} INFO - Filling up the DagBag from /opt/airflow/dags/gbif_dag.py
[2025-03-26T00:39:11.279+0000] {processor.py:925} INFO - DAG(s) 'get_gbif_data_atropelada', 'get_gbif_data_atropelamento', 'get_gbif_data_roadkill' retrieved from /opt/airflow/dags/gbif_dag.py
[2025-03-26T00:39:11.364+0000] {logging_mixin.py:190} INFO - [2025-03-26T00:39:11.364+0000] {dag.py:3239} INFO - Sync 3 DAGs
[2025-03-26T00:39:11.415+0000] {logging_mixin.py:190} INFO - [2025-03-26T00:39:11.415+0000] {dag.py:4180} INFO - Setting next_dagrun for get_gbif_data_atropelada to 2025-03-26 00:00:00+00:00, run_after=2025-03-26 00:30:00+00:00
[2025-03-26T00:39:11.420+0000] {logging_mixin.py:190} INFO - [2025-03-26T00:39:11.420+0000] {dag.py:4180} INFO - Setting next_dagrun for get_gbif_data_atropelamento to 2025-03-26 00:00:00+00:00, run_after=2025-03-26 00:30:00+00:00
[2025-03-26T00:39:11.424+0000] {logging_mixin.py:190} INFO - [2025-03-26T00:39:11.424+0000] {dag.py:4180} INFO - Setting next_dagrun for get_gbif_data_roadkill to 2025-03-26 00:00:00+00:00, run_after=2025-03-26 00:30:00+00:00
[2025-03-26T00:39:11.446+0000] {processor.py:208} INFO - Processing /opt/airflow/dags/gbif_dag.py took 0.543 seconds
[2025-03-26T00:39:42.509+0000] {processor.py:186} INFO - Started process (PID=548) to work on /opt/airflow/dags/gbif_dag.py
[2025-03-26T00:39:42.513+0000] {processor.py:914} INFO - Processing file /opt/airflow/dags/gbif_dag.py for tasks to queue
[2025-03-26T00:39:42.518+0000] {logging_mixin.py:190} INFO - [2025-03-26T00:39:42.517+0000] {dagbag.py:588} INFO - Filling up the DagBag from /opt/airflow/dags/gbif_dag.py
[2025-03-26T00:39:42.762+0000] {processor.py:925} INFO - DAG(s) 'get_gbif_data_atropelada', 'get_gbif_data_roadkill', 'get_gbif_data_atropelamento' retrieved from /opt/airflow/dags/gbif_dag.py
[2025-03-26T00:39:42.829+0000] {logging_mixin.py:190} INFO - [2025-03-26T00:39:42.821+0000] {dag.py:3239} INFO - Sync 3 DAGs
[2025-03-26T00:39:42.898+0000] {logging_mixin.py:190} INFO - [2025-03-26T00:39:42.898+0000] {dag.py:4180} INFO - Setting next_dagrun for get_gbif_data_atropelada to 2025-03-26 00:00:00+00:00, run_after=2025-03-26 00:30:00+00:00
[2025-03-26T00:39:42.924+0000] {logging_mixin.py:190} INFO - [2025-03-26T00:39:42.920+0000] {dag.py:4180} INFO - Setting next_dagrun for get_gbif_data_atropelamento to 2025-03-26 00:00:00+00:00, run_after=2025-03-26 00:30:00+00:00
[2025-03-26T00:39:42.928+0000] {logging_mixin.py:190} INFO - [2025-03-26T00:39:42.928+0000] {dag.py:4180} INFO - Setting next_dagrun for get_gbif_data_roadkill to 2025-03-26 00:00:00+00:00, run_after=2025-03-26 00:30:00+00:00
[2025-03-26T00:39:42.973+0000] {processor.py:208} INFO - Processing /opt/airflow/dags/gbif_dag.py took 0.470 seconds
[2025-03-26T00:40:13.468+0000] {processor.py:186} INFO - Started process (PID=562) to work on /opt/airflow/dags/gbif_dag.py
[2025-03-26T00:40:13.472+0000] {processor.py:914} INFO - Processing file /opt/airflow/dags/gbif_dag.py for tasks to queue
[2025-03-26T00:40:13.476+0000] {logging_mixin.py:190} INFO - [2025-03-26T00:40:13.476+0000] {dagbag.py:588} INFO - Filling up the DagBag from /opt/airflow/dags/gbif_dag.py
[2025-03-26T00:40:13.762+0000] {processor.py:925} INFO - DAG(s) 'get_gbif_data_atropelada', 'get_gbif_data_atropelamento', 'get_gbif_data_roadkill' retrieved from /opt/airflow/dags/gbif_dag.py
[2025-03-26T00:40:13.810+0000] {logging_mixin.py:190} INFO - [2025-03-26T00:40:13.809+0000] {dag.py:3239} INFO - Sync 3 DAGs
[2025-03-26T00:40:13.859+0000] {logging_mixin.py:190} INFO - [2025-03-26T00:40:13.859+0000] {dag.py:4180} INFO - Setting next_dagrun for get_gbif_data_atropelada to 2025-03-26 00:00:00+00:00, run_after=2025-03-26 00:30:00+00:00
[2025-03-26T00:40:13.880+0000] {logging_mixin.py:190} INFO - [2025-03-26T00:40:13.880+0000] {dag.py:4180} INFO - Setting next_dagrun for get_gbif_data_atropelamento to 2025-03-26 00:00:00+00:00, run_after=2025-03-26 00:30:00+00:00
[2025-03-26T00:40:13.885+0000] {logging_mixin.py:190} INFO - [2025-03-26T00:40:13.885+0000] {dag.py:4180} INFO - Setting next_dagrun for get_gbif_data_roadkill to 2025-03-26 00:00:00+00:00, run_after=2025-03-26 00:30:00+00:00
[2025-03-26T00:40:13.926+0000] {processor.py:208} INFO - Processing /opt/airflow/dags/gbif_dag.py took 0.462 seconds
[2025-03-26T00:40:44.679+0000] {processor.py:186} INFO - Started process (PID=576) to work on /opt/airflow/dags/gbif_dag.py
[2025-03-26T00:40:44.681+0000] {processor.py:914} INFO - Processing file /opt/airflow/dags/gbif_dag.py for tasks to queue
[2025-03-26T00:40:44.690+0000] {logging_mixin.py:190} INFO - [2025-03-26T00:40:44.687+0000] {dagbag.py:588} INFO - Filling up the DagBag from /opt/airflow/dags/gbif_dag.py
[2025-03-26T00:40:45.021+0000] {processor.py:925} INFO - DAG(s) 'get_gbif_data_roadkill', 'get_gbif_data_atropelada', 'get_gbif_data_atropelamento' retrieved from /opt/airflow/dags/gbif_dag.py
[2025-03-26T00:40:45.089+0000] {logging_mixin.py:190} INFO - [2025-03-26T00:40:45.087+0000] {dag.py:3239} INFO - Sync 3 DAGs
[2025-03-26T00:40:45.138+0000] {logging_mixin.py:190} INFO - [2025-03-26T00:40:45.137+0000] {dag.py:4180} INFO - Setting next_dagrun for get_gbif_data_atropelada to 2025-03-26 00:00:00+00:00, run_after=2025-03-26 00:30:00+00:00
[2025-03-26T00:40:45.143+0000] {logging_mixin.py:190} INFO - [2025-03-26T00:40:45.143+0000] {dag.py:4180} INFO - Setting next_dagrun for get_gbif_data_atropelamento to 2025-03-26 00:00:00+00:00, run_after=2025-03-26 00:30:00+00:00
[2025-03-26T00:40:45.149+0000] {logging_mixin.py:190} INFO - [2025-03-26T00:40:45.149+0000] {dag.py:4180} INFO - Setting next_dagrun for get_gbif_data_roadkill to 2025-03-26 00:00:00+00:00, run_after=2025-03-26 00:30:00+00:00
[2025-03-26T00:40:45.195+0000] {processor.py:208} INFO - Processing /opt/airflow/dags/gbif_dag.py took 0.517 seconds
[2025-03-26T00:41:15.744+0000] {processor.py:186} INFO - Started process (PID=590) to work on /opt/airflow/dags/gbif_dag.py
[2025-03-26T00:41:15.746+0000] {processor.py:914} INFO - Processing file /opt/airflow/dags/gbif_dag.py for tasks to queue
[2025-03-26T00:41:15.755+0000] {logging_mixin.py:190} INFO - [2025-03-26T00:41:15.752+0000] {dagbag.py:588} INFO - Filling up the DagBag from /opt/airflow/dags/gbif_dag.py
[2025-03-26T00:41:16.029+0000] {processor.py:925} INFO - DAG(s) 'get_gbif_data_roadkill', 'get_gbif_data_atropelada', 'get_gbif_data_atropelamento' retrieved from /opt/airflow/dags/gbif_dag.py
[2025-03-26T00:41:16.105+0000] {logging_mixin.py:190} INFO - [2025-03-26T00:41:16.103+0000] {dag.py:3239} INFO - Sync 3 DAGs
[2025-03-26T00:41:16.147+0000] {logging_mixin.py:190} INFO - [2025-03-26T00:41:16.147+0000] {dag.py:4180} INFO - Setting next_dagrun for get_gbif_data_atropelada to 2025-03-26 00:00:00+00:00, run_after=2025-03-26 00:30:00+00:00
[2025-03-26T00:41:16.169+0000] {logging_mixin.py:190} INFO - [2025-03-26T00:41:16.168+0000] {dag.py:4180} INFO - Setting next_dagrun for get_gbif_data_atropelamento to 2025-03-26 00:00:00+00:00, run_after=2025-03-26 00:30:00+00:00
[2025-03-26T00:41:16.172+0000] {logging_mixin.py:190} INFO - [2025-03-26T00:41:16.172+0000] {dag.py:4180} INFO - Setting next_dagrun for get_gbif_data_roadkill to 2025-03-26 00:00:00+00:00, run_after=2025-03-26 00:30:00+00:00
[2025-03-26T00:41:16.194+0000] {processor.py:208} INFO - Processing /opt/airflow/dags/gbif_dag.py took 0.456 seconds
[2025-03-26T00:41:47.249+0000] {processor.py:186} INFO - Started process (PID=603) to work on /opt/airflow/dags/gbif_dag.py
[2025-03-26T00:41:47.250+0000] {processor.py:914} INFO - Processing file /opt/airflow/dags/gbif_dag.py for tasks to queue
[2025-03-26T00:41:47.252+0000] {logging_mixin.py:190} INFO - [2025-03-26T00:41:47.251+0000] {dagbag.py:588} INFO - Filling up the DagBag from /opt/airflow/dags/gbif_dag.py
[2025-03-26T00:41:47.450+0000] {processor.py:925} INFO - DAG(s) 'get_gbif_data_atropelada', 'get_gbif_data_atropelamento', 'get_gbif_data_roadkill' retrieved from /opt/airflow/dags/gbif_dag.py
[2025-03-26T00:41:47.492+0000] {logging_mixin.py:190} INFO - [2025-03-26T00:41:47.491+0000] {dag.py:3239} INFO - Sync 3 DAGs
[2025-03-26T00:41:47.547+0000] {logging_mixin.py:190} INFO - [2025-03-26T00:41:47.546+0000] {dag.py:4180} INFO - Setting next_dagrun for get_gbif_data_atropelada to 2025-03-26 00:00:00+00:00, run_after=2025-03-26 00:30:00+00:00
[2025-03-26T00:41:47.561+0000] {logging_mixin.py:190} INFO - [2025-03-26T00:41:47.561+0000] {dag.py:4180} INFO - Setting next_dagrun for get_gbif_data_atropelamento to 2025-03-26 00:00:00+00:00, run_after=2025-03-26 00:30:00+00:00
[2025-03-26T00:41:47.566+0000] {logging_mixin.py:190} INFO - [2025-03-26T00:41:47.566+0000] {dag.py:4180} INFO - Setting next_dagrun for get_gbif_data_roadkill to 2025-03-26 00:00:00+00:00, run_after=2025-03-26 00:30:00+00:00
[2025-03-26T00:41:47.607+0000] {processor.py:208} INFO - Processing /opt/airflow/dags/gbif_dag.py took 0.370 seconds
[2025-03-26T00:42:18.106+0000] {processor.py:186} INFO - Started process (PID=617) to work on /opt/airflow/dags/gbif_dag.py
[2025-03-26T00:42:18.107+0000] {processor.py:914} INFO - Processing file /opt/airflow/dags/gbif_dag.py for tasks to queue
[2025-03-26T00:42:18.109+0000] {logging_mixin.py:190} INFO - [2025-03-26T00:42:18.109+0000] {dagbag.py:588} INFO - Filling up the DagBag from /opt/airflow/dags/gbif_dag.py
[2025-03-26T00:42:18.507+0000] {processor.py:925} INFO - DAG(s) 'get_gbif_data_atropelada', 'get_gbif_data_atropelamento', 'get_gbif_data_roadkill' retrieved from /opt/airflow/dags/gbif_dag.py
[2025-03-26T00:42:18.580+0000] {logging_mixin.py:190} INFO - [2025-03-26T00:42:18.580+0000] {dag.py:3239} INFO - Sync 3 DAGs
[2025-03-26T00:42:18.615+0000] {logging_mixin.py:190} INFO - [2025-03-26T00:42:18.614+0000] {dag.py:4180} INFO - Setting next_dagrun for get_gbif_data_atropelada to 2025-03-26 00:00:00+00:00, run_after=2025-03-26 00:30:00+00:00
[2025-03-26T00:42:18.628+0000] {logging_mixin.py:190} INFO - [2025-03-26T00:42:18.628+0000] {dag.py:4180} INFO - Setting next_dagrun for get_gbif_data_atropelamento to 2025-03-26 00:00:00+00:00, run_after=2025-03-26 00:30:00+00:00
[2025-03-26T00:42:18.635+0000] {logging_mixin.py:190} INFO - [2025-03-26T00:42:18.634+0000] {dag.py:4180} INFO - Setting next_dagrun for get_gbif_data_roadkill to 2025-03-26 00:00:00+00:00, run_after=2025-03-26 00:30:00+00:00
[2025-03-26T00:42:18.695+0000] {processor.py:208} INFO - Processing /opt/airflow/dags/gbif_dag.py took 0.593 seconds
[2025-03-26T00:42:49.705+0000] {processor.py:186} INFO - Started process (PID=631) to work on /opt/airflow/dags/gbif_dag.py
[2025-03-26T00:42:49.706+0000] {processor.py:914} INFO - Processing file /opt/airflow/dags/gbif_dag.py for tasks to queue
[2025-03-26T00:42:49.707+0000] {logging_mixin.py:190} INFO - [2025-03-26T00:42:49.707+0000] {dagbag.py:588} INFO - Filling up the DagBag from /opt/airflow/dags/gbif_dag.py
[2025-03-26T00:42:49.927+0000] {processor.py:925} INFO - DAG(s) 'get_gbif_data_roadkill', 'get_gbif_data_atropelamento', 'get_gbif_data_atropelada' retrieved from /opt/airflow/dags/gbif_dag.py
[2025-03-26T00:42:49.990+0000] {logging_mixin.py:190} INFO - [2025-03-26T00:42:49.988+0000] {dag.py:3239} INFO - Sync 3 DAGs
[2025-03-26T00:42:50.028+0000] {logging_mixin.py:190} INFO - [2025-03-26T00:42:50.028+0000] {dag.py:4180} INFO - Setting next_dagrun for get_gbif_data_atropelada to 2025-03-26 00:00:00+00:00, run_after=2025-03-26 00:30:00+00:00
[2025-03-26T00:42:50.052+0000] {logging_mixin.py:190} INFO - [2025-03-26T00:42:50.051+0000] {dag.py:4180} INFO - Setting next_dagrun for get_gbif_data_atropelamento to 2025-03-26 00:00:00+00:00, run_after=2025-03-26 00:30:00+00:00
[2025-03-26T00:42:50.061+0000] {logging_mixin.py:190} INFO - [2025-03-26T00:42:50.061+0000] {dag.py:4180} INFO - Setting next_dagrun for get_gbif_data_roadkill to 2025-03-26 00:00:00+00:00, run_after=2025-03-26 00:30:00+00:00
[2025-03-26T00:42:50.133+0000] {processor.py:208} INFO - Processing /opt/airflow/dags/gbif_dag.py took 0.432 seconds
[2025-03-26T00:43:20.789+0000] {processor.py:186} INFO - Started process (PID=643) to work on /opt/airflow/dags/gbif_dag.py
[2025-03-26T00:43:20.790+0000] {processor.py:914} INFO - Processing file /opt/airflow/dags/gbif_dag.py for tasks to queue
[2025-03-26T00:43:20.795+0000] {logging_mixin.py:190} INFO - [2025-03-26T00:43:20.793+0000] {dagbag.py:588} INFO - Filling up the DagBag from /opt/airflow/dags/gbif_dag.py
[2025-03-26T00:43:21.455+0000] {processor.py:925} INFO - DAG(s) 'get_gbif_data_roadkill', 'get_gbif_data_atropelamento', 'get_gbif_data_atropelada' retrieved from /opt/airflow/dags/gbif_dag.py
[2025-03-26T00:43:21.553+0000] {logging_mixin.py:190} INFO - [2025-03-26T00:43:21.552+0000] {dag.py:3239} INFO - Sync 3 DAGs
[2025-03-26T00:43:21.664+0000] {logging_mixin.py:190} INFO - [2025-03-26T00:43:21.663+0000] {dag.py:4180} INFO - Setting next_dagrun for get_gbif_data_atropelada to 2025-03-26 00:00:00+00:00, run_after=2025-03-26 00:30:00+00:00
[2025-03-26T00:43:21.698+0000] {logging_mixin.py:190} INFO - [2025-03-26T00:43:21.697+0000] {dag.py:4180} INFO - Setting next_dagrun for get_gbif_data_atropelamento to 2025-03-26 00:00:00+00:00, run_after=2025-03-26 00:30:00+00:00
[2025-03-26T00:43:21.713+0000] {logging_mixin.py:190} INFO - [2025-03-26T00:43:21.713+0000] {dag.py:4180} INFO - Setting next_dagrun for get_gbif_data_roadkill to 2025-03-26 00:00:00+00:00, run_after=2025-03-26 00:30:00+00:00
[2025-03-26T00:43:21.811+0000] {processor.py:208} INFO - Processing /opt/airflow/dags/gbif_dag.py took 1.029 seconds
[2025-03-26T00:43:52.916+0000] {processor.py:186} INFO - Started process (PID=658) to work on /opt/airflow/dags/gbif_dag.py
[2025-03-26T00:43:52.919+0000] {processor.py:914} INFO - Processing file /opt/airflow/dags/gbif_dag.py for tasks to queue
[2025-03-26T00:43:52.929+0000] {logging_mixin.py:190} INFO - [2025-03-26T00:43:52.928+0000] {dagbag.py:588} INFO - Filling up the DagBag from /opt/airflow/dags/gbif_dag.py
[2025-03-26T00:43:53.531+0000] {processor.py:925} INFO - DAG(s) 'get_gbif_data_roadkill', 'get_gbif_data_atropelada', 'get_gbif_data_atropelamento' retrieved from /opt/airflow/dags/gbif_dag.py
[2025-03-26T00:43:53.652+0000] {logging_mixin.py:190} INFO - [2025-03-26T00:43:53.646+0000] {dag.py:3239} INFO - Sync 3 DAGs
[2025-03-26T00:43:53.739+0000] {logging_mixin.py:190} INFO - [2025-03-26T00:43:53.739+0000] {dag.py:4180} INFO - Setting next_dagrun for get_gbif_data_atropelada to 2025-03-26 00:00:00+00:00, run_after=2025-03-26 00:30:00+00:00
[2025-03-26T00:43:53.758+0000] {logging_mixin.py:190} INFO - [2025-03-26T00:43:53.757+0000] {dag.py:4180} INFO - Setting next_dagrun for get_gbif_data_atropelamento to 2025-03-26 00:00:00+00:00, run_after=2025-03-26 00:30:00+00:00
[2025-03-26T00:43:53.762+0000] {logging_mixin.py:190} INFO - [2025-03-26T00:43:53.762+0000] {dag.py:4180} INFO - Setting next_dagrun for get_gbif_data_roadkill to 2025-03-26 00:00:00+00:00, run_after=2025-03-26 00:30:00+00:00
[2025-03-26T00:43:53.806+0000] {processor.py:208} INFO - Processing /opt/airflow/dags/gbif_dag.py took 0.906 seconds
[2025-03-26T00:44:25.893+0000] {processor.py:186} INFO - Started process (PID=672) to work on /opt/airflow/dags/gbif_dag.py
[2025-03-26T00:44:25.902+0000] {processor.py:914} INFO - Processing file /opt/airflow/dags/gbif_dag.py for tasks to queue
[2025-03-26T00:44:25.906+0000] {logging_mixin.py:190} INFO - [2025-03-26T00:44:25.905+0000] {dagbag.py:588} INFO - Filling up the DagBag from /opt/airflow/dags/gbif_dag.py
[2025-03-26T00:44:26.428+0000] {processor.py:925} INFO - DAG(s) 'get_gbif_data_roadkill', 'get_gbif_data_atropelada', 'get_gbif_data_atropelamento' retrieved from /opt/airflow/dags/gbif_dag.py
[2025-03-26T00:44:26.640+0000] {logging_mixin.py:190} INFO - [2025-03-26T00:44:26.638+0000] {dag.py:3239} INFO - Sync 3 DAGs
[2025-03-26T00:44:26.948+0000] {logging_mixin.py:190} INFO - [2025-03-26T00:44:26.947+0000] {dag.py:4180} INFO - Setting next_dagrun for get_gbif_data_atropelada to 2025-03-26 00:00:00+00:00, run_after=2025-03-26 00:30:00+00:00
[2025-03-26T00:44:26.972+0000] {logging_mixin.py:190} INFO - [2025-03-26T00:44:26.972+0000] {dag.py:4180} INFO - Setting next_dagrun for get_gbif_data_atropelamento to 2025-03-26 00:00:00+00:00, run_after=2025-03-26 00:30:00+00:00
[2025-03-26T00:44:26.981+0000] {logging_mixin.py:190} INFO - [2025-03-26T00:44:26.979+0000] {dag.py:4180} INFO - Setting next_dagrun for get_gbif_data_roadkill to 2025-03-26 00:00:00+00:00, run_after=2025-03-26 00:30:00+00:00
[2025-03-26T00:44:27.045+0000] {processor.py:208} INFO - Processing /opt/airflow/dags/gbif_dag.py took 1.167 seconds
