[2025-03-26T00:00:05.345+0000] {processor.py:186} INFO - Started process (PID=903) to work on /opt/airflow/dags/inaturalist_dag.py
[2025-03-26T00:00:05.350+0000] {processor.py:914} INFO - Processing file /opt/airflow/dags/inaturalist_dag.py for tasks to queue
[2025-03-26T00:00:05.366+0000] {logging_mixin.py:190} INFO - [2025-03-26T00:00:05.364+0000] {dagbag.py:588} INFO - Filling up the DagBag from /opt/airflow/dags/inaturalist_dag.py
[2025-03-26T00:00:08.638+0000] {processor.py:925} INFO - DAG(s) 'get_inaturalist_data_atropelamento', 'get_inaturalist_data_atropelada', 'get_inaturalist_data_roadkill' retrieved from /opt/airflow/dags/inaturalist_dag.py
[2025-03-26T00:00:08.737+0000] {logging_mixin.py:190} INFO - [2025-03-26T00:00:08.736+0000] {dag.py:3239} INFO - Sync 3 DAGs
[2025-03-26T00:00:08.783+0000] {logging_mixin.py:190} INFO - [2025-03-26T00:00:08.783+0000] {dag.py:4180} INFO - Setting next_dagrun for get_inaturalist_data_atropelada to 2025-03-26 00:00:00+00:00, run_after=2025-03-26 00:30:00+00:00
[2025-03-26T00:00:08.811+0000] {logging_mixin.py:190} INFO - [2025-03-26T00:00:08.811+0000] {dag.py:4180} INFO - Setting next_dagrun for get_inaturalist_data_atropelamento to 2025-03-26 00:00:00+00:00, run_after=2025-03-26 00:30:00+00:00
[2025-03-26T00:00:08.821+0000] {logging_mixin.py:190} INFO - [2025-03-26T00:00:08.821+0000] {dag.py:4180} INFO - Setting next_dagrun for get_inaturalist_data_roadkill to 2025-03-26 00:00:00+00:00, run_after=2025-03-26 00:30:00+00:00
[2025-03-26T00:00:08.853+0000] {processor.py:208} INFO - Processing /opt/airflow/dags/inaturalist_dag.py took 3.639 seconds
[2025-03-26T00:02:50.558+0000] {processor.py:186} INFO - Started process (PID=911) to work on /opt/airflow/dags/inaturalist_dag.py
[2025-03-26T00:02:50.560+0000] {processor.py:914} INFO - Processing file /opt/airflow/dags/inaturalist_dag.py for tasks to queue
[2025-03-26T00:02:50.562+0000] {logging_mixin.py:190} INFO - [2025-03-26T00:02:50.562+0000] {dagbag.py:588} INFO - Filling up the DagBag from /opt/airflow/dags/inaturalist_dag.py
[2025-03-26T00:02:53.427+0000] {processor.py:925} INFO - DAG(s) 'get_inaturalist_data_roadkill', 'get_inaturalist_data_atropelamento', 'get_inaturalist_data_atropelada' retrieved from /opt/airflow/dags/inaturalist_dag.py
[2025-03-26T00:02:53.573+0000] {logging_mixin.py:190} INFO - [2025-03-26T00:02:53.569+0000] {dag.py:3239} INFO - Sync 3 DAGs
[2025-03-26T00:02:53.643+0000] {logging_mixin.py:190} INFO - [2025-03-26T00:02:53.643+0000] {dag.py:4180} INFO - Setting next_dagrun for get_inaturalist_data_atropelada to 2025-03-26 00:00:00+00:00, run_after=2025-03-26 00:30:00+00:00
[2025-03-26T00:02:53.670+0000] {logging_mixin.py:190} INFO - [2025-03-26T00:02:53.670+0000] {dag.py:4180} INFO - Setting next_dagrun for get_inaturalist_data_atropelamento to 2025-03-26 00:00:00+00:00, run_after=2025-03-26 00:30:00+00:00
[2025-03-26T00:02:53.681+0000] {logging_mixin.py:190} INFO - [2025-03-26T00:02:53.681+0000] {dag.py:4180} INFO - Setting next_dagrun for get_inaturalist_data_roadkill to 2025-03-26 00:00:00+00:00, run_after=2025-03-26 00:30:00+00:00
[2025-03-26T00:02:53.731+0000] {processor.py:208} INFO - Processing /opt/airflow/dags/inaturalist_dag.py took 3.184 seconds
[2025-03-26T00:03:23.978+0000] {processor.py:186} INFO - Started process (PID=924) to work on /opt/airflow/dags/inaturalist_dag.py
[2025-03-26T00:03:23.986+0000] {processor.py:914} INFO - Processing file /opt/airflow/dags/inaturalist_dag.py for tasks to queue
[2025-03-26T00:03:24.008+0000] {logging_mixin.py:190} INFO - [2025-03-26T00:03:23.995+0000] {dagbag.py:588} INFO - Filling up the DagBag from /opt/airflow/dags/inaturalist_dag.py
[2025-03-26T00:03:24.792+0000] {processor.py:925} INFO - DAG(s) 'get_inaturalist_data_roadkill', 'get_inaturalist_data_atropelamento', 'get_inaturalist_data_atropelada' retrieved from /opt/airflow/dags/inaturalist_dag.py
[2025-03-26T00:03:24.957+0000] {logging_mixin.py:190} INFO - [2025-03-26T00:03:24.953+0000] {dag.py:3239} INFO - Sync 3 DAGs
[2025-03-26T00:03:25.016+0000] {logging_mixin.py:190} INFO - [2025-03-26T00:03:25.016+0000] {dag.py:4180} INFO - Setting next_dagrun for get_inaturalist_data_atropelada to 2025-03-26 00:00:00+00:00, run_after=2025-03-26 00:30:00+00:00
[2025-03-26T00:03:25.036+0000] {logging_mixin.py:190} INFO - [2025-03-26T00:03:25.035+0000] {dag.py:4180} INFO - Setting next_dagrun for get_inaturalist_data_atropelamento to 2025-03-26 00:00:00+00:00, run_after=2025-03-26 00:30:00+00:00
[2025-03-26T00:03:25.065+0000] {logging_mixin.py:190} INFO - [2025-03-26T00:03:25.061+0000] {dag.py:4180} INFO - Setting next_dagrun for get_inaturalist_data_roadkill to 2025-03-26 00:00:00+00:00, run_after=2025-03-26 00:30:00+00:00
[2025-03-26T00:03:25.133+0000] {processor.py:208} INFO - Processing /opt/airflow/dags/inaturalist_dag.py took 1.173 seconds
[2025-03-26T00:03:55.319+0000] {processor.py:186} INFO - Started process (PID=943) to work on /opt/airflow/dags/inaturalist_dag.py
[2025-03-26T00:03:55.321+0000] {processor.py:914} INFO - Processing file /opt/airflow/dags/inaturalist_dag.py for tasks to queue
[2025-03-26T00:03:55.326+0000] {logging_mixin.py:190} INFO - [2025-03-26T00:03:55.325+0000] {dagbag.py:588} INFO - Filling up the DagBag from /opt/airflow/dags/inaturalist_dag.py
[2025-03-26T00:03:55.859+0000] {processor.py:925} INFO - DAG(s) 'get_inaturalist_data_atropelada', 'get_inaturalist_data_atropelamento', 'get_inaturalist_data_roadkill' retrieved from /opt/airflow/dags/inaturalist_dag.py
[2025-03-26T00:03:55.936+0000] {logging_mixin.py:190} INFO - [2025-03-26T00:03:55.934+0000] {dag.py:3239} INFO - Sync 3 DAGs
[2025-03-26T00:03:56.001+0000] {logging_mixin.py:190} INFO - [2025-03-26T00:03:56.001+0000] {dag.py:4180} INFO - Setting next_dagrun for get_inaturalist_data_atropelada to 2025-03-26 00:00:00+00:00, run_after=2025-03-26 00:30:00+00:00
[2025-03-26T00:03:56.007+0000] {logging_mixin.py:190} INFO - [2025-03-26T00:03:56.006+0000] {dag.py:4180} INFO - Setting next_dagrun for get_inaturalist_data_atropelamento to 2025-03-26 00:00:00+00:00, run_after=2025-03-26 00:30:00+00:00
[2025-03-26T00:03:56.010+0000] {logging_mixin.py:190} INFO - [2025-03-26T00:03:56.010+0000] {dag.py:4180} INFO - Setting next_dagrun for get_inaturalist_data_roadkill to 2025-03-26 00:00:00+00:00, run_after=2025-03-26 00:30:00+00:00
[2025-03-26T00:03:56.031+0000] {processor.py:208} INFO - Processing /opt/airflow/dags/inaturalist_dag.py took 0.725 seconds
[2025-03-26T00:04:27.065+0000] {processor.py:186} INFO - Started process (PID=955) to work on /opt/airflow/dags/inaturalist_dag.py
[2025-03-26T00:04:27.066+0000] {processor.py:914} INFO - Processing file /opt/airflow/dags/inaturalist_dag.py for tasks to queue
[2025-03-26T00:04:27.068+0000] {logging_mixin.py:190} INFO - [2025-03-26T00:04:27.067+0000] {dagbag.py:588} INFO - Filling up the DagBag from /opt/airflow/dags/inaturalist_dag.py
[2025-03-26T00:04:27.794+0000] {processor.py:925} INFO - DAG(s) 'get_inaturalist_data_roadkill', 'get_inaturalist_data_atropelamento', 'get_inaturalist_data_atropelada' retrieved from /opt/airflow/dags/inaturalist_dag.py
[2025-03-26T00:04:27.848+0000] {logging_mixin.py:190} INFO - [2025-03-26T00:04:27.848+0000] {dag.py:3239} INFO - Sync 3 DAGs
[2025-03-26T00:04:27.890+0000] {logging_mixin.py:190} INFO - [2025-03-26T00:04:27.890+0000] {dag.py:4180} INFO - Setting next_dagrun for get_inaturalist_data_atropelada to 2025-03-26 00:00:00+00:00, run_after=2025-03-26 00:30:00+00:00
[2025-03-26T00:04:27.898+0000] {logging_mixin.py:190} INFO - [2025-03-26T00:04:27.898+0000] {dag.py:4180} INFO - Setting next_dagrun for get_inaturalist_data_atropelamento to 2025-03-26 00:00:00+00:00, run_after=2025-03-26 00:30:00+00:00
[2025-03-26T00:04:27.901+0000] {logging_mixin.py:190} INFO - [2025-03-26T00:04:27.901+0000] {dag.py:4180} INFO - Setting next_dagrun for get_inaturalist_data_roadkill to 2025-03-26 00:00:00+00:00, run_after=2025-03-26 00:30:00+00:00
[2025-03-26T00:04:27.919+0000] {processor.py:208} INFO - Processing /opt/airflow/dags/inaturalist_dag.py took 0.869 seconds
[2025-03-26T00:04:58.404+0000] {processor.py:186} INFO - Started process (PID=967) to work on /opt/airflow/dags/inaturalist_dag.py
[2025-03-26T00:04:58.413+0000] {processor.py:914} INFO - Processing file /opt/airflow/dags/inaturalist_dag.py for tasks to queue
[2025-03-26T00:04:58.424+0000] {logging_mixin.py:190} INFO - [2025-03-26T00:04:58.422+0000] {dagbag.py:588} INFO - Filling up the DagBag from /opt/airflow/dags/inaturalist_dag.py
[2025-03-26T00:05:00.516+0000] {processor.py:925} INFO - DAG(s) 'get_inaturalist_data_roadkill', 'get_inaturalist_data_atropelamento', 'get_inaturalist_data_atropelada' retrieved from /opt/airflow/dags/inaturalist_dag.py
[2025-03-26T00:05:00.657+0000] {logging_mixin.py:190} INFO - [2025-03-26T00:05:00.656+0000] {dag.py:3239} INFO - Sync 3 DAGs
[2025-03-26T00:05:00.717+0000] {logging_mixin.py:190} INFO - [2025-03-26T00:05:00.717+0000] {dag.py:4180} INFO - Setting next_dagrun for get_inaturalist_data_atropelada to 2025-03-26 00:00:00+00:00, run_after=2025-03-26 00:30:00+00:00
[2025-03-26T00:05:00.739+0000] {logging_mixin.py:190} INFO - [2025-03-26T00:05:00.738+0000] {dag.py:4180} INFO - Setting next_dagrun for get_inaturalist_data_atropelamento to 2025-03-26 00:00:00+00:00, run_after=2025-03-26 00:30:00+00:00
[2025-03-26T00:05:00.743+0000] {logging_mixin.py:190} INFO - [2025-03-26T00:05:00.742+0000] {dag.py:4180} INFO - Setting next_dagrun for get_inaturalist_data_roadkill to 2025-03-26 00:00:00+00:00, run_after=2025-03-26 00:30:00+00:00
[2025-03-26T00:05:00.762+0000] {processor.py:208} INFO - Processing /opt/airflow/dags/inaturalist_dag.py took 2.433 seconds
[2025-03-26T00:10:45.547+0000] {processor.py:186} INFO - Started process (PID=59) to work on /opt/airflow/dags/inaturalist_dag.py
[2025-03-26T00:10:45.555+0000] {processor.py:914} INFO - Processing file /opt/airflow/dags/inaturalist_dag.py for tasks to queue
[2025-03-26T00:10:45.564+0000] {logging_mixin.py:190} INFO - [2025-03-26T00:10:45.563+0000] {dagbag.py:588} INFO - Filling up the DagBag from /opt/airflow/dags/inaturalist_dag.py
[2025-03-26T00:10:50.794+0000] {processor.py:925} INFO - DAG(s) 'get_inaturalist_data_atropelada', 'get_inaturalist_data_roadkill', 'get_inaturalist_data_atropelamento' retrieved from /opt/airflow/dags/inaturalist_dag.py
[2025-03-26T00:10:51.035+0000] {logging_mixin.py:190} INFO - [2025-03-26T00:10:51.033+0000] {dag.py:3239} INFO - Sync 3 DAGs
[2025-03-26T00:10:51.142+0000] {logging_mixin.py:190} INFO - [2025-03-26T00:10:51.142+0000] {dag.py:4180} INFO - Setting next_dagrun for get_inaturalist_data_atropelada to 2025-03-26 00:00:00+00:00, run_after=2025-03-26 00:30:00+00:00
[2025-03-26T00:10:51.154+0000] {logging_mixin.py:190} INFO - [2025-03-26T00:10:51.154+0000] {dag.py:4180} INFO - Setting next_dagrun for get_inaturalist_data_atropelamento to 2025-03-26 00:00:00+00:00, run_after=2025-03-26 00:30:00+00:00
[2025-03-26T00:10:51.164+0000] {logging_mixin.py:190} INFO - [2025-03-26T00:10:51.164+0000] {dag.py:4180} INFO - Setting next_dagrun for get_inaturalist_data_roadkill to 2025-03-26 00:00:00+00:00, run_after=2025-03-26 00:30:00+00:00
[2025-03-26T00:10:51.333+0000] {processor.py:208} INFO - Processing /opt/airflow/dags/inaturalist_dag.py took 5.803 seconds
[2025-03-26T00:11:01.256+0000] {processor.py:186} INFO - Started process (PID=72) to work on /opt/airflow/dags/inaturalist_dag.py
[2025-03-26T00:11:01.264+0000] {processor.py:914} INFO - Processing file /opt/airflow/dags/inaturalist_dag.py for tasks to queue
[2025-03-26T00:11:01.289+0000] {logging_mixin.py:190} INFO - [2025-03-26T00:11:01.282+0000] {dagbag.py:588} INFO - Filling up the DagBag from /opt/airflow/dags/inaturalist_dag.py
[2025-03-26T00:11:13.505+0000] {processor.py:925} INFO - DAG(s) 'get_inaturalist_data_roadkill', 'get_inaturalist_data_atropelamento', 'get_inaturalist_data_atropelada' retrieved from /opt/airflow/dags/inaturalist_dag.py
[2025-03-26T00:11:13.632+0000] {logging_mixin.py:190} INFO - [2025-03-26T00:11:13.626+0000] {taskinstance.py:3312} ERROR - {'DAG Id': 'get_inaturalist_data_roadkill', 'Task Id': 'get_all_data', 'Run Id': 'scheduled__2025-03-25T23:30:00+00:00', 'Hostname': 'd76bf457b908', 'External Executor Id': 'a8fe4a3a-03ea-4f78-b15c-102f1c49cde1'}
[2025-03-26T00:11:13.783+0000] {logging_mixin.py:190} INFO - [2025-03-26T00:11:13.783+0000] {taskinstance.py:1225} INFO - Marking task as UP_FOR_RETRY. dag_id=get_inaturalist_data_roadkill, task_id=get_all_data, run_id=scheduled__2025-03-25T23:30:00+00:00, execution_date=20250325T233000, start_date=20250326T000355, end_date=20250326T001113
[2025-03-26T00:11:13.860+0000] {logging_mixin.py:190} INFO - [2025-03-26T00:11:13.859+0000] {processor.py:876} INFO - Executed callback for <TaskInstance: get_inaturalist_data_roadkill.get_all_data scheduled__2025-03-25T23:30:00+00:00 [up_for_retry]> in state up_for_retry
[2025-03-26T00:11:14.078+0000] {logging_mixin.py:190} INFO - [2025-03-26T00:11:14.069+0000] {dag.py:3239} INFO - Sync 3 DAGs
[2025-03-26T00:11:14.187+0000] {logging_mixin.py:190} INFO - [2025-03-26T00:11:14.186+0000] {dag.py:4180} INFO - Setting next_dagrun for get_inaturalist_data_atropelada to 2025-03-26 00:00:00+00:00, run_after=2025-03-26 00:30:00+00:00
[2025-03-26T00:11:14.203+0000] {logging_mixin.py:190} INFO - [2025-03-26T00:11:14.203+0000] {dag.py:4180} INFO - Setting next_dagrun for get_inaturalist_data_atropelamento to 2025-03-26 00:00:00+00:00, run_after=2025-03-26 00:30:00+00:00
[2025-03-26T00:11:14.211+0000] {logging_mixin.py:190} INFO - [2025-03-26T00:11:14.210+0000] {dag.py:4180} INFO - Setting next_dagrun for get_inaturalist_data_roadkill to 2025-03-26 00:00:00+00:00, run_after=2025-03-26 00:30:00+00:00
[2025-03-26T00:11:14.435+0000] {processor.py:208} INFO - Processing /opt/airflow/dags/inaturalist_dag.py took 13.200 seconds
[2025-03-26T00:11:44.759+0000] {processor.py:186} INFO - Started process (PID=86) to work on /opt/airflow/dags/inaturalist_dag.py
[2025-03-26T00:11:44.763+0000] {processor.py:914} INFO - Processing file /opt/airflow/dags/inaturalist_dag.py for tasks to queue
[2025-03-26T00:11:44.780+0000] {logging_mixin.py:190} INFO - [2025-03-26T00:11:44.777+0000] {dagbag.py:588} INFO - Filling up the DagBag from /opt/airflow/dags/inaturalist_dag.py
[2025-03-26T00:11:45.474+0000] {processor.py:925} INFO - DAG(s) 'get_inaturalist_data_roadkill', 'get_inaturalist_data_atropelada', 'get_inaturalist_data_atropelamento' retrieved from /opt/airflow/dags/inaturalist_dag.py
[2025-03-26T00:11:45.609+0000] {logging_mixin.py:190} INFO - [2025-03-26T00:11:45.606+0000] {taskinstance.py:3312} ERROR - {'DAG Id': 'get_inaturalist_data_roadkill', 'Task Id': 'get_all_data', 'Run Id': 'scheduled__2025-03-25T23:30:00+00:00', 'Hostname': 'd76bf457b908', 'External Executor Id': 'a8fe4a3a-03ea-4f78-b15c-102f1c49cde1'}
[2025-03-26T00:11:45.679+0000] {logging_mixin.py:190} INFO - [2025-03-26T00:11:45.677+0000] {taskinstance.py:1225} INFO - Marking task as UP_FOR_RETRY. dag_id=get_inaturalist_data_roadkill, task_id=get_all_data, run_id=scheduled__2025-03-25T23:30:00+00:00, execution_date=20250325T233000, start_date=20250326T000355, end_date=20250326T001145
[2025-03-26T00:11:45.716+0000] {logging_mixin.py:190} INFO - [2025-03-26T00:11:45.715+0000] {processor.py:876} INFO - Executed callback for <TaskInstance: get_inaturalist_data_roadkill.get_all_data scheduled__2025-03-25T23:30:00+00:00 [up_for_retry]> in state up_for_retry
[2025-03-26T00:11:45.791+0000] {logging_mixin.py:190} INFO - [2025-03-26T00:11:45.788+0000] {dag.py:3239} INFO - Sync 3 DAGs
[2025-03-26T00:11:45.865+0000] {logging_mixin.py:190} INFO - [2025-03-26T00:11:45.865+0000] {dag.py:4180} INFO - Setting next_dagrun for get_inaturalist_data_atropelada to 2025-03-26 00:00:00+00:00, run_after=2025-03-26 00:30:00+00:00
[2025-03-26T00:11:45.888+0000] {logging_mixin.py:190} INFO - [2025-03-26T00:11:45.888+0000] {dag.py:4180} INFO - Setting next_dagrun for get_inaturalist_data_atropelamento to 2025-03-26 00:00:00+00:00, run_after=2025-03-26 00:30:00+00:00
[2025-03-26T00:11:45.912+0000] {logging_mixin.py:190} INFO - [2025-03-26T00:11:45.911+0000] {dag.py:4180} INFO - Setting next_dagrun for get_inaturalist_data_roadkill to 2025-03-26 00:00:00+00:00, run_after=2025-03-26 00:30:00+00:00
[2025-03-26T00:11:45.997+0000] {processor.py:208} INFO - Processing /opt/airflow/dags/inaturalist_dag.py took 1.249 seconds
[2025-03-26T00:12:16.133+0000] {processor.py:186} INFO - Started process (PID=99) to work on /opt/airflow/dags/inaturalist_dag.py
[2025-03-26T00:12:16.136+0000] {processor.py:914} INFO - Processing file /opt/airflow/dags/inaturalist_dag.py for tasks to queue
[2025-03-26T00:12:16.146+0000] {logging_mixin.py:190} INFO - [2025-03-26T00:12:16.144+0000] {dagbag.py:588} INFO - Filling up the DagBag from /opt/airflow/dags/inaturalist_dag.py
[2025-03-26T00:12:16.986+0000] {processor.py:925} INFO - DAG(s) 'get_inaturalist_data_roadkill', 'get_inaturalist_data_atropelada', 'get_inaturalist_data_atropelamento' retrieved from /opt/airflow/dags/inaturalist_dag.py
[2025-03-26T00:12:17.066+0000] {logging_mixin.py:190} INFO - [2025-03-26T00:12:17.065+0000] {dag.py:3239} INFO - Sync 3 DAGs
[2025-03-26T00:12:17.150+0000] {logging_mixin.py:190} INFO - [2025-03-26T00:12:17.149+0000] {dag.py:4180} INFO - Setting next_dagrun for get_inaturalist_data_atropelada to 2025-03-26 00:00:00+00:00, run_after=2025-03-26 00:30:00+00:00
[2025-03-26T00:12:17.163+0000] {logging_mixin.py:190} INFO - [2025-03-26T00:12:17.162+0000] {dag.py:4180} INFO - Setting next_dagrun for get_inaturalist_data_atropelamento to 2025-03-26 00:00:00+00:00, run_after=2025-03-26 00:30:00+00:00
[2025-03-26T00:12:17.176+0000] {logging_mixin.py:190} INFO - [2025-03-26T00:12:17.175+0000] {dag.py:4180} INFO - Setting next_dagrun for get_inaturalist_data_roadkill to 2025-03-26 00:00:00+00:00, run_after=2025-03-26 00:30:00+00:00
[2025-03-26T00:12:17.239+0000] {processor.py:208} INFO - Processing /opt/airflow/dags/inaturalist_dag.py took 1.119 seconds
[2025-03-26T00:12:48.177+0000] {processor.py:186} INFO - Started process (PID=113) to work on /opt/airflow/dags/inaturalist_dag.py
[2025-03-26T00:12:48.178+0000] {processor.py:914} INFO - Processing file /opt/airflow/dags/inaturalist_dag.py for tasks to queue
[2025-03-26T00:12:48.192+0000] {logging_mixin.py:190} INFO - [2025-03-26T00:12:48.191+0000] {dagbag.py:588} INFO - Filling up the DagBag from /opt/airflow/dags/inaturalist_dag.py
[2025-03-26T00:12:49.125+0000] {processor.py:925} INFO - DAG(s) 'get_inaturalist_data_roadkill', 'get_inaturalist_data_atropelada', 'get_inaturalist_data_atropelamento' retrieved from /opt/airflow/dags/inaturalist_dag.py
[2025-03-26T00:12:49.292+0000] {logging_mixin.py:190} INFO - [2025-03-26T00:12:49.274+0000] {dag.py:3239} INFO - Sync 3 DAGs
[2025-03-26T00:12:49.429+0000] {logging_mixin.py:190} INFO - [2025-03-26T00:12:49.428+0000] {dag.py:4180} INFO - Setting next_dagrun for get_inaturalist_data_atropelada to 2025-03-26 00:00:00+00:00, run_after=2025-03-26 00:30:00+00:00
[2025-03-26T00:12:49.448+0000] {logging_mixin.py:190} INFO - [2025-03-26T00:12:49.448+0000] {dag.py:4180} INFO - Setting next_dagrun for get_inaturalist_data_atropelamento to 2025-03-26 00:00:00+00:00, run_after=2025-03-26 00:30:00+00:00
[2025-03-26T00:12:49.458+0000] {logging_mixin.py:190} INFO - [2025-03-26T00:12:49.458+0000] {dag.py:4180} INFO - Setting next_dagrun for get_inaturalist_data_roadkill to 2025-03-26 00:00:00+00:00, run_after=2025-03-26 00:30:00+00:00
[2025-03-26T00:12:49.529+0000] {processor.py:208} INFO - Processing /opt/airflow/dags/inaturalist_dag.py took 1.362 seconds
[2025-03-26T00:13:19.704+0000] {processor.py:186} INFO - Started process (PID=132) to work on /opt/airflow/dags/inaturalist_dag.py
[2025-03-26T00:13:19.706+0000] {processor.py:914} INFO - Processing file /opt/airflow/dags/inaturalist_dag.py for tasks to queue
[2025-03-26T00:13:19.710+0000] {logging_mixin.py:190} INFO - [2025-03-26T00:13:19.709+0000] {dagbag.py:588} INFO - Filling up the DagBag from /opt/airflow/dags/inaturalist_dag.py
[2025-03-26T00:13:20.349+0000] {processor.py:925} INFO - DAG(s) 'get_inaturalist_data_roadkill', 'get_inaturalist_data_atropelamento', 'get_inaturalist_data_atropelada' retrieved from /opt/airflow/dags/inaturalist_dag.py
[2025-03-26T00:13:20.505+0000] {logging_mixin.py:190} INFO - [2025-03-26T00:13:20.498+0000] {dag.py:3239} INFO - Sync 3 DAGs
[2025-03-26T00:13:20.608+0000] {logging_mixin.py:190} INFO - [2025-03-26T00:13:20.607+0000] {dag.py:4180} INFO - Setting next_dagrun for get_inaturalist_data_atropelada to 2025-03-26 00:00:00+00:00, run_after=2025-03-26 00:30:00+00:00
[2025-03-26T00:13:20.632+0000] {logging_mixin.py:190} INFO - [2025-03-26T00:13:20.632+0000] {dag.py:4180} INFO - Setting next_dagrun for get_inaturalist_data_atropelamento to 2025-03-26 00:00:00+00:00, run_after=2025-03-26 00:30:00+00:00
[2025-03-26T00:13:20.645+0000] {logging_mixin.py:190} INFO - [2025-03-26T00:13:20.645+0000] {dag.py:4180} INFO - Setting next_dagrun for get_inaturalist_data_roadkill to 2025-03-26 00:00:00+00:00, run_after=2025-03-26 00:30:00+00:00
[2025-03-26T00:13:20.684+0000] {processor.py:208} INFO - Processing /opt/airflow/dags/inaturalist_dag.py took 0.989 seconds
[2025-03-26T00:13:50.955+0000] {processor.py:186} INFO - Started process (PID=146) to work on /opt/airflow/dags/inaturalist_dag.py
[2025-03-26T00:13:50.958+0000] {processor.py:914} INFO - Processing file /opt/airflow/dags/inaturalist_dag.py for tasks to queue
[2025-03-26T00:13:50.969+0000] {logging_mixin.py:190} INFO - [2025-03-26T00:13:50.964+0000] {dagbag.py:588} INFO - Filling up the DagBag from /opt/airflow/dags/inaturalist_dag.py
[2025-03-26T00:13:53.202+0000] {processor.py:925} INFO - DAG(s) 'get_inaturalist_data_atropelada', 'get_inaturalist_data_roadkill', 'get_inaturalist_data_atropelamento' retrieved from /opt/airflow/dags/inaturalist_dag.py
[2025-03-26T00:13:53.418+0000] {logging_mixin.py:190} INFO - [2025-03-26T00:13:53.416+0000] {dag.py:3239} INFO - Sync 3 DAGs
[2025-03-26T00:13:53.494+0000] {logging_mixin.py:190} INFO - [2025-03-26T00:13:53.494+0000] {dag.py:4180} INFO - Setting next_dagrun for get_inaturalist_data_atropelada to 2025-03-26 00:00:00+00:00, run_after=2025-03-26 00:30:00+00:00
[2025-03-26T00:13:53.531+0000] {logging_mixin.py:190} INFO - [2025-03-26T00:13:53.531+0000] {dag.py:4180} INFO - Setting next_dagrun for get_inaturalist_data_atropelamento to 2025-03-26 00:00:00+00:00, run_after=2025-03-26 00:30:00+00:00
[2025-03-26T00:13:53.566+0000] {logging_mixin.py:190} INFO - [2025-03-26T00:13:53.565+0000] {dag.py:4180} INFO - Setting next_dagrun for get_inaturalist_data_roadkill to 2025-03-26 00:00:00+00:00, run_after=2025-03-26 00:30:00+00:00
[2025-03-26T00:13:53.653+0000] {processor.py:208} INFO - Processing /opt/airflow/dags/inaturalist_dag.py took 2.706 seconds
[2025-03-26T00:14:23.776+0000] {processor.py:186} INFO - Started process (PID=160) to work on /opt/airflow/dags/inaturalist_dag.py
[2025-03-26T00:14:23.778+0000] {processor.py:914} INFO - Processing file /opt/airflow/dags/inaturalist_dag.py for tasks to queue
[2025-03-26T00:14:23.807+0000] {logging_mixin.py:190} INFO - [2025-03-26T00:14:23.798+0000] {dagbag.py:588} INFO - Filling up the DagBag from /opt/airflow/dags/inaturalist_dag.py
[2025-03-26T00:14:26.279+0000] {processor.py:925} INFO - DAG(s) 'get_inaturalist_data_atropelamento', 'get_inaturalist_data_roadkill', 'get_inaturalist_data_atropelada' retrieved from /opt/airflow/dags/inaturalist_dag.py
[2025-03-26T00:14:26.365+0000] {logging_mixin.py:190} INFO - [2025-03-26T00:14:26.362+0000] {dag.py:3239} INFO - Sync 3 DAGs
[2025-03-26T00:14:26.465+0000] {logging_mixin.py:190} INFO - [2025-03-26T00:14:26.463+0000] {dag.py:4180} INFO - Setting next_dagrun for get_inaturalist_data_atropelada to 2025-03-26 00:00:00+00:00, run_after=2025-03-26 00:30:00+00:00
[2025-03-26T00:14:26.485+0000] {logging_mixin.py:190} INFO - [2025-03-26T00:14:26.484+0000] {dag.py:4180} INFO - Setting next_dagrun for get_inaturalist_data_atropelamento to 2025-03-26 00:00:00+00:00, run_after=2025-03-26 00:30:00+00:00
[2025-03-26T00:14:26.498+0000] {logging_mixin.py:190} INFO - [2025-03-26T00:14:26.498+0000] {dag.py:4180} INFO - Setting next_dagrun for get_inaturalist_data_roadkill to 2025-03-26 00:00:00+00:00, run_after=2025-03-26 00:30:00+00:00
[2025-03-26T00:14:26.552+0000] {processor.py:208} INFO - Processing /opt/airflow/dags/inaturalist_dag.py took 2.788 seconds
