[2025-03-27T18:27:59.805+0000] {local_task_job_runner.py:123} INFO - ::group::Pre task execution logs
[2025-03-27T18:28:00.225+0000] {taskinstance.py:2612} INFO - Dependencies all met for dep_context=non-requeueable deps ti=<TaskInstance: get_inaturalist_data_roadkill.get_all_data manual__2025-03-27T18:27:08.045733+00:00 [queued]>
[2025-03-27T18:28:00.445+0000] {taskinstance.py:2612} INFO - Dependencies all met for dep_context=requeueable deps ti=<TaskInstance: get_inaturalist_data_roadkill.get_all_data manual__2025-03-27T18:27:08.045733+00:00 [queued]>
[2025-03-27T18:28:00.461+0000] {taskinstance.py:2865} INFO - Starting attempt 1 of 4
[2025-03-27T18:28:00.898+0000] {taskinstance.py:2888} INFO - Executing <Task(_PythonDecoratedOperator): get_all_data> on 2025-03-27 18:27:08.045733+00:00
[2025-03-27T18:28:01.083+0000] {standard_task_runner.py:104} INFO - Running: ['***', 'tasks', 'run', 'get_inaturalist_data_roadkill', 'get_all_data', 'manual__2025-03-27T18:27:08.045733+00:00', '--job-id', '218', '--raw', '--subdir', 'DAGS_FOLDER/inaturalist_dag.py', '--cfg-path', '/tmp/tmpqh08dla4']
[2025-03-27T18:28:01.091+0000] {warnings.py:112} WARNING - /home/***/.local/lib/python3.12/site-packages/***/task/task_runner/standard_task_runner.py:70: DeprecationWarning: This process (pid=1121) is multi-threaded, use of fork() may lead to deadlocks in the child.
  pid = os.fork()

[2025-03-27T18:28:01.151+0000] {standard_task_runner.py:105} INFO - Job 218: Subtask get_all_data
[2025-03-27T18:28:01.159+0000] {standard_task_runner.py:72} INFO - Started process 1137 to run task
[2025-03-27T18:28:01.710+0000] {task_command.py:467} INFO - Running <TaskInstance: get_inaturalist_data_roadkill.get_all_data manual__2025-03-27T18:27:08.045733+00:00 [running]> on host 804b404afff8
[2025-03-27T18:28:02.205+0000] {taskinstance.py:3131} INFO - Exporting env vars: AIRFLOW_CTX_DAG_OWNER='***' AIRFLOW_CTX_DAG_ID='get_inaturalist_data_roadkill' AIRFLOW_CTX_TASK_ID='get_all_data' AIRFLOW_CTX_EXECUTION_DATE='2025-03-27T18:27:08.045733+00:00' AIRFLOW_CTX_TRY_NUMBER='1' AIRFLOW_CTX_DAG_RUN_ID='manual__2025-03-27T18:27:08.045733+00:00'
[2025-03-27T18:28:02.332+0000] {taskinstance.py:731} INFO - ::endgroup::
[2025-03-27T18:28:02.576+0000] {inaturalist_dag.py:301} INFO - Maximum id 267209431 for the request
[2025-03-27T18:28:04.781+0000] {inaturalist_dag.py:317} INFO - Got 0 results
[2025-03-27T18:28:05.060+0000] {crypto.py:82} WARNING - empty cryptography key - values will not be stored encrypted.
[2025-03-27T18:28:05.141+0000] {python.py:240} INFO - Done. Returned value was: []
[2025-03-27T18:28:05.409+0000] {taskinstance.py:340} INFO - ::group::Post task execution logs
[2025-03-27T18:28:05.427+0000] {taskinstance.py:352} INFO - Marking task as SUCCESS. dag_id=get_inaturalist_data_roadkill, task_id=get_all_data, run_id=manual__2025-03-27T18:27:08.045733+00:00, execution_date=20250327T182708, start_date=20250327T182800, end_date=20250327T182805
[2025-03-27T18:28:05.646+0000] {local_task_job_runner.py:266} INFO - Task exited with return code 0
[2025-03-27T18:28:05.863+0000] {taskinstance.py:3900} INFO - 1 downstream tasks scheduled from follow-on schedule check
[2025-03-27T18:28:05.868+0000] {local_task_job_runner.py:245} INFO - ::endgroup::
