[2025-03-27T17:35:10.042+0000] {local_task_job_runner.py:123} INFO - ::group::Pre task execution logs
[2025-03-27T17:35:11.305+0000] {taskinstance.py:2612} INFO - Dependencies all met for dep_context=non-requeueable deps ti=<TaskInstance: get_inaturalist_data_atropelada.get_all_data scheduled__2025-03-27T17:00:00+00:00 [queued]>
[2025-03-27T17:35:11.613+0000] {taskinstance.py:2612} INFO - Dependencies all met for dep_context=requeueable deps ti=<TaskInstance: get_inaturalist_data_atropelada.get_all_data scheduled__2025-03-27T17:00:00+00:00 [queued]>
[2025-03-27T17:35:11.637+0000] {taskinstance.py:2865} INFO - Starting attempt 2 of 4
[2025-03-27T17:35:12.663+0000] {taskinstance.py:2888} INFO - Executing <Task(_PythonDecoratedOperator): get_all_data> on 2025-03-27 17:00:00+00:00
[2025-03-27T17:35:13.140+0000] {warnings.py:112} WARNING - /home/***/.local/lib/python3.12/site-packages/***/task/task_runner/standard_task_runner.py:70: DeprecationWarning: This process (pid=540) is multi-threaded, use of fork() may lead to deadlocks in the child.
  pid = os.fork()

[2025-03-27T17:35:13.156+0000] {standard_task_runner.py:72} INFO - Started process 549 to run task
[2025-03-27T17:35:13.140+0000] {standard_task_runner.py:104} INFO - Running: ['***', 'tasks', 'run', 'get_inaturalist_data_atropelada', 'get_all_data', 'scheduled__2025-03-27T17:00:00+00:00', '--job-id', '196', '--raw', '--subdir', 'DAGS_FOLDER/inaturalist_dag.py', '--cfg-path', '/tmp/tmpf28rh96p']
[2025-03-27T17:35:13.165+0000] {standard_task_runner.py:105} INFO - Job 196: Subtask get_all_data
[2025-03-27T17:35:16.617+0000] {task_command.py:467} INFO - Running <TaskInstance: get_inaturalist_data_atropelada.get_all_data scheduled__2025-03-27T17:00:00+00:00 [running]> on host 804b404afff8
[2025-03-27T17:35:20.879+0000] {job.py:229} INFO - Heartbeat recovered after 14.36 seconds
[2025-03-27T17:35:22.178+0000] {taskinstance.py:3131} INFO - Exporting env vars: AIRFLOW_CTX_DAG_OWNER='***' AIRFLOW_CTX_DAG_ID='get_inaturalist_data_atropelada' AIRFLOW_CTX_TASK_ID='get_all_data' AIRFLOW_CTX_EXECUTION_DATE='2025-03-27T17:00:00+00:00' AIRFLOW_CTX_TRY_NUMBER='2' AIRFLOW_CTX_DAG_RUN_ID='scheduled__2025-03-27T17:00:00+00:00'
[2025-03-27T17:35:22.354+0000] {taskinstance.py:731} INFO - ::endgroup::
[2025-03-27T17:35:22.467+0000] {inaturalist_dag.py:396} INFO - Getting data from keyword: atropelada
[2025-03-27T17:35:23.034+0000] {inaturalist_dag.py:301} INFO - Maximum id 266353661 for the request
[2025-03-27T17:35:27.114+0000] {inaturalist_dag.py:318} INFO - Got 0 results
[2025-03-27T17:35:27.210+0000] {inaturalist_dag.py:403} INFO - No more observations found, stopping.
[2025-03-27T17:35:27.482+0000] {crypto.py:82} WARNING - empty cryptography key - values will not be stored encrypted.
[2025-03-27T17:35:27.687+0000] {python.py:240} INFO - Done. Returned value was: []
[2025-03-27T17:35:29.091+0000] {taskinstance.py:340} INFO - ::group::Post task execution logs
[2025-03-27T17:35:29.169+0000] {taskinstance.py:352} INFO - Marking task as SUCCESS. dag_id=get_inaturalist_data_atropelada, task_id=get_all_data, run_id=scheduled__2025-03-27T17:00:00+00:00, execution_date=20250327T170000, start_date=20250327T173511, end_date=20250327T173529
[2025-03-27T17:35:29.705+0000] {local_task_job_runner.py:266} INFO - Task exited with return code 0
[2025-03-27T17:35:30.419+0000] {taskinstance.py:3900} INFO - 1 downstream tasks scheduled from follow-on schedule check
[2025-03-27T17:35:30.604+0000] {local_task_job_runner.py:245} INFO - ::endgroup::
