[2025-03-25T20:06:17.609+0000] {local_task_job_runner.py:123} INFO - ::group::Pre task execution logs
[2025-03-25T20:06:17.616+0000] {taskinstance.py:2612} INFO - Dependencies all met for dep_context=non-requeueable deps ti=<TaskInstance: get_inaturalist_data_roadkill.get_all_data scheduled__2025-03-25T19:30:00+00:00 [queued]>
[2025-03-25T20:06:17.619+0000] {taskinstance.py:2612} INFO - Dependencies all met for dep_context=requeueable deps ti=<TaskInstance: get_inaturalist_data_roadkill.get_all_data scheduled__2025-03-25T19:30:00+00:00 [queued]>
[2025-03-25T20:06:17.619+0000] {taskinstance.py:2865} INFO - Starting attempt 3 of 4
[2025-03-25T20:06:17.624+0000] {taskinstance.py:2888} INFO - Executing <Task(_PythonDecoratedOperator): get_all_data> on 2025-03-25 19:30:00+00:00
[2025-03-25T20:06:17.630+0000] {warnings.py:112} WARNING - /home/***/.local/lib/python3.12/site-packages/***/task/task_runner/standard_task_runner.py:70: DeprecationWarning: This process (pid=89) is multi-threaded, use of fork() may lead to deadlocks in the child.
  pid = os.fork()

[2025-03-25T20:06:17.631+0000] {standard_task_runner.py:72} INFO - Started process 91 to run task
[2025-03-25T20:06:17.631+0000] {standard_task_runner.py:104} INFO - Running: ['***', 'tasks', 'run', 'get_inaturalist_data_roadkill', 'get_all_data', 'scheduled__2025-03-25T19:30:00+00:00', '--job-id', '72', '--raw', '--subdir', 'DAGS_FOLDER/inaturalist_dag.py', '--cfg-path', '/tmp/tmppx6f9vpq']
[2025-03-25T20:06:17.633+0000] {standard_task_runner.py:105} INFO - Job 72: Subtask get_all_data
[2025-03-25T20:06:17.659+0000] {task_command.py:467} INFO - Running <TaskInstance: get_inaturalist_data_roadkill.get_all_data scheduled__2025-03-25T19:30:00+00:00 [running]> on host 697c21392f4b
[2025-03-25T20:06:17.692+0000] {taskinstance.py:3131} INFO - Exporting env vars: AIRFLOW_CTX_DAG_OWNER='***' AIRFLOW_CTX_DAG_ID='get_inaturalist_data_roadkill' AIRFLOW_CTX_TASK_ID='get_all_data' AIRFLOW_CTX_EXECUTION_DATE='2025-03-25T19:30:00+00:00' AIRFLOW_CTX_TRY_NUMBER='3' AIRFLOW_CTX_DAG_RUN_ID='scheduled__2025-03-25T19:30:00+00:00'
[2025-03-25T20:06:17.693+0000] {taskinstance.py:731} INFO - ::endgroup::
[2025-03-25T20:06:17.695+0000] {inaturalist_dag.py:150} INFO - Getting data from keyword: roadkill
[2025-03-25T20:06:17.702+0000] {inaturalist_dag.py:41} INFO - Maximum id 21439887 for the request
[2025-03-25T20:06:26.735+0000] {inaturalist_dag.py:58} INFO - Got 200 results
[2025-03-25T20:06:26.859+0000] {inaturalist_dag.py:163} INFO - Extracted 200 observations
[2025-03-25T20:06:26.861+0000] {inaturalist_dag.py:41} INFO - Maximum id 21448292 for the request
[2025-03-25T20:06:37.367+0000] {inaturalist_dag.py:58} INFO - Got 200 results
[2025-03-25T20:06:37.379+0000] {inaturalist_dag.py:163} INFO - Extracted 400 observations
[2025-03-25T20:06:37.380+0000] {inaturalist_dag.py:41} INFO - Maximum id 21575526 for the request
[2025-03-25T20:06:46.946+0000] {inaturalist_dag.py:58} INFO - Got 200 results
[2025-03-25T20:06:47.084+0000] {inaturalist_dag.py:163} INFO - Extracted 600 observations
[2025-03-25T20:06:47.087+0000] {inaturalist_dag.py:41} INFO - Maximum id 21800619 for the request
[2025-03-25T20:06:58.277+0000] {inaturalist_dag.py:58} INFO - Got 200 results
[2025-03-25T20:06:58.302+0000] {inaturalist_dag.py:163} INFO - Extracted 795 observations
[2025-03-25T20:06:58.303+0000] {inaturalist_dag.py:41} INFO - Maximum id 24471089 for the request
[2025-03-25T20:07:07.970+0000] {inaturalist_dag.py:58} INFO - Got 200 results
[2025-03-25T20:07:07.983+0000] {inaturalist_dag.py:163} INFO - Extracted 993 observations
[2025-03-25T20:07:07.983+0000] {inaturalist_dag.py:41} INFO - Maximum id 26505152 for the request
[2025-03-25T20:07:17.258+0000] {inaturalist_dag.py:58} INFO - Got 200 results
[2025-03-25T20:07:17.277+0000] {inaturalist_dag.py:163} INFO - Extracted 1193 observations
[2025-03-25T20:07:17.278+0000] {inaturalist_dag.py:41} INFO - Maximum id 28642172 for the request
[2025-03-25T20:07:27.170+0000] {inaturalist_dag.py:58} INFO - Got 200 results
[2025-03-25T20:07:27.222+0000] {inaturalist_dag.py:163} INFO - Extracted 1393 observations
[2025-03-25T20:07:27.223+0000] {inaturalist_dag.py:41} INFO - Maximum id 31116302 for the request
[2025-03-25T20:07:36.446+0000] {inaturalist_dag.py:58} INFO - Got 200 results
[2025-03-25T20:07:36.462+0000] {inaturalist_dag.py:163} INFO - Extracted 1592 observations
[2025-03-25T20:07:36.462+0000] {inaturalist_dag.py:41} INFO - Maximum id 33238022 for the request
[2025-03-25T20:07:48.391+0000] {inaturalist_dag.py:58} INFO - Got 200 results
[2025-03-25T20:07:48.409+0000] {inaturalist_dag.py:163} INFO - Extracted 1788 observations
[2025-03-25T20:07:48.410+0000] {inaturalist_dag.py:41} INFO - Maximum id 34906438 for the request
[2025-03-25T20:08:00.188+0000] {inaturalist_dag.py:58} INFO - Got 200 results
[2025-03-25T20:08:00.211+0000] {inaturalist_dag.py:163} INFO - Extracted 1986 observations
[2025-03-25T20:08:00.211+0000] {inaturalist_dag.py:41} INFO - Maximum id 36324919 for the request
[2025-03-25T20:08:09.522+0000] {inaturalist_dag.py:58} INFO - Got 200 results
[2025-03-25T20:08:09.536+0000] {inaturalist_dag.py:163} INFO - Extracted 2184 observations
[2025-03-25T20:08:09.537+0000] {inaturalist_dag.py:41} INFO - Maximum id 36895558 for the request
[2025-03-25T20:08:16.962+0000] {inaturalist_dag.py:58} INFO - Got 200 results
[2025-03-25T20:08:16.973+0000] {inaturalist_dag.py:163} INFO - Extracted 2379 observations
[2025-03-25T20:08:16.973+0000] {inaturalist_dag.py:41} INFO - Maximum id 37436327 for the request
[2025-03-25T20:08:24.498+0000] {inaturalist_dag.py:58} INFO - Got 200 results
[2025-03-25T20:08:24.534+0000] {inaturalist_dag.py:163} INFO - Extracted 2579 observations
[2025-03-25T20:08:24.534+0000] {inaturalist_dag.py:41} INFO - Maximum id 37622256 for the request
[2025-03-25T20:08:32.127+0000] {inaturalist_dag.py:58} INFO - Got 200 results
[2025-03-25T20:08:32.141+0000] {inaturalist_dag.py:163} INFO - Extracted 2779 observations
[2025-03-25T20:08:32.142+0000] {inaturalist_dag.py:41} INFO - Maximum id 38237756 for the request
[2025-03-25T20:08:38.314+0000] {inaturalist_dag.py:58} INFO - Got 200 results
[2025-03-25T20:08:38.324+0000] {inaturalist_dag.py:163} INFO - Extracted 2979 observations
[2025-03-25T20:08:38.324+0000] {inaturalist_dag.py:41} INFO - Maximum id 38351978 for the request
[2025-03-25T20:08:44.169+0000] {inaturalist_dag.py:58} INFO - Got 200 results
[2025-03-25T20:08:44.197+0000] {inaturalist_dag.py:163} INFO - Extracted 3179 observations
[2025-03-25T20:08:44.198+0000] {inaturalist_dag.py:41} INFO - Maximum id 38366369 for the request
[2025-03-25T20:08:52.224+0000] {inaturalist_dag.py:58} INFO - Got 200 results
[2025-03-25T20:08:52.236+0000] {inaturalist_dag.py:163} INFO - Extracted 3379 observations
[2025-03-25T20:08:52.237+0000] {inaturalist_dag.py:41} INFO - Maximum id 38561796 for the request
[2025-03-25T20:08:56.150+0000] {inaturalist_dag.py:58} INFO - Got 200 results
[2025-03-25T20:08:56.159+0000] {inaturalist_dag.py:163} INFO - Extracted 3579 observations
[2025-03-25T20:08:56.159+0000] {inaturalist_dag.py:41} INFO - Maximum id 38580775 for the request
[2025-03-25T20:09:03.058+0000] {inaturalist_dag.py:58} INFO - Got 200 results
[2025-03-25T20:09:03.087+0000] {inaturalist_dag.py:163} INFO - Extracted 3779 observations
[2025-03-25T20:09:03.088+0000] {inaturalist_dag.py:41} INFO - Maximum id 38823067 for the request
[2025-03-25T20:09:08.394+0000] {inaturalist_dag.py:58} INFO - Got 200 results
[2025-03-25T20:09:08.408+0000] {inaturalist_dag.py:163} INFO - Extracted 3979 observations
[2025-03-25T20:09:08.409+0000] {inaturalist_dag.py:41} INFO - Maximum id 39816416 for the request
[2025-03-25T20:09:16.335+0000] {inaturalist_dag.py:58} INFO - Got 200 results
[2025-03-25T20:09:16.350+0000] {inaturalist_dag.py:163} INFO - Extracted 4179 observations
[2025-03-25T20:09:16.351+0000] {inaturalist_dag.py:41} INFO - Maximum id 40387953 for the request
[2025-03-25T20:09:25.303+0000] {inaturalist_dag.py:58} INFO - Got 200 results
[2025-03-25T20:09:25.320+0000] {inaturalist_dag.py:163} INFO - Extracted 4379 observations
[2025-03-25T20:09:25.320+0000] {inaturalist_dag.py:41} INFO - Maximum id 41655977 for the request
[2025-03-25T20:09:35.811+0000] {inaturalist_dag.py:58} INFO - Got 200 results
[2025-03-25T20:09:35.831+0000] {inaturalist_dag.py:163} INFO - Extracted 4579 observations
[2025-03-25T20:09:35.831+0000] {inaturalist_dag.py:41} INFO - Maximum id 42048846 for the request
[2025-03-25T20:09:45.904+0000] {inaturalist_dag.py:58} INFO - Got 200 results
[2025-03-25T20:09:45.918+0000] {inaturalist_dag.py:163} INFO - Extracted 4779 observations
[2025-03-25T20:09:45.919+0000] {inaturalist_dag.py:41} INFO - Maximum id 45848133 for the request
[2025-03-25T20:09:56.107+0000] {inaturalist_dag.py:58} INFO - Got 200 results
[2025-03-25T20:09:56.148+0000] {inaturalist_dag.py:163} INFO - Extracted 4979 observations
[2025-03-25T20:09:56.149+0000] {inaturalist_dag.py:41} INFO - Maximum id 49969925 for the request
[2025-03-25T20:10:09.947+0000] {inaturalist_dag.py:58} INFO - Got 200 results
[2025-03-25T20:10:10.181+0000] {inaturalist_dag.py:163} INFO - Extracted 5179 observations
[2025-03-25T20:10:10.187+0000] {inaturalist_dag.py:170} INFO - Max number of results per file reached, updating maximum_id variable to 54090476
