[2025-03-27T18:07:26.419+0000] {local_task_job_runner.py:123} INFO - ::group::Pre task execution logs
[2025-03-27T18:07:27.766+0000] {taskinstance.py:2612} INFO - Dependencies all met for dep_context=non-requeueable deps ti=<TaskInstance: get_inaturalist_data_roadkill.process_data scheduled__2025-03-27T17:30:00+00:00 [queued]>
[2025-03-27T18:07:28.050+0000] {taskinstance.py:2612} INFO - Dependencies all met for dep_context=requeueable deps ti=<TaskInstance: get_inaturalist_data_roadkill.process_data scheduled__2025-03-27T17:30:00+00:00 [queued]>
[2025-03-27T18:07:28.053+0000] {taskinstance.py:2865} INFO - Starting attempt 1 of 4
[2025-03-27T18:07:28.457+0000] {taskinstance.py:2888} INFO - Executing <Task(_PythonDecoratedOperator): process_data> on 2025-03-27 17:30:00+00:00
[2025-03-27T18:07:29.175+0000] {warnings.py:112} WARNING - /home/***/.local/lib/python3.12/site-packages/***/task/task_runner/standard_task_runner.py:70: DeprecationWarning: This process (pid=866) is multi-threaded, use of fork() may lead to deadlocks in the child.
  pid = os.fork()

[2025-03-27T18:07:29.179+0000] {standard_task_runner.py:104} INFO - Running: ['***', 'tasks', 'run', 'get_inaturalist_data_roadkill', 'process_data', 'scheduled__2025-03-27T17:30:00+00:00', '--job-id', '209', '--raw', '--subdir', 'DAGS_FOLDER/inaturalist_dag.py', '--cfg-path', '/tmp/tmpri4g_32v']
[2025-03-27T18:07:29.251+0000] {standard_task_runner.py:72} INFO - Started process 888 to run task
[2025-03-27T18:07:29.261+0000] {standard_task_runner.py:105} INFO - Job 209: Subtask process_data
[2025-03-27T18:07:32.645+0000] {task_command.py:467} INFO - Running <TaskInstance: get_inaturalist_data_roadkill.process_data scheduled__2025-03-27T17:30:00+00:00 [running]> on host 804b404afff8
[2025-03-27T18:07:34.964+0000] {taskinstance.py:3131} INFO - Exporting env vars: AIRFLOW_CTX_DAG_OWNER='***' AIRFLOW_CTX_DAG_ID='get_inaturalist_data_roadkill' AIRFLOW_CTX_TASK_ID='process_data' AIRFLOW_CTX_EXECUTION_DATE='2025-03-27T17:30:00+00:00' AIRFLOW_CTX_TRY_NUMBER='1' AIRFLOW_CTX_DAG_RUN_ID='scheduled__2025-03-27T17:30:00+00:00'
[2025-03-27T18:07:35.081+0000] {taskinstance.py:731} INFO - ::endgroup::
[2025-03-27T18:07:35.502+0000] {taskinstance.py:301} INFO - No observations to process, skipping tasks
[2025-03-27T18:07:35.906+0000] {job.py:229} INFO - Heartbeat recovered after 11.82 seconds
[2025-03-27T18:07:36.895+0000] {taskinstance.py:340} INFO - ::group::Post task execution logs
[2025-03-27T18:07:36.968+0000] {taskinstance.py:352} INFO - Marking task as SKIPPED. dag_id=get_inaturalist_data_roadkill, task_id=process_data, run_id=scheduled__2025-03-27T17:30:00+00:00, execution_date=20250327T173000, start_date=20250327T180727, end_date=20250327T180736
[2025-03-27T18:07:38.170+0000] {local_task_job_runner.py:266} INFO - Task exited with return code 0
[2025-03-27T18:07:39.645+0000] {standard_task_runner.py:217} INFO - Process not found (most likely exited), stop collecting metrics
[2025-03-27T18:07:39.774+0000] {taskinstance.py:3900} INFO - 0 downstream tasks scheduled from follow-on schedule check
[2025-03-27T18:07:39.880+0000] {local_task_job_runner.py:245} INFO - ::endgroup::
