[2025-03-27T14:44:12.274+0000] {local_task_job_runner.py:123} INFO - ::group::Pre task execution logs
[2025-03-27T14:44:12.281+0000] {taskinstance.py:2612} INFO - Dependencies all met for dep_context=non-requeueable deps ti=<TaskInstance: get_inaturalist_data_atropelamento.get_all_data manual__2025-03-27T14:44:11.062586+00:00 [queued]>
[2025-03-27T14:44:12.285+0000] {taskinstance.py:2612} INFO - Dependencies all met for dep_context=requeueable deps ti=<TaskInstance: get_inaturalist_data_atropelamento.get_all_data manual__2025-03-27T14:44:11.062586+00:00 [queued]>
[2025-03-27T14:44:12.285+0000] {taskinstance.py:2865} INFO - Starting attempt 1 of 4
[2025-03-27T14:44:12.291+0000] {taskinstance.py:2888} INFO - Executing <Task(_PythonDecoratedOperator): get_all_data> on 2025-03-27 14:44:11.062586+00:00
[2025-03-27T14:44:12.296+0000] {warnings.py:112} WARNING - /home/***/.local/lib/python3.12/site-packages/***/task/task_runner/standard_task_runner.py:70: DeprecationWarning: This process (pid=117) is multi-threaded, use of fork() may lead to deadlocks in the child.
  pid = os.fork()

[2025-03-27T14:44:12.297+0000] {standard_task_runner.py:72} INFO - Started process 119 to run task
[2025-03-27T14:44:12.297+0000] {standard_task_runner.py:104} INFO - Running: ['***', 'tasks', 'run', 'get_inaturalist_data_atropelamento', 'get_all_data', 'manual__2025-03-27T14:44:11.062586+00:00', '--job-id', '46', '--raw', '--subdir', 'DAGS_FOLDER/inaturalist_dag.py', '--cfg-path', '/tmp/tmpdprxdnmq']
[2025-03-27T14:44:12.298+0000] {standard_task_runner.py:105} INFO - Job 46: Subtask get_all_data
[2025-03-27T14:44:12.324+0000] {task_command.py:467} INFO - Running <TaskInstance: get_inaturalist_data_atropelamento.get_all_data manual__2025-03-27T14:44:11.062586+00:00 [running]> on host f05f38f172ca
[2025-03-27T14:44:12.354+0000] {taskinstance.py:3131} INFO - Exporting env vars: AIRFLOW_CTX_DAG_OWNER='***' AIRFLOW_CTX_DAG_ID='get_inaturalist_data_atropelamento' AIRFLOW_CTX_TASK_ID='get_all_data' AIRFLOW_CTX_EXECUTION_DATE='2025-03-27T14:44:11.062586+00:00' AIRFLOW_CTX_TRY_NUMBER='1' AIRFLOW_CTX_DAG_RUN_ID='manual__2025-03-27T14:44:11.062586+00:00'
[2025-03-27T14:44:12.355+0000] {taskinstance.py:731} INFO - ::endgroup::
[2025-03-27T14:44:12.357+0000] {inaturalist_dag.py:150} INFO - Getting data from keyword: atropelamento
[2025-03-27T14:44:12.362+0000] {inaturalist_dag.py:41} INFO - Maximum id 264497584 for the request
[2025-03-27T14:44:13.180+0000] {inaturalist_dag.py:58} INFO - Got 0 results
[2025-03-27T14:44:13.182+0000] {inaturalist_dag.py:158} INFO - No more observations found, stopping.
[2025-03-27T14:44:13.195+0000] {crypto.py:82} WARNING - empty cryptography key - values will not be stored encrypted.
[2025-03-27T14:44:13.199+0000] {python.py:240} INFO - Done. Returned value was: []
[2025-03-27T14:44:13.221+0000] {taskinstance.py:340} INFO - ::group::Post task execution logs
[2025-03-27T14:44:13.221+0000] {taskinstance.py:352} INFO - Marking task as SUCCESS. dag_id=get_inaturalist_data_atropelamento, task_id=get_all_data, run_id=manual__2025-03-27T14:44:11.062586+00:00, execution_date=20250327T144411, start_date=20250327T144412, end_date=20250327T144413
[2025-03-27T14:44:13.263+0000] {local_task_job_runner.py:266} INFO - Task exited with return code 0
[2025-03-27T14:44:13.278+0000] {taskinstance.py:3900} INFO - 1 downstream tasks scheduled from follow-on schedule check
[2025-03-27T14:44:13.279+0000] {local_task_job_runner.py:245} INFO - ::endgroup::
