[2025-03-26T03:34:01.297+0000] {local_task_job_runner.py:123} INFO - ::group::Pre task execution logs
[2025-03-26T03:34:01.385+0000] {taskinstance.py:2612} INFO - Dependencies all met for dep_context=non-requeueable deps ti=<TaskInstance: get_inaturalist_data_roadkill.get_all_data scheduled__2025-03-26T03:00:00+00:00 [queued]>
[2025-03-26T03:34:01.427+0000] {taskinstance.py:2612} INFO - Dependencies all met for dep_context=requeueable deps ti=<TaskInstance: get_inaturalist_data_roadkill.get_all_data scheduled__2025-03-26T03:00:00+00:00 [queued]>
[2025-03-26T03:34:01.428+0000] {taskinstance.py:2865} INFO - Starting attempt 1 of 4
[2025-03-26T03:34:01.491+0000] {taskinstance.py:2888} INFO - Executing <Task(_PythonDecoratedOperator): get_all_data> on 2025-03-26 03:00:00+00:00
[2025-03-26T03:34:01.528+0000] {warnings.py:112} WARNING - /home/***/.local/lib/python3.12/site-packages/***/task/task_runner/standard_task_runner.py:70: DeprecationWarning: This process (pid=65) is multi-threaded, use of fork() may lead to deadlocks in the child.
  pid = os.fork()

[2025-03-26T03:34:01.527+0000] {standard_task_runner.py:104} INFO - Running: ['***', 'tasks', 'run', 'get_inaturalist_data_roadkill', 'get_all_data', 'scheduled__2025-03-26T03:00:00+00:00', '--job-id', '203', '--raw', '--subdir', 'DAGS_FOLDER/inaturalist_dag.py', '--cfg-path', '/tmp/tmpmtbu8sb_']
[2025-03-26T03:34:01.536+0000] {standard_task_runner.py:105} INFO - Job 203: Subtask get_all_data
[2025-03-26T03:34:01.533+0000] {standard_task_runner.py:72} INFO - Started process 83 to run task
[2025-03-26T03:34:01.737+0000] {task_command.py:467} INFO - Running <TaskInstance: get_inaturalist_data_roadkill.get_all_data scheduled__2025-03-26T03:00:00+00:00 [running]> on host b3fc939aa2c6
[2025-03-26T03:34:04.582+0000] {taskinstance.py:3131} INFO - Exporting env vars: AIRFLOW_CTX_DAG_OWNER='***' AIRFLOW_CTX_DAG_ID='get_inaturalist_data_roadkill' AIRFLOW_CTX_TASK_ID='get_all_data' AIRFLOW_CTX_EXECUTION_DATE='2025-03-26T03:00:00+00:00' AIRFLOW_CTX_TRY_NUMBER='1' AIRFLOW_CTX_DAG_RUN_ID='scheduled__2025-03-26T03:00:00+00:00'
[2025-03-26T03:34:04.673+0000] {taskinstance.py:731} INFO - ::endgroup::
[2025-03-26T03:34:04.726+0000] {inaturalist_dag.py:150} INFO - Getting data from keyword: roadkill
[2025-03-26T03:34:04.869+0000] {inaturalist_dag.py:41} INFO - Maximum id 266986653 for the request
[2025-03-26T03:34:06.258+0000] {inaturalist_dag.py:58} INFO - Got 3 results
[2025-03-26T03:34:06.278+0000] {inaturalist_dag.py:163} INFO - Extracted 3 observations
[2025-03-26T03:34:06.281+0000] {inaturalist_dag.py:41} INFO - Maximum id 266995160 for the request
[2025-03-26T03:34:07.221+0000] {inaturalist_dag.py:58} INFO - Got 0 results
[2025-03-26T03:34:07.245+0000] {inaturalist_dag.py:158} INFO - No more observations found, stopping.
[2025-03-26T03:34:07.330+0000] {crypto.py:82} WARNING - empty cryptography key - values will not be stored encrypted.
[2025-03-26T03:34:07.345+0000] {python.py:240} INFO - Done. Returned value was: [{'observation_id': 266993344, 'uuid': '5c9f8515-b3dc-43e3-a75f-38a4ff82f94d', 'species_guess': 'Crested Caracara', 'observed_on_string': '2025/03/16 5:17 PM', 'updated_at': '2025-03-25T22:11:20-04:00', 'description': 'It was eating a roadkilled Green Iguana, but flew off when I stopped for photos.', 'geojson_latitude': 26.2925640051, 'geojson_longitude': -81.3426098509, 'observed_on': '2025-03-16', 'created_at': '2025-03-25T22:10:38-04:00', 'observations_photos': [{'id': 479755116, 'url': 'https://inaturalist-open-data.s3.amazonaws.com/photos/479755116/square.jpeg'}, {'id': 479755129, 'url': 'https://inaturalist-open-data.s3.amazonaws.com/photos/479755129/square.jpeg'}], 'taxon_id': 4715, 'taxon_name': 'Caracara plancus', 'place_guess': 'Collier County, FL, USA', 'quality_grade': 'research', 'positional_accuracy': 80, 'default_photo': {'url': 'https://inaturalist-open-data.s3.amazonaws.com/photos/344678876/square.jpeg', 'original_dimensions': {'height': 1365, 'width': 2048}}, 'project_ids': []}, {'observation_id': 266993403, 'uuid': 'd1505414-c281-4c15-98cc-4cf62dad3123', 'species_guess': 'Gray Fox', 'observed_on_string': '2024-11-08 08:38:40', 'updated_at': '2025-03-25T20:11:38-06:00', 'description': 'Roadkill :(', 'geojson_latitude': 17.30060575, 'geojson_longitude': -88.4776000833, 'observed_on': '2024-11-08', 'created_at': '2025-03-25T20:11:27-06:00', 'observations_photos': [{'id': 479755703, 'url': 'https://static.inaturalist.org/photos/479755703/square.jpeg'}], 'taxon_id': 42076, 'taxon_name': 'Urocyon cinereoargenteus', 'place_guess': 'Belize District, Belize', 'quality_grade': 'needs_id', 'positional_accuracy': None, 'default_photo': {'url': 'https://inaturalist-open-data.s3.amazonaws.com/photos/452250669/square.jpg', 'original_dimensions': {'height': 1440, 'width': 2048}}, 'project_ids': [235578]}, {'observation_id': 266995160, 'uuid': 'd8bff9d6-135b-4466-93c8-54ef70d01667', 'species_guess': 'Muscovy Duck', 'observed_on_string': '2024-10-08 10:15:32', 'updated_at': '2025-03-25T20:27:08-06:00', 'description': "Roadkill. I'm guessing muscovy???", 'geojson_latitude': 17.3046869961, 'geojson_longitude': -88.4805171937, 'observed_on': '2024-10-08', 'created_at': '2025-03-25T20:27:01-06:00', 'observations_photos': [{'id': 479759102, 'url': 'https://static.inaturalist.org/photos/479759102/square.jpeg'}], 'taxon_id': 7120, 'taxon_name': 'Cairina moschata', 'place_guess': 'Belize District, Belize', 'quality_grade': 'needs_id', 'positional_accuracy': 88, 'default_photo': {'url': 'https://inaturalist-open-data.s3.amazonaws.com/photos/54389963/square.jpg', 'original_dimensions': {'height': 1365, 'width': 2048}}, 'project_ids': []}]
[2025-03-26T03:34:07.461+0000] {taskinstance.py:340} INFO - ::group::Post task execution logs
[2025-03-26T03:34:07.464+0000] {taskinstance.py:352} INFO - Marking task as SUCCESS. dag_id=get_inaturalist_data_roadkill, task_id=get_all_data, run_id=scheduled__2025-03-26T03:00:00+00:00, execution_date=20250326T030000, start_date=20250326T033401, end_date=20250326T033407
[2025-03-26T03:34:07.546+0000] {local_task_job_runner.py:266} INFO - Task exited with return code 0
[2025-03-26T03:34:07.721+0000] {taskinstance.py:3900} INFO - 1 downstream tasks scheduled from follow-on schedule check
[2025-03-26T03:34:07.738+0000] {local_task_job_runner.py:245} INFO - ::endgroup::
